<?xml version="1.0" encoding="UTF-8"?>
<!-- Generated by org.testng.reporters.JUnitXMLReporter -->
<testsuite ignored="0" hostname="DESKTOP-LBTBNFA" failures="0" tests="4" name="Regression Test+ - Doctor Prespective" time="0.694" errors="0" timestamp="2022-05-09T16:56:09 IST">
  <testcase classname="com.frontierX.TestScripts.FxDoctorsWorkFlows" name="@BeforeMethod Initialize" time="0.683">
    <failure type="org.openqa.selenium.SessionNotCreatedException" message="session not created: This version of ChromeDriver only supports Chrome version 97
Current browser version is 101.0.4951.54 with binary path C:\Program Files (x86)\Google\Chrome\Application\chrome.exe
Build info: version: &amp;apos;3.141.59&amp;apos;, revision: &amp;apos;e82be7d358&amp;apos;, time: &amp;apos;2018-11-14T08:25:53&amp;apos;
System info: host: &amp;apos;DESKTOP-LBTBNFA&amp;apos;, ip: &amp;apos;192.168.0.244&amp;apos;, os.name: &amp;apos;Windows 10&amp;apos;, os.arch: &amp;apos;amd64&amp;apos;, os.version: &amp;apos;10.0&amp;apos;, java.version: &amp;apos;17.0.1&amp;apos;
Driver info: driver.version: ChromeDriver
remote stacktrace: Backtrace:
	Ordinal0 [0x011AFDC3+2555331]
	Ordinal0 [0x011477F1+2127857]
	Ordinal0 [0x01042E08+1060360]
	Ordinal0 [0x010619CA+1186250]
	Ordinal0 [0x0105D825+1169445]
	Ordinal0 [0x0105AFC1+1159105]
	Ordinal0 [0x0108C22F+1360431]
	Ordinal0 [0x0108BE9A+1359514]
	Ordinal0 [0x01087976+1341814]
	Ordinal0 [0x010636B6+1193654]
	Ordinal0 [0x01064546+1197382]
	GetHandleVerifier [0x01349622+1619522]
	GetHandleVerifier [0x013F882C+2336844]
	GetHandleVerifier [0x012423E1+541697]
	GetHandleVerifier [0x01241443+537699]
	Ordinal0 [0x0114D18E+2150798]
	Ordinal0 [0x01151518+2168088]
	Ordinal0 [0x01151660+2168416]
	Ordinal0 [0x0115B330+2208560]
	BaseThreadInitThunk [0x76336739+25]
	RtlGetFullPathName_UEx [0x77998E7F+1215]
	RtlGetFullPathName_UEx [0x77998E4D+1165]
">
      <![CDATA[org.openqa.selenium.SessionNotCreatedException: session not created: This version of ChromeDriver only supports Chrome version 97
Current browser version is 101.0.4951.54 with binary path C:\Program Files (x86)\Google\Chrome\Application\chrome.exe
Build info: version: '3.141.59', revision: 'e82be7d358', time: '2018-11-14T08:25:53'
System info: host: 'DESKTOP-LBTBNFA', ip: '192.168.0.244', os.name: 'Windows 10', os.arch: 'amd64', os.version: '10.0', java.version: '17.0.1'
Driver info: driver.version: ChromeDriver
remote stacktrace: Backtrace:
Ordinal0 [0x011AFDC3+2555331]
Ordinal0 [0x011477F1+2127857]
Ordinal0 [0x01042E08+1060360]
Ordinal0 [0x010619CA+1186250]
Ordinal0 [0x0105D825+1169445]
Ordinal0 [0x0105AFC1+1159105]
Ordinal0 [0x0108C22F+1360431]
Ordinal0 [0x0108BE9A+1359514]
Ordinal0 [0x01087976+1341814]
Ordinal0 [0x010636B6+1193654]
Ordinal0 [0x01064546+1197382]
GetHandleVerifier [0x01349622+1619522]
GetHandleVerifier [0x013F882C+2336844]
GetHandleVerifier [0x012423E1+541697]
GetHandleVerifier [0x01241443+537699]
Ordinal0 [0x0114D18E+2150798]
Ordinal0 [0x01151518+2168088]
Ordinal0 [0x01151660+2168416]
Ordinal0 [0x0115B330+2208560]
BaseThreadInitThunk [0x76336739+25]
RtlGetFullPathName_UEx [0x77998E7F+1215]
RtlGetFullPathName_UEx [0x77998E4D+1165]

at org.openqa.selenium.remote.W3CHandshakeResponse.lambda$errorHandler$0(W3CHandshakeResponse.java:62)
at org.openqa.selenium.remote.HandshakeResponse.lambda$getResponseFunction$0(HandshakeResponse.java:30)
at org.openqa.selenium.remote.ProtocolHandshake.lambda$createSession$0(ProtocolHandshake.java:126)
at java.base/java.util.stream.ReferencePipeline$3$1.accept(ReferencePipeline.java:197)
at java.base/java.util.Spliterators$ArraySpliterator.tryAdvance(Spliterators.java:1002)
at java.base/java.util.stream.ReferencePipeline.forEachWithCancel(ReferencePipeline.java:129)
at java.base/java.util.stream.AbstractPipeline.copyIntoWithCancel(AbstractPipeline.java:527)
at java.base/java.util.stream.AbstractPipeline.copyInto(AbstractPipeline.java:513)
at java.base/java.util.stream.AbstractPipeline.wrapAndCopyInto(AbstractPipeline.java:499)
at java.base/java.util.stream.FindOps$FindOp.evaluateSequential(FindOps.java:150)
at java.base/java.util.stream.AbstractPipeline.evaluate(AbstractPipeline.java:234)
at java.base/java.util.stream.ReferencePipeline.findFirst(ReferencePipeline.java:647)
at org.openqa.selenium.remote.ProtocolHandshake.createSession(ProtocolHandshake.java:128)
at org.openqa.selenium.remote.ProtocolHandshake.createSession(ProtocolHandshake.java:74)
at org.openqa.selenium.remote.HttpCommandExecutor.execute(HttpCommandExecutor.java:136)
at org.openqa.selenium.remote.service.DriverCommandExecutor.execute(DriverCommandExecutor.java:83)
at org.openqa.selenium.remote.RemoteWebDriver.execute(RemoteWebDriver.java:552)
at org.openqa.selenium.remote.RemoteWebDriver.startSession(RemoteWebDriver.java:213)
at org.openqa.selenium.remote.RemoteWebDriver.<init>(RemoteWebDriver.java:131)
at org.openqa.selenium.chrome.ChromeDriver.<init>(ChromeDriver.java:181)
at org.openqa.selenium.chrome.ChromeDriver.<init>(ChromeDriver.java:168)
at org.openqa.selenium.chrome.ChromeDriver.<init>(ChromeDriver.java:123)
at com.frontierX.BaseSettings.FxSettings.DecideEnvironment(FxSettings.java:71)
at com.frontierX.TestScripts.FxDoctorsWorkFlows.Initialize(FxDoctorsWorkFlows.java:29)
at java.base/java.util.ArrayList.forEach(ArrayList.java:1511)
... Removed 36 stack frames]]>
    </failure>
  </testcase> <!-- @BeforeMethod Initialize -->
  <testcase classname="com.frontierX.TestScripts.FxDoctorsWorkFlows" name="@AfterMethod CloseDriverSession" time="-1.652095569874E9">
    <skipped/>
  </testcase> <!-- @AfterMethod CloseDriverSession -->
  <testcase classname="com.frontierX.TestScripts.FxDoctorsWorkFlows" name="@BeforeMethod Initialize" time="-1.652095569875E9">
    <skipped/>
  </testcase> <!-- @BeforeMethod Initialize -->
  <testcase classname="com.frontierX.TestScripts.FxDoctorsWorkFlows" name="@AfterMethod CloseDriverSession" time="-1.652095569877E9">
    <skipped/>
  </testcase> <!-- @AfterMethod CloseDriverSession -->
  <testcase classname="com.frontierX.TestScripts.FxDoctorsWorkFlows" name="@BeforeMethod Initialize" time="-1.652095569877E9">
    <skipped/>
  </testcase> <!-- @BeforeMethod Initialize -->
  <testcase classname="com.frontierX.TestScripts.FxDoctorsWorkFlows" name="@AfterMethod CloseDriverSession" time="-1.652095569878E9">
    <skipped/>
  </testcase> <!-- @AfterMethod CloseDriverSession -->
  <testcase classname="com.frontierX.TestScripts.FxDoctorsWorkFlows" name="@BeforeMethod Initialize" time="-1.652095569879E9">
    <skipped/>
  </testcase> <!-- @BeforeMethod Initialize -->
  <testcase classname="com.frontierX.TestScripts.FxDoctorsWorkFlows" name="@AfterMethod CloseDriverSession" time="-1.65209556988E9">
    <skipped/>
  </testcase> <!-- @AfterMethod CloseDriverSession -->
  <testcase classname="com.frontierX.TestScripts.FxDoctorsWorkFlows" name="VerifyDoctorsCanLoginToFxWebApp" time="0.0">
    <skipped/>
  </testcase> <!-- VerifyDoctorsCanLoginToFxWebApp -->
  <testcase classname="com.frontierX.TestScripts.FxDoctorsWorkFlows" name="VerifyDoctrsCanSearchPatients" time="0.0">
    <skipped/>
  </testcase> <!-- VerifyDoctrsCanSearchPatients -->
  <testcase classname="com.frontierX.TestScripts.FxDoctorsWorkFlows" name="VerifyLoggedInUser_PremiumUser" time="0.0">
    <skipped/>
  </testcase> <!-- VerifyLoggedInUser_PremiumUser -->
  <testcase classname="com.frontierX.TestScripts.FxDoctorsWorkFlows" name="VerifyUserNameDisplayedOnDashboard_Doctors" time="0.0">
    <skipped/>
  </testcase> <!-- VerifyUserNameDisplayedOnDashboard_Doctors -->
</testsuite> <!-- Regression Test+ - Doctor Prespective -->
