<?xml version="1.0" encoding="UTF-8"?>
<!-- Generated by org.testng.reporters.JUnitXMLReporter -->
<testsuite ignored="0" hostname="DESKTOP-LBTBNFA" failures="4" tests="12" name="Smoke Tests - Admin Prespective" time="62.25" errors="0" timestamp="2022-01-05T12:20:33 IST">
  <testcase classname="com.frontierX.TestScripts.DownloadZIP" name="downloadZIP" time="17.612"/>
  <testcase classname="com.frontierX.TestScripts.DownloadCSV" name="downloadCSV" time="21.602"/>
  <testcase classname="com.frontierX.TestScripts.VerifyEditActivity" name="VerifyEditedActivity" time="31.567"/>
  <testcase classname="com.frontierX.TestScripts.VerifyGenerateECGPDF" name="VerifyECGPDFIsGenerated" time="20.666">
    <failure type="java.lang.AssertionError" message="ECG Generated Pop Up is not displayed expected [true] but found [false]">
      <![CDATA[java.lang.AssertionError: ECG Generated Pop Up is not displayed expected [true] but found [false]
at com.frontierX.PageObjectRepo.HomePage.VerifyECGPDFGeneratedPopUpDisplayed(HomePage.java:270)
at com.frontierX.TestScripts.VerifyGenerateECGPDF.VerifyECGPDFIsGenerated(VerifyGenerateECGPDF.java:88)
at java.base/java.util.concurrent.ThreadPoolExecutor.runWorker(ThreadPoolExecutor.java:1136)
at java.base/java.util.concurrent.ThreadPoolExecutor$Worker.run(ThreadPoolExecutor.java:635)
at java.base/java.lang.Thread.run(Thread.java:833)
... Removed 15 stack frames]]>
    </failure>
  </testcase> <!-- VerifyECGPDFIsGenerated -->
  <testcase classname="com.frontierX.TestScripts.DownloadFIT" name="downloadFIT" time="41.27">
    <failure type="java.lang.AssertionError" message="FIT File option is unavailable to download for admin user">
      <![CDATA[java.lang.AssertionError: FIT File option is unavailable to download for admin user
at com.frontierX.TestScripts.DownloadFIT.downloadFIT(DownloadFIT.java:85)
at java.base/java.util.concurrent.ThreadPoolExecutor.runWorker(ThreadPoolExecutor.java:1136)
at java.base/java.util.concurrent.ThreadPoolExecutor$Worker.run(ThreadPoolExecutor.java:635)
at java.base/java.lang.Thread.run(Thread.java:833)
... Removed 13 stack frames]]>
    </failure>
  </testcase> <!-- downloadFIT -->
  <testcase classname="com.frontierX.TestScripts.DeleteActivity" name="deleteActivity" time="43.568"/>
  <testcase classname="com.frontierX.TestScripts.LiveECGs" name="liveECG" time="24.237">
    <failure type="java.lang.AssertionError" message="Live ECGs is not authorised for admin user">
      <![CDATA[java.lang.AssertionError: Live ECGs is not authorised for admin user
at com.frontierX.TestScripts.LiveECGs.liveECG(LiveECGs.java:85)
at java.base/java.util.concurrent.ThreadPoolExecutor.runWorker(ThreadPoolExecutor.java:1136)
at java.base/java.util.concurrent.ThreadPoolExecutor$Worker.run(ThreadPoolExecutor.java:635)
at java.base/java.lang.Thread.run(Thread.java:833)
... Removed 13 stack frames]]>
    </failure>
  </testcase> <!-- liveECG -->
  <testcase classname="com.frontierX.TestScripts.TrainingLoad" name="VerifyTrainingLoad" time="7.791">
    <failure type="java.lang.AssertionError" message="did not expect [0] but found [0]">
      <![CDATA[java.lang.AssertionError: did not expect [0] but found [0]
at com.frontierX.TestScripts.TrainingLoad.VerifyTrainingLoad(TrainingLoad.java:84)
at java.base/java.util.concurrent.ThreadPoolExecutor.runWorker(ThreadPoolExecutor.java:1136)
at java.base/java.util.concurrent.ThreadPoolExecutor$Worker.run(ThreadPoolExecutor.java:635)
at java.base/java.lang.Thread.run(Thread.java:833)
... Removed 17 stack frames]]>
    </failure>
  </testcase> <!-- VerifyTrainingLoad -->
  <testcase classname="com.frontierX.TestScripts.LiveUserDashboard" name="liveUserDashboard" time="19.539"/>
  <testcase classname="com.frontierX.TestScripts.UserType" name="testHomePageActions" time="15.434"/>
  <testcase classname="com.frontierX.TestScripts.TestHomePageActions" name="testHomePageActions" time="22.283"/>
  <testcase classname="com.frontierX.TestScripts.ValidInvalidLoginCreds" name="loginCredentials" time="16.401"/>
</testsuite> <!-- Smoke Tests - Admin Prespective -->
