<html>
<head>
<title>TestNG:  Smoke Tests - Admin Prespective</title>
<link href="../testng.css" rel="stylesheet" type="text/css" />
<link href="../my-testng.css" rel="stylesheet" type="text/css" />

<style type="text/css">
.log { display: none;} 
.stack-trace { display: none;} 
</style>
<script type="text/javascript">
<!--
function flip(e) {
  current = e.style.display;
  if (current == 'block') {
    e.style.display = 'none';
    return 0;
  }
  else {
    e.style.display = 'block';
    return 1;
  }
}

function toggleBox(szDivId, elem, msg1, msg2)
{
  var res = -1;  if (document.getElementById) {
    res = flip(document.getElementById(szDivId));
  }
  else if (document.all) {
    // this is the way old msie versions work
    res = flip(document.all[szDivId]);
  }
  if(elem) {
    if(res == 0) elem.innerHTML = msg1; else elem.innerHTML = msg2;
  }

}

function toggleAllBoxes() {
  if (document.getElementsByTagName) {
    d = document.getElementsByTagName('div');
    for (i = 0; i < d.length; i++) {
      if (d[i].className == 'log') {
        flip(d[i]);
      }
    }
  }
}

// -->
</script>

</head>
<body>
<h2 align='center'>Smoke Tests - Admin Prespective</h2><table border='1' align="center">
<tr>
<td>Tests passed/Failed/Skipped:</td><td>8/4/0</td>
</tr><tr>
<td>Started on:</td><td>Wed Jan 05 12:19:30 IST 2022</td>
</tr>
<tr><td>Total time:</td><td>62 seconds (62250 ms)</td>
</tr><tr>
<td>Included groups:</td><td></td>
</tr><tr>
<td>Excluded groups:</td><td></td>
</tr>
</table><p/>
<small><i>(Hover the method name to see the test class name)</i></small><p/>
<table width='100%' border='1' class='invocation-failed'>
<tr><td colspan='4' align='center'><b>FAILED TESTS</b></td></tr>
<tr><td><b>Test method</b></td>
<td width="30%"><b>Exception</b></td>
<td width="10%"><b>Time (seconds)</b></td>
<td><b>Instance</b></td>
</tr>
<tr>
<td title='com.frontierX.TestScripts.LiveECGs.liveECG()'><b>liveECG</b><br>Test class: com.frontierX.TestScripts.LiveECGs (liveECG)<br>Test method: Purpose of this test is to Verify that Admin can access LIVE ECG page<br>Parameters: staging, admin</td>
<td><div><pre>java.lang.AssertionError: Live ECGs is not authorised for admin user
	at com.frontierX.TestScripts.LiveECGs.liveECG(LiveECGs.java:85)
	at java.base/java.util.concurrent.ThreadPoolExecutor.runWorker(ThreadPoolExecutor.java:1136)
	at java.base/java.util.concurrent.ThreadPoolExecutor$Worker.run(ThreadPoolExecutor.java:635)
	at java.base/java.lang.Thread.run(Thread.java:833)
... Removed 13 stack frames</pre></div><a href='#' onClick='toggleBox("stack-trace98176347", this, "Click to show all stack frames", "Click to hide stack frames")'>Click to show all stack frames</a>
<div class='stack-trace' id='stack-trace98176347'><pre>java.lang.AssertionError: Live ECGs is not authorised for admin user
	at org.testng.Assert.fail(Assert.java:99)
	at com.frontierX.TestScripts.LiveECGs.liveECG(LiveECGs.java:85)
	at java.base/jdk.internal.reflect.NativeMethodAccessorImpl.invoke0(Native Method)
	at java.base/jdk.internal.reflect.NativeMethodAccessorImpl.invoke(NativeMethodAccessorImpl.java:77)
	at java.base/jdk.internal.reflect.DelegatingMethodAccessorImpl.invoke(DelegatingMethodAccessorImpl.java:43)
	at java.base/java.lang.reflect.Method.invoke(Method.java:568)
	at org.testng.internal.MethodInvocationHelper.invokeMethod(MethodInvocationHelper.java:133)
	at org.testng.internal.TestInvoker.invokeMethod(TestInvoker.java:598)
	at org.testng.internal.TestInvoker.invokeTestMethod(TestInvoker.java:173)
	at org.testng.internal.MethodRunner.runInSequence(MethodRunner.java:46)
	at org.testng.internal.TestInvoker$MethodInvocationAgent.invoke(TestInvoker.java:824)
	at org.testng.internal.TestInvoker.invokeTestMethods(TestInvoker.java:146)
	at org.testng.internal.TestMethodWorker.invokeTestMethods(TestMethodWorker.java:146)
	at org.testng.internal.TestMethodWorker.run(TestMethodWorker.java:128)
	at java.base/java.util.concurrent.ThreadPoolExecutor.runWorker(ThreadPoolExecutor.java:1136)
	at java.base/java.util.concurrent.ThreadPoolExecutor$Worker.run(ThreadPoolExecutor.java:635)
	at java.base/java.lang.Thread.run(Thread.java:833)
</pre></div></td>
<td>24</td>
<td>com.frontierX.TestScripts.LiveECGs@5b7a7f33</td></tr>
<tr>
<td title='com.frontierX.TestScripts.DownloadFIT.downloadFIT()'><b>downloadFIT</b><br>Test class: com.frontierX.TestScripts.DownloadFIT (downloadFIT)<br>Test method: Purpose of this test is to Verify that Admin can Download FIT File<br>Parameters: staging, admin</td>
<td><div><pre>java.lang.AssertionError: FIT File option is unavailable to download for admin user
	at com.frontierX.TestScripts.DownloadFIT.downloadFIT(DownloadFIT.java:85)
	at java.base/java.util.concurrent.ThreadPoolExecutor.runWorker(ThreadPoolExecutor.java:1136)
	at java.base/java.util.concurrent.ThreadPoolExecutor$Worker.run(ThreadPoolExecutor.java:635)
	at java.base/java.lang.Thread.run(Thread.java:833)
... Removed 13 stack frames</pre></div><a href='#' onClick='toggleBox("stack-trace21811064", this, "Click to show all stack frames", "Click to hide stack frames")'>Click to show all stack frames</a>
<div class='stack-trace' id='stack-trace21811064'><pre>java.lang.AssertionError: FIT File option is unavailable to download for admin user
	at org.testng.Assert.fail(Assert.java:99)
	at com.frontierX.TestScripts.DownloadFIT.downloadFIT(DownloadFIT.java:85)
	at java.base/jdk.internal.reflect.NativeMethodAccessorImpl.invoke0(Native Method)
	at java.base/jdk.internal.reflect.NativeMethodAccessorImpl.invoke(NativeMethodAccessorImpl.java:77)
	at java.base/jdk.internal.reflect.DelegatingMethodAccessorImpl.invoke(DelegatingMethodAccessorImpl.java:43)
	at java.base/java.lang.reflect.Method.invoke(Method.java:568)
	at org.testng.internal.MethodInvocationHelper.invokeMethod(MethodInvocationHelper.java:133)
	at org.testng.internal.TestInvoker.invokeMethod(TestInvoker.java:598)
	at org.testng.internal.TestInvoker.invokeTestMethod(TestInvoker.java:173)
	at org.testng.internal.MethodRunner.runInSequence(MethodRunner.java:46)
	at org.testng.internal.TestInvoker$MethodInvocationAgent.invoke(TestInvoker.java:824)
	at org.testng.internal.TestInvoker.invokeTestMethods(TestInvoker.java:146)
	at org.testng.internal.TestMethodWorker.invokeTestMethods(TestMethodWorker.java:146)
	at org.testng.internal.TestMethodWorker.run(TestMethodWorker.java:128)
	at java.base/java.util.concurrent.ThreadPoolExecutor.runWorker(ThreadPoolExecutor.java:1136)
	at java.base/java.util.concurrent.ThreadPoolExecutor$Worker.run(ThreadPoolExecutor.java:635)
	at java.base/java.lang.Thread.run(Thread.java:833)
</pre></div></td>
<td>41</td>
<td>com.frontierX.TestScripts.DownloadFIT@72c8e7b</td></tr>
<tr>
<td title='com.frontierX.TestScripts.TrainingLoad.VerifyTrainingLoad()'><b>VerifyTrainingLoad</b><br>Test class: com.frontierX.TestScripts.TrainingLoad (VerifyTrainingLoad)<br>Test method: Purpose of this test is to Verify When User syncs his activity , his trainig load should not be zero<br>Parameters: staging, admin</td>
<td><div><pre>java.lang.AssertionError: did not expect [0] but found [0]
	at com.frontierX.TestScripts.TrainingLoad.VerifyTrainingLoad(TrainingLoad.java:84)
	at java.base/java.util.concurrent.ThreadPoolExecutor.runWorker(ThreadPoolExecutor.java:1136)
	at java.base/java.util.concurrent.ThreadPoolExecutor$Worker.run(ThreadPoolExecutor.java:635)
	at java.base/java.lang.Thread.run(Thread.java:833)
... Removed 17 stack frames</pre></div><a href='#' onClick='toggleBox("stack-trace8358522", this, "Click to show all stack frames", "Click to hide stack frames")'>Click to show all stack frames</a>
<div class='stack-trace' id='stack-trace8358522'><pre>java.lang.AssertionError: did not expect [0] but found [0]
	at org.testng.Assert.fail(Assert.java:99)
	at org.testng.Assert.failEquals(Assert.java:1041)
	at org.testng.Assert.assertNotEqualsImpl(Assert.java:147)
	at org.testng.Assert.assertNotEquals(Assert.java:1531)
	at org.testng.Assert.assertNotEquals(Assert.java:1535)
	at com.frontierX.TestScripts.TrainingLoad.VerifyTrainingLoad(TrainingLoad.java:84)
	at java.base/jdk.internal.reflect.NativeMethodAccessorImpl.invoke0(Native Method)
	at java.base/jdk.internal.reflect.NativeMethodAccessorImpl.invoke(NativeMethodAccessorImpl.java:77)
	at java.base/jdk.internal.reflect.DelegatingMethodAccessorImpl.invoke(DelegatingMethodAccessorImpl.java:43)
	at java.base/java.lang.reflect.Method.invoke(Method.java:568)
	at org.testng.internal.MethodInvocationHelper.invokeMethod(MethodInvocationHelper.java:133)
	at org.testng.internal.TestInvoker.invokeMethod(TestInvoker.java:598)
	at org.testng.internal.TestInvoker.invokeTestMethod(TestInvoker.java:173)
	at org.testng.internal.MethodRunner.runInSequence(MethodRunner.java:46)
	at org.testng.internal.TestInvoker$MethodInvocationAgent.invoke(TestInvoker.java:824)
	at org.testng.internal.TestInvoker.invokeTestMethods(TestInvoker.java:146)
	at org.testng.internal.TestMethodWorker.invokeTestMethods(TestMethodWorker.java:146)
	at org.testng.internal.TestMethodWorker.run(TestMethodWorker.java:128)
	at java.base/java.util.concurrent.ThreadPoolExecutor.runWorker(ThreadPoolExecutor.java:1136)
	at java.base/java.util.concurrent.ThreadPoolExecutor$Worker.run(ThreadPoolExecutor.java:635)
	at java.base/java.lang.Thread.run(Thread.java:833)
</pre></div></td>
<td>7</td>
<td>com.frontierX.TestScripts.TrainingLoad@57bc27f5</td></tr>
<tr>
<td title='com.frontierX.TestScripts.VerifyGenerateECGPDF.VerifyECGPDFIsGenerated()'><b>VerifyECGPDFIsGenerated</b><br>Test class: com.frontierX.TestScripts.VerifyGenerateECGPDF (VerifyECGPDFIsGenerated)<br>Test method: Purpose of this test is to Verify that Admin can Generate the ECG as PDF<br>Parameters: staging, admin</td>
<td><div><pre>java.lang.AssertionError: ECG Generated Pop Up is not displayed expected [true] but found [false]
	at com.frontierX.PageObjectRepo.HomePage.VerifyECGPDFGeneratedPopUpDisplayed(HomePage.java:270)
	at com.frontierX.TestScripts.VerifyGenerateECGPDF.VerifyECGPDFIsGenerated(VerifyGenerateECGPDF.java:88)
	at java.base/java.util.concurrent.ThreadPoolExecutor.runWorker(ThreadPoolExecutor.java:1136)
	at java.base/java.util.concurrent.ThreadPoolExecutor$Worker.run(ThreadPoolExecutor.java:635)
	at java.base/java.lang.Thread.run(Thread.java:833)
... Removed 15 stack frames</pre></div><a href='#' onClick='toggleBox("stack-trace711700769", this, "Click to show all stack frames", "Click to hide stack frames")'>Click to show all stack frames</a>
<div class='stack-trace' id='stack-trace711700769'><pre>java.lang.AssertionError: ECG Generated Pop Up is not displayed expected [true] but found [false]
	at org.testng.Assert.fail(Assert.java:99)
	at org.testng.Assert.failNotEquals(Assert.java:1037)
	at org.testng.Assert.assertTrue(Assert.java:45)
	at com.frontierX.PageObjectRepo.HomePage.VerifyECGPDFGeneratedPopUpDisplayed(HomePage.java:270)
	at com.frontierX.TestScripts.VerifyGenerateECGPDF.VerifyECGPDFIsGenerated(VerifyGenerateECGPDF.java:88)
	at java.base/jdk.internal.reflect.NativeMethodAccessorImpl.invoke0(Native Method)
	at java.base/jdk.internal.reflect.NativeMethodAccessorImpl.invoke(NativeMethodAccessorImpl.java:77)
	at java.base/jdk.internal.reflect.DelegatingMethodAccessorImpl.invoke(DelegatingMethodAccessorImpl.java:43)
	at java.base/java.lang.reflect.Method.invoke(Method.java:568)
	at org.testng.internal.MethodInvocationHelper.invokeMethod(MethodInvocationHelper.java:133)
	at org.testng.internal.TestInvoker.invokeMethod(TestInvoker.java:598)
	at org.testng.internal.TestInvoker.invokeTestMethod(TestInvoker.java:173)
	at org.testng.internal.MethodRunner.runInSequence(MethodRunner.java:46)
	at org.testng.internal.TestInvoker$MethodInvocationAgent.invoke(TestInvoker.java:824)
	at org.testng.internal.TestInvoker.invokeTestMethods(TestInvoker.java:146)
	at org.testng.internal.TestMethodWorker.invokeTestMethods(TestMethodWorker.java:146)
	at org.testng.internal.TestMethodWorker.run(TestMethodWorker.java:128)
	at java.base/java.util.concurrent.ThreadPoolExecutor.runWorker(ThreadPoolExecutor.java:1136)
	at java.base/java.util.concurrent.ThreadPoolExecutor$Worker.run(ThreadPoolExecutor.java:635)
	at java.base/java.lang.Thread.run(Thread.java:833)
</pre></div></td>
<td>20</td>
<td>com.frontierX.TestScripts.VerifyGenerateECGPDF@38467116</td></tr>
</table><p>
<table width='100%' border='1' class='invocation-passed'>
<tr><td colspan='4' align='center'><b>PASSED TESTS</b></td></tr>
<tr><td><b>Test method</b></td>
<td width="30%"><b>Exception</b></td>
<td width="10%"><b>Time (seconds)</b></td>
<td><b>Instance</b></td>
</tr>
<tr>
<td title='com.frontierX.TestScripts.ValidInvalidLoginCreds.loginCredentials()'><b>loginCredentials</b><br>Test class: com.frontierX.TestScripts.ValidInvalidLoginCreds (loginCredentials)<br>Parameters: staging, admin, admin@fourthfrontier.com, automation4f</td>
<td></td>
<td>16</td>
<td>com.frontierX.TestScripts.ValidInvalidLoginCreds@4b8d604b</td></tr>
<tr>
<td title='com.frontierX.TestScripts.VerifyEditActivity.VerifyEditedActivity()'><b>VerifyEditedActivity</b><br>Test class: com.frontierX.TestScripts.VerifyEditActivity (VerifyEditedActivity)<br>Test method: Purpose of this test is to Verify that User can Edit the Activity and save it<br>Parameters: staging, admin</td>
<td></td>
<td>31</td>
<td>com.frontierX.TestScripts.VerifyEditActivity@431cd9b2</td></tr>
<tr>
<td title='com.frontierX.TestScripts.LiveUserDashboard.liveUserDashboard()'><b>liveUserDashboard</b><br>Test class: com.frontierX.TestScripts.LiveUserDashboard (liveUserDashboard)<br>Test method: Purpose of this test is to Verify that Admin has access to Live User Dash board.<br>Parameters: staging, admin</td>
<td></td>
<td>19</td>
<td>com.frontierX.TestScripts.LiveUserDashboard@790da477</td></tr>
<tr>
<td title='com.frontierX.TestScripts.DeleteActivity.deleteActivity()'><b>deleteActivity</b><br>Test class: com.frontierX.TestScripts.DeleteActivity (deleteActivity)<br>Test method: Purpose of this test is to Verify that User can Delete the activity - But here i'm not deleting it , just checking if he can do so<br>Parameters: staging, admin</td>
<td></td>
<td>43</td>
<td>com.frontierX.TestScripts.DeleteActivity@194fad1</td></tr>
<tr>
<td title='com.frontierX.TestScripts.DownloadCSV.downloadCSV()'><b>downloadCSV</b><br>Test class: com.frontierX.TestScripts.DownloadCSV (downloadCSV)<br>Test method: Purpose of this test is to Verify that Admin can Download CSV File<br>Parameters: staging, admin</td>
<td></td>
<td>21</td>
<td>com.frontierX.TestScripts.DownloadCSV@26abb146</td></tr>
<tr>
<td title='com.frontierX.TestScripts.TestHomePageActions.testHomePageActions()'><b>testHomePageActions</b><br>Test class: com.frontierX.TestScripts.TestHomePageActions (testHomePageActions)<br>Parameters: staging, admin</td>
<td></td>
<td>22</td>
<td>com.frontierX.TestScripts.TestHomePageActions@5c7933ad</td></tr>
<tr>
<td title='com.frontierX.TestScripts.DownloadZIP.downloadZIP()'><b>downloadZIP</b><br>Test class: com.frontierX.TestScripts.DownloadZIP (downloadZIP)<br>Test method: Purpose of this test is to Verify that Admin can Download Zip File<br>Parameters: staging, admin</td>
<td></td>
<td>17</td>
<td>com.frontierX.TestScripts.DownloadZIP@65f8f5ae</td></tr>
<tr>
<td title='com.frontierX.TestScripts.UserType.testHomePageActions()'><b>testHomePageActions</b><br>Test class: com.frontierX.TestScripts.UserType (testHomePageActions)<br>Parameters: staging, admin</td>
<td></td>
<td>15</td>
<td>com.frontierX.TestScripts.UserType@5fb759d6</td></tr>
</table><p>
</body>
</html>