<?xml version="1.0" encoding="UTF-8"?>
<!-- Generated by org.testng.reporters.JUnitXMLReporter -->
<testsuite ignored="0" hostname="DESKTOP-LBTBNFA" failures="4" tests="7" name="Regression2 Tests - Premium User " time="96.894" errors="0" timestamp="2022-06-09T10:24:33 IST">
  <testcase classname="com.frontierX.TestScripts.FxPremiumUserWorkFlows" name="VerifyActivitySyncForPremiumUser" time="0.299">
    <failure type="java.lang.AssertionError" message="Today&amp;apos;s Activity is Synced expected [true] but found [false]">
      <![CDATA[java.lang.AssertionError: Today's Activity is Synced expected [true] but found [false]
at com.frontierX.PageLibRepo.HomePageLib.VerifyTodaysActivityIsDisplayed(HomePageLib.java:538)
at com.frontierX.TestScripts.FxPremiumUserWorkFlows.VerifyActivitySyncForPremiumUser(FxPremiumUserWorkFlows.java:112)
at java.base/java.util.concurrent.ThreadPoolExecutor.runWorker(ThreadPoolExecutor.java:1136)
at java.base/java.util.concurrent.ThreadPoolExecutor$Worker.run(ThreadPoolExecutor.java:635)
at java.base/java.lang.Thread.run(Thread.java:833)
... Removed 15 stack frames]]>
    </failure>
  </testcase> <!-- VerifyActivitySyncForPremiumUser -->
  <testcase classname="com.frontierX.TestScripts.FxPremiumUserWorkFlows" name="VerifyECGPDFPopUp_PremiumUser" time="8.622"/>
  <testcase classname="com.frontierX.TestScripts.FxPremiumUserWorkFlows" name="VerifyECGSyncIsSuccessfullForPremiumUser" time="0.198">
    <failure type="java.lang.AssertionError" message="Today&amp;apos;s Activity is Synced expected [true] but found [false]">
      <![CDATA[java.lang.AssertionError: Today's Activity is Synced expected [true] but found [false]
at com.frontierX.PageLibRepo.HomePageLib.VerifyTodaysActivityIsDisplayed(HomePageLib.java:538)
at com.frontierX.PageLibRepo.HomePageLib.VerifyTodaysECGIsSynced(HomePageLib.java:543)
at com.frontierX.TestScripts.FxPremiumUserWorkFlows.VerifyECGSyncIsSuccessfullForPremiumUser(FxPremiumUserWorkFlows.java:75)
at java.base/java.util.concurrent.ThreadPoolExecutor.runWorker(ThreadPoolExecutor.java:1136)
at java.base/java.util.concurrent.ThreadPoolExecutor$Worker.run(ThreadPoolExecutor.java:635)
at java.base/java.lang.Thread.run(Thread.java:833)
... Removed 15 stack frames]]>
    </failure>
  </testcase> <!-- VerifyECGSyncIsSuccessfullForPremiumUser -->
  <testcase classname="com.frontierX.TestScripts.FxPremiumUserWorkFlows" name="VerifyHomePageElements_PremiumUser" time="4.285"/>
  <testcase classname="com.frontierX.TestScripts.FxPremiumUserWorkFlows" name="VerifyInsightInfoAreDisplayedForPremiumUser" time="0.206">
    <failure type="java.lang.AssertionError" message="Today&amp;apos;s Activity is Synced expected [true] but found [false]">
      <![CDATA[java.lang.AssertionError: Today's Activity is Synced expected [true] but found [false]
at com.frontierX.PageLibRepo.HomePageLib.VerifyTodaysActivityIsDisplayed(HomePageLib.java:538)
at com.frontierX.TestScripts.FxPremiumUserWorkFlows.VerifyInsightInfoAreDisplayedForPremiumUser(FxPremiumUserWorkFlows.java:102)
at java.base/java.util.concurrent.ThreadPoolExecutor.runWorker(ThreadPoolExecutor.java:1136)
at java.base/java.util.concurrent.ThreadPoolExecutor$Worker.run(ThreadPoolExecutor.java:635)
at java.base/java.lang.Thread.run(Thread.java:833)
... Removed 15 stack frames]]>
    </failure>
  </testcase> <!-- VerifyInsightInfoAreDisplayedForPremiumUser -->
  <testcase classname="com.frontierX.TestScripts.FxPremiumUserWorkFlows" name="VerifyPremiumUserCanDownloadLatestFITFiles" time="14.377"/>
  <testcase classname="com.frontierX.TestScripts.FxPremiumUserWorkFlows" name="VerifyPremiumUsersCanLoginToFxWebApp" time="0.308">
    <failure type="org.openqa.selenium.StaleElementReferenceException" message="stale element reference: element is not attached to the page document
  (Session info: chrome=102.0.5005.61)
For documentation on this error, please visit: https://www.seleniumhq.org/exceptions/stale_element_reference.html
Build info: version: &amp;apos;3.141.59&amp;apos;, revision: &amp;apos;e82be7d358&amp;apos;, time: &amp;apos;2018-11-14T08:25:53&amp;apos;
System info: host: &amp;apos;DESKTOP-LBTBNFA&amp;apos;, ip: &amp;apos;192.168.0.243&amp;apos;, os.name: &amp;apos;Windows 10&amp;apos;, os.arch: &amp;apos;amd64&amp;apos;, os.version: &amp;apos;10.0&amp;apos;, java.version: &amp;apos;17.0.1&amp;apos;
Driver info: org.openqa.selenium.chrome.ChromeDriver
Capabilities {acceptInsecureCerts: false, browserName: chrome, browserVersion: 102.0.5005.61, chrome: {chromedriverVersion: 102.0.5005.61 (0e59bcc00cc4..., userDataDir: C:\Users\user\AppData\Local...}, goog:chromeOptions: {debuggerAddress: localhost:54747}, javascriptEnabled: true, networkConnectionEnabled: false, pageLoadStrategy: normal, platform: WINDOWS, platformName: WINDOWS, proxy: Proxy(), setWindowRect: true, strictFileInteractability: false, timeouts: {implicit: 0, pageLoad: 300000, script: 30000}, unhandledPromptBehavior: dismiss and notify, webauthn:extension:credBlob: true, webauthn:extension:largeBlob: true, webauthn:virtualAuthenticators: true}
Session ID: 24a57559368b834eb98337b01d491301">
      <![CDATA[org.openqa.selenium.StaleElementReferenceException: stale element reference: element is not attached to the page document
  (Session info: chrome=102.0.5005.61)
For documentation on this error, please visit: https://www.seleniumhq.org/exceptions/stale_element_reference.html
Build info: version: '3.141.59', revision: 'e82be7d358', time: '2018-11-14T08:25:53'
System info: host: 'DESKTOP-LBTBNFA', ip: '192.168.0.243', os.name: 'Windows 10', os.arch: 'amd64', os.version: '10.0', java.version: '17.0.1'
Driver info: org.openqa.selenium.chrome.ChromeDriver
Capabilities {acceptInsecureCerts: false, browserName: chrome, browserVersion: 102.0.5005.61, chrome: {chromedriverVersion: 102.0.5005.61 (0e59bcc00cc4..., userDataDir: C:\Users\user\AppData\Local...}, goog:chromeOptions: {debuggerAddress: localhost:54747}, javascriptEnabled: true, networkConnectionEnabled: false, pageLoadStrategy: normal, platform: WINDOWS, platformName: WINDOWS, proxy: Proxy(), setWindowRect: true, strictFileInteractability: false, timeouts: {implicit: 0, pageLoad: 300000, script: 30000}, unhandledPromptBehavior: dismiss and notify, webauthn:extension:credBlob: true, webauthn:extension:largeBlob: true, webauthn:virtualAuthenticators: true}
Session ID: 24a57559368b834eb98337b01d491301
at org.openqa.selenium.remote.http.W3CHttpResponseCodec.createException(W3CHttpResponseCodec.java:187)
at org.openqa.selenium.remote.http.W3CHttpResponseCodec.decode(W3CHttpResponseCodec.java:122)
at org.openqa.selenium.remote.http.W3CHttpResponseCodec.decode(W3CHttpResponseCodec.java:49)
at org.openqa.selenium.remote.HttpCommandExecutor.execute(HttpCommandExecutor.java:158)
at org.openqa.selenium.remote.service.DriverCommandExecutor.execute(DriverCommandExecutor.java:83)
at org.openqa.selenium.remote.RemoteWebDriver.execute(RemoteWebDriver.java:552)
at org.openqa.selenium.remote.RemoteWebElement.execute(RemoteWebElement.java:285)
at org.openqa.selenium.remote.RemoteWebElement.getText(RemoteWebElement.java:166)
at org.openqa.selenium.support.pagefactory.internal.LocatingElementHandler.invoke(LocatingElementHandler.java:51)
at jdk.proxy2/jdk.proxy2.$Proxy14.getText(Unknown Source)
at com.frontierX.PageLibRepo.HomePageLib.VerifyUserInfoPopUp(HomePageLib.java:119)
at com.frontierX.TestScripts.FxPremiumUserWorkFlows.VerifyPremiumUsersCanLoginToFxWebApp(FxPremiumUserWorkFlows.java:65)
at java.base/java.util.concurrent.ThreadPoolExecutor.runWorker(ThreadPoolExecutor.java:1136)
at java.base/java.util.concurrent.ThreadPoolExecutor$Worker.run(ThreadPoolExecutor.java:635)
at java.base/java.lang.Thread.run(Thread.java:833)
... Removed 20 stack frames]]>
    </failure>
  </testcase> <!-- VerifyPremiumUsersCanLoginToFxWebApp -->
</testsuite> <!-- Regression2 Tests - Premium User  -->
