<?xml version="1.0" encoding="UTF-8"?>
<!-- Generated by org.testng.reporters.JUnitXMLReporter -->
<testsuite ignored="0" hostname="DESKTOP-LBTBNFA" failures="2" tests="7" name="Smoke Tests - User Prespective" time="187.565" errors="0" timestamp="2022-03-15T10:06:40 IST">
  <testcase classname="com.frontierX.TestScripts.DeleteActivityTest" name="deleteActivity" time="39.203"/>
  <testcase classname="com.frontierX.TestScripts.VerifyEditActivityTest" name="VerifyEditedActivity" time="29.895"/>
  <testcase classname="com.frontierX.TestScripts.VerifyECGSyncTest" name="VerifyECGSyncIsSuccessfull" time="28.625">
    <failure type="java.lang.AssertionError" message="&amp;lt;---- TC Failed Due to Error ---&amp;gt;
element not interactable
  (Session info: chrome=98.0.4758.102)
Build info: version: &amp;apos;3.141.59&amp;apos;, revision: &amp;apos;e82be7d358&amp;apos;, time: &amp;apos;2018-11-14T08:25:53&amp;apos;
System info: host: &amp;apos;DESKTOP-LBTBNFA&amp;apos;, ip: &amp;apos;192.168.0.243&amp;apos;, os.name: &amp;apos;Windows 10&amp;apos;, os.arch: &amp;apos;amd64&amp;apos;, os.version: &amp;apos;10.0&amp;apos;, java.version: &amp;apos;17.0.1&amp;apos;
Driver info: org.openqa.selenium.chrome.ChromeDriver
Capabilities {acceptInsecureCerts: false, browserName: chrome, browserVersion: 98.0.4758.102, chrome: {chromedriverVersion: 97.0.4692.71 (adefa7837d02a..., userDataDir: C:\Users\user\AppData\Local...}, goog:chromeOptions: {debuggerAddress: localhost:54012}, javascriptEnabled: true, networkConnectionEnabled: false, pageLoadStrategy: normal, platform: WINDOWS, platformName: WINDOWS, proxy: Proxy(), setWindowRect: true, strictFileInteractability: false, timeouts: {implicit: 0, pageLoad: 300000, script: 30000}, unhandledPromptBehavior: dismiss and notify, webauthn:extension:credBlob: true, webauthn:extension:largeBlob: true, webauthn:virtualAuthenticators: true}
Session ID: d9df40994967c1a1345020f92a84dd68">
      <![CDATA[java.lang.AssertionError: <---- TC Failed Due to Error --->
element not interactable
  (Session info: chrome=98.0.4758.102)
Build info: version: '3.141.59', revision: 'e82be7d358', time: '2018-11-14T08:25:53'
System info: host: 'DESKTOP-LBTBNFA', ip: '192.168.0.243', os.name: 'Windows 10', os.arch: 'amd64', os.version: '10.0', java.version: '17.0.1'
Driver info: org.openqa.selenium.chrome.ChromeDriver
Capabilities {acceptInsecureCerts: false, browserName: chrome, browserVersion: 98.0.4758.102, chrome: {chromedriverVersion: 97.0.4692.71 (adefa7837d02a..., userDataDir: C:\Users\user\AppData\Local...}, goog:chromeOptions: {debuggerAddress: localhost:54012}, javascriptEnabled: true, networkConnectionEnabled: false, pageLoadStrategy: normal, platform: WINDOWS, platformName: WINDOWS, proxy: Proxy(), setWindowRect: true, strictFileInteractability: false, timeouts: {implicit: 0, pageLoad: 300000, script: 30000}, unhandledPromptBehavior: dismiss and notify, webauthn:extension:credBlob: true, webauthn:extension:largeBlob: true, webauthn:virtualAuthenticators: true}
Session ID: d9df40994967c1a1345020f92a84dd68
at com.frontierX.TestScripts.VerifyECGSyncTest.VerifyECGSyncIsSuccessfull(VerifyECGSyncTest.java:100)
at java.base/java.util.ArrayList.forEach(ArrayList.java:1511)
... Removed 29 stack frames]]>
    </failure>
  </testcase> <!-- VerifyECGSyncIsSuccessfull -->
  <testcase classname="com.frontierX.TestScripts.DownloadFITTest" name="downloadFIT" time="23.246">
    <failure type="java.lang.AssertionError" message="Fit File downloaded expected [true] but found [false]">
      <![CDATA[java.lang.AssertionError: Fit File downloaded expected [true] but found [false]
at com.frontierX.TestScripts.DownloadFITTest.downloadFIT(DownloadFITTest.java:88)
at java.base/java.util.ArrayList.forEach(ArrayList.java:1511)
... Removed 31 stack frames]]>
    </failure>
  </testcase> <!-- downloadFIT -->
  <testcase classname="com.frontierX.TestScripts.ActivitySyncTest" name="VerifyActivitySync" time="11.299"/>
  <testcase classname="com.frontierX.TestScripts.TrainingLoadTest" name="VerifyTrainingLoad" time="23.567"/>
  <testcase classname="com.frontierX.TestScripts.VerifyInsightInformationTest" name="VerifyInsightInfoAreDisplayed" time="31.68"/>
</testsuite> <!-- Smoke Tests - User Prespective -->
