<?xml version="1.0" encoding="UTF-8"?>
<!-- Generated by org.testng.reporters.JUnitXMLReporter -->
<testsuite ignored="0" hostname="DESKTOP-LBTBNFA" failures="2" tests="7" name="Smoke Tests - User Workflows" time="122.531" errors="0" timestamp="2022-06-09T10:18:02 IST">
  <testcase classname="com.frontierX.TestScripts.FxUserWorkFlows" name="VerifyActivitySync" time="0.137"/>
  <testcase classname="com.frontierX.TestScripts.FxUserWorkFlows" name="VerifyECGSyncIsSuccessfull" time="7.864"/>
  <testcase classname="com.frontierX.TestScripts.FxUserWorkFlows" name="VerifyEditedActivity" time="14.547"/>
  <testcase classname="com.frontierX.TestScripts.FxUserWorkFlows" name="VerifyHealthTreandPageDisplays" time="2.176"/>
  <testcase classname="com.frontierX.TestScripts.FxUserWorkFlows" name="VerifyInsightInfoAreDisplayed" time="9.633">
    <failure type="java.lang.AssertionError" message="Contains Activity intensity expected [true] but found [false]">
      <![CDATA[java.lang.AssertionError: Contains Activity intensity expected [true] but found [false]
at com.frontierX.PageLibRepo.WorkoutDetailsPageLib.AssertInsightInfo(WorkoutDetailsPageLib.java:379)
at com.frontierX.TestScripts.FxUserWorkFlows.VerifyInsightInfoAreDisplayed(FxUserWorkFlows.java:132)
at java.base/java.util.ArrayList.forEach(ArrayList.java:1511)
... Removed 31 stack frames]]>
    </failure>
  </testcase> <!-- VerifyInsightInfoAreDisplayed -->
  <testcase classname="com.frontierX.TestScripts.FxUserWorkFlows" name="VerifyUserCanDownloadLatestFITFiles" time="10.402"/>
  <testcase classname="com.frontierX.TestScripts.FxUserWorkFlows" name="deleteActivity" time="6.436">
    <failure type="org.openqa.selenium.InvalidSelectorException" message="invalid selector: Unable to locate an element with the xpath expression (//button[@class=&amp;apos;btn cancel-button because of the following error:
SyntaxError: Failed to execute &amp;apos;evaluate&amp;apos; on &amp;apos;Document&amp;apos;: The string &amp;apos;(//button[@class=&amp;apos;btn cancel-button&amp;apos; is not a valid XPath expression.
  (Session info: chrome=102.0.5005.61)
For documentation on this error, please visit: https://www.seleniumhq.org/exceptions/invalid_selector_exception.html
Build info: version: &amp;apos;3.141.59&amp;apos;, revision: &amp;apos;e82be7d358&amp;apos;, time: &amp;apos;2018-11-14T08:25:53&amp;apos;
System info: host: &amp;apos;DESKTOP-LBTBNFA&amp;apos;, ip: &amp;apos;192.168.0.243&amp;apos;, os.name: &amp;apos;Windows 10&amp;apos;, os.arch: &amp;apos;amd64&amp;apos;, os.version: &amp;apos;10.0&amp;apos;, java.version: &amp;apos;17.0.1&amp;apos;
Driver info: org.openqa.selenium.chrome.ChromeDriver
Capabilities {acceptInsecureCerts: false, browserName: chrome, browserVersion: 102.0.5005.61, chrome: {chromedriverVersion: 102.0.5005.61 (0e59bcc00cc4..., userDataDir: C:\Users\user\AppData\Local...}, goog:chromeOptions: {debuggerAddress: localhost:53845}, javascriptEnabled: true, networkConnectionEnabled: false, pageLoadStrategy: normal, platform: WINDOWS, platformName: WINDOWS, proxy: Proxy(), setWindowRect: true, strictFileInteractability: false, timeouts: {implicit: 0, pageLoad: 300000, script: 30000}, unhandledPromptBehavior: dismiss and notify, webauthn:extension:credBlob: true, webauthn:extension:largeBlob: true, webauthn:virtualAuthenticators: true}
Session ID: 3ef7e5e8a8e38adacb20f2ef9803adf5
*** Element info: {Using=xpath, value=(//button[@class=&amp;apos;btn cancel-button}">
      <![CDATA[org.openqa.selenium.InvalidSelectorException: invalid selector: Unable to locate an element with the xpath expression (//button[@class='btn cancel-button because of the following error:
SyntaxError: Failed to execute 'evaluate' on 'Document': The string '(//button[@class='btn cancel-button' is not a valid XPath expression.
  (Session info: chrome=102.0.5005.61)
For documentation on this error, please visit: https://www.seleniumhq.org/exceptions/invalid_selector_exception.html
Build info: version: '3.141.59', revision: 'e82be7d358', time: '2018-11-14T08:25:53'
System info: host: 'DESKTOP-LBTBNFA', ip: '192.168.0.243', os.name: 'Windows 10', os.arch: 'amd64', os.version: '10.0', java.version: '17.0.1'
Driver info: org.openqa.selenium.chrome.ChromeDriver
Capabilities {acceptInsecureCerts: false, browserName: chrome, browserVersion: 102.0.5005.61, chrome: {chromedriverVersion: 102.0.5005.61 (0e59bcc00cc4..., userDataDir: C:\Users\user\AppData\Local...}, goog:chromeOptions: {debuggerAddress: localhost:53845}, javascriptEnabled: true, networkConnectionEnabled: false, pageLoadStrategy: normal, platform: WINDOWS, platformName: WINDOWS, proxy: Proxy(), setWindowRect: true, strictFileInteractability: false, timeouts: {implicit: 0, pageLoad: 300000, script: 30000}, unhandledPromptBehavior: dismiss and notify, webauthn:extension:credBlob: true, webauthn:extension:largeBlob: true, webauthn:virtualAuthenticators: true}
Session ID: 3ef7e5e8a8e38adacb20f2ef9803adf5
*** Element info: {Using=xpath, value=(//button[@class='btn cancel-button}
at org.openqa.selenium.remote.http.W3CHttpResponseCodec.createException(W3CHttpResponseCodec.java:187)
at org.openqa.selenium.remote.http.W3CHttpResponseCodec.decode(W3CHttpResponseCodec.java:122)
at org.openqa.selenium.remote.http.W3CHttpResponseCodec.decode(W3CHttpResponseCodec.java:49)
at org.openqa.selenium.remote.HttpCommandExecutor.execute(HttpCommandExecutor.java:158)
at org.openqa.selenium.remote.service.DriverCommandExecutor.execute(DriverCommandExecutor.java:83)
at org.openqa.selenium.remote.RemoteWebDriver.execute(RemoteWebDriver.java:552)
at org.openqa.selenium.remote.RemoteWebDriver.findElement(RemoteWebDriver.java:323)
at org.openqa.selenium.remote.RemoteWebDriver.findElementByXPath(RemoteWebDriver.java:428)
at org.openqa.selenium.By$ByXPath.findElement(By.java:353)
at org.openqa.selenium.remote.RemoteWebDriver.findElement(RemoteWebDriver.java:315)
at org.openqa.selenium.support.pagefactory.DefaultElementLocator.findElement(DefaultElementLocator.java:69)
at org.openqa.selenium.support.pagefactory.internal.LocatingElementHandler.invoke(LocatingElementHandler.java:38)
at jdk.proxy2/jdk.proxy2.$Proxy14.click(Unknown Source)
at com.frontierX.PageLibRepo.HomePageLib.ClickkeepButton(HomePageLib.java:498)
at com.frontierX.TestScripts.FxUserWorkFlows.deleteActivity(FxUserWorkFlows.java:74)
at java.base/java.util.ArrayList.forEach(ArrayList.java:1511)
... Removed 33 stack frames]]>
    </failure>
  </testcase> <!-- deleteActivity -->
</testsuite> <!-- Smoke Tests - User Workflows -->
