<!DOCTYPE html PUBLIC "-//W3C//DTD XHTML 1.1//EN" "http://www.w3.org/TR/xhtml11/DTD/xhtml11.dtd">
<html xmlns="http://www.w3.org/1999/xhtml"><head><title>Fourth Foruntier WebApp Automation Test Report</title><center><a data-v-0310a31a="" href="https://fourthfrontier.com/">
<img data-v-0310a31a="" src="https://app.fourthfrontier.com/images/logo_full_white.png?d875c23dbc54f17278a097f31bb9785c" alt="Fourth Frountier" style="background-color:black;padding:20px;">
</a></center><div data-v-517b4a5c="" class="container-fluid img_background"> </div><style type="text/css">table {margin-bottom:10px;border-collapse:collapse;empty-cells:show}th,td {border:1px solid #009;padding:.25em .5em}th {vertical-align:bottom}td {vertical-align:top}table a {font-weight:bold}.stripe td {background-color: #E6EBF9}.num {text-align:right}.passedodd td {background-color: #3F3}.passedeven td {background-color: #0A0}.skippedodd td {background-color: #DDD}.skippedeven td {background-color: #CCC}.failedodd td,.attn {background-color: #F33}.failedeven td,.stripe .attn {background-color: #D00}.stacktrace {white-space:pre;font-family:monospace}.totop {font-size:85%;text-align:center;border-bottom:2px solid #000}</style></head><body><center><h1>WebApp Test Automation Report - Apr-07-2022 03:23:14 PM</h1></center><table><tr><th>Test</th><th># Passed</th><th># Skipped</th><th># Failed</th><th>Time in Seconds</th><th>Included Groups</th><th>Excluded Groups</th></tr><tr><th colspan="7">Admin User - Smoke Tests in Prod</th></tr><tr><td><a href="#t0">Smoke Tests - Admin Prespective</a></td><td class="num">3</td><td class="num">0</td><td class="num">0</td><td class="num">87.36</td><td></td><td></td></tr><tr><th colspan="7">Prod Test Suite</th></tr><tr><th colspan="7">User - Smoke Tests in Prod</th></tr><tr class="stripe"><td><a href="#t1">Smoke Tests - User Workflows</a></td><td class="num">5</td><td class="num">0</td><td class="num attn">2</td><td class="num">130.6</td><td></td><td></td></tr><tr><th colspan="7">WebApp Regression - Prod</th></tr><tr><td><a href="#t2">WebApp Regression</a></td><td class="num">5</td><td class="num">0</td><td class="num attn">2</td><td class="num">180.8</td><td></td><td></td></tr><tr><th>Total</th><th class="num">13</th><th class="num">0</th><th class="num attn">4</th><th class="num">398.76</th><th colspan="2"></th></tr><tr><th>Total execution time in Minutes</th><th class="num">6 Mins</th><th colspan="4"></th></tr></table><table><thead><tr><th>Class</th><th>Description</th><th>Method</th><th>Start</th><th>Execution time in Seconds</th></tr></thead><tbody><tr><th colspan="5">Admin User - Smoke Tests in Prod</th></tr></tbody><tbody id="t0"><tr><th colspan="5">Smoke Tests - Admin Prespective &#8212; passed</th></tr><tr class="passedeven"><td rowspan="3">com.frontierX.TestScripts.FxAdminWorkFlows</td><td><a href="#m0">Purpose of this test is to Verify admin can search any user in our system</a></td><td rowspan="1">VerifyAdminSearch on [FxAdminWorkFlows passed=0 failed=0 skipped=0]</td><td rowspan="1">15:21:56 PM</td><td rowspan="1">10.68</td></tr><tr class="passedeven"><td><a href="#m1">Purpose of this test is to Verify that admin can change the User Level and enable Arrhythmia and that change will remain intact</a></td><td rowspan="1">VerifyUserLevelChangesAreSaved on [FxAdminWorkFlows passed=0 failed=0 skipped=0]</td><td rowspan="1">15:22:14 PM</td><td rowspan="1">41.01</td></tr><tr class="passedeven"><td><a href="#m2">Purpose of this test is to Verify admin can search any user in our system</a></td><td rowspan="1">VerifyUserNameDisplayedOnDashboard on [FxAdminWorkFlows passed=0 failed=0 skipped=0]</td><td rowspan="1">15:23:03 PM</td><td rowspan="1">10.67</td></tr></tbody><tbody><tr><th colspan="5">Prod Test Suite</th></tr></tbody><tbody><tr><th colspan="5">User - Smoke Tests in Prod</th></tr></tbody><tbody id="t1"><tr><th colspan="5">Smoke Tests - User Workflows &#8212; failed</th></tr><tr class="failedeven"><td rowspan="2">com.frontierX.TestScripts.FxUserWorkFlows</td><td><a href="#m3">Purpose of this test is to Verify that User can Delete the activity - But here i&apos;m not deleting it , just checking if he can do so</a></td><td rowspan="1">deleteActivity on [FxUserWorkFlows passed=0 failed=0 skipped=0]</td><td rowspan="1">15:18:03 PM</td><td rowspan="1">8.09</td></tr><tr class="failedeven"><td><a href="#m4">Purpose of this test is to Verify that user can Download and verify Current Day&apos;s FIT File and verifies if its valid or not based on length of file</a></td><td rowspan="1">downloadLatestFITFiles on [FxUserWorkFlows passed=0 failed=0 skipped=0]</td><td rowspan="1">15:18:19 PM</td><td rowspan="1">26.03</td></tr><tr><th colspan="5">Smoke Tests - User Workflows &#8212; passed</th></tr><tr class="passedeven"><td rowspan="5">com.frontierX.TestScripts.FxUserWorkFlows</td><td><a href="#m5">Purpose of this test is to Verify that User can Sync his activity and it is being displayed</a></td><td rowspan="1">VerifyActivitySync on [FxUserWorkFlows passed=0 failed=0 skipped=0]</td><td rowspan="1">15:16:44 PM</td><td rowspan="1">1.26</td></tr><tr class="passedeven"><td><a href="#m6">Purpose of this test is to Verify that ECG has been synced and Green Tick mark is visble </a></td><td rowspan="1">VerifyECGSyncIsSuccessfull on [FxUserWorkFlows passed=0 failed=0 skipped=0]</td><td rowspan="1">15:16:53 PM</td><td rowspan="1">8.78</td></tr><tr class="passedeven"><td><a href="#m7">Purpose of this test is to Verify that User can Edit the Activity and save it</a></td><td rowspan="1">VerifyEditedActivity on [FxUserWorkFlows passed=0 failed=0 skipped=0]</td><td rowspan="1">15:17:10 PM</td><td rowspan="1">15.31</td></tr><tr class="passedeven"><td><a href="#m8">Purpose of this test is to Verify that Health Treand Web Page opens and displays related Charts </a></td><td rowspan="1">VerifyHealthTreandPageDisplays on [FxUserWorkFlows passed=0 failed=0 skipped=0]</td><td rowspan="1">15:17:33 PM</td><td rowspan="1">2.73</td></tr><tr class="passedeven"><td><a href="#m9">Purpose of this test is to Verify if Insights are displayed or not </a></td><td rowspan="1">VerifyInsightInfoAreDisplayed on [FxUserWorkFlows passed=0 failed=0 skipped=0]</td><td rowspan="1">15:17:44 PM</td><td rowspan="1">10.6</td></tr></tbody><tbody><tr><th colspan="5">WebApp Regression - Prod</th></tr></tbody><tbody id="t2"><tr><th colspan="5">WebApp Regression &#8212; failed</th></tr><tr class="failedeven"><td rowspan="2">com.frontierX.TestScripts.FxWebApp_Regression</td><td><a href="#m10">Purpose of this test is to Verify List of Health Tags displayed</a></td><td rowspan="1">VerifyHealthEntryList on [FxWebApp_Regression passed=0 failed=0 skipped=0]</td><td rowspan="1">15:19:48 PM</td><td rowspan="1">6.14</td></tr><tr class="failedeven"><td><a href="#m11">Purpose of this test is to Verify that user can Download FIT File of lenght 40K and 10K of GPS Data</a></td><td rowspan="1">downloadOlderFITFiles on [FxWebApp_Regression passed=0 failed=0 skipped=0]</td><td rowspan="1">15:20:52 PM</td><td rowspan="1">51.45</td></tr><tr><th colspan="5">WebApp Regression &#8212; passed</th></tr><tr class="passedeven"><td rowspan="5">com.frontierX.TestScripts.FxWebApp_Regression</td><td><a href="#m12">Purpose of this test is to Verify that User Can Add Health Tag and Verifies if its displayed on Web App</a></td><td rowspan="1">VerifyHealthEntryAddedAndDisplayed on [FxWebApp_Regression passed=0 failed=0 skipped=0]</td><td rowspan="1">15:18:54 PM</td><td rowspan="1">12.82</td></tr><tr class="passedeven"><td><a href="#m13">Purpose of this test is to Verify that User Can Delete Health Tag and also verifies Delete Pop up Text</a></td><td rowspan="1">VerifyHealthEntryCanBeDeleted on [FxWebApp_Regression passed=0 failed=0 skipped=0]</td><td rowspan="1">15:19:20 PM</td><td rowspan="1">18.01</td></tr><tr class="passedeven"><td><a href="#m14">Purpose of this test is to Verify User will be notified if password is incorrect </a></td><td rowspan="1">VerifyIncorrectPasswordMsgDisplays on [FxWebApp_Regression passed=0 failed=0 skipped=0]</td><td rowspan="1">15:20:06 PM</td><td rowspan="1">6.78</td></tr><tr class="passedeven"><td><a href="#m15">Purpose of this test is to Verify that user can Login to FX WebApp</a></td><td rowspan="1">VerifyUserCanLoginToFxWebApp on [FxWebApp_Regression passed=0 failed=0 skipped=0]</td><td rowspan="1">15:20:23 PM</td><td rowspan="1">0.03</td></tr><tr class="passedeven"><td><a href="#m16">Purpose of this test is to Verify User will be notified if user name is incorrect </a></td><td rowspan="1">VerifyUserNotFoundErrorMsg on [FxWebApp_Regression passed=0 failed=0 skipped=0]</td><td rowspan="1">15:20:34 PM</td><td rowspan="1">8.47</td></tr></tbody></table><h2>Smoke Tests - Admin Prespective</h2><h3 id="m0">com.frontierX.TestScripts.FxAdminWorkFlows#VerifyAdminSearch ( VerifyAdminSearch on [FxAdminWorkFlows passed=0 failed=0 skipped=0] )</h3><table class="result"><tr class="param"><th>Parameter #1</th></tr><tr class="param stripe"><td>prod</td></tr></table><p class="totop"><a href="#summary">back to summary</a></p><h3 id="m1">com.frontierX.TestScripts.FxAdminWorkFlows#VerifyUserLevelChangesAreSaved ( VerifyUserLevelChangesAreSaved on [FxAdminWorkFlows passed=0 failed=0 skipped=0] )</h3><table class="result"></table><p class="totop"><a href="#summary">back to summary</a></p><h3 id="m2">com.frontierX.TestScripts.FxAdminWorkFlows#VerifyUserNameDisplayedOnDashboard ( VerifyUserNameDisplayedOnDashboard on [FxAdminWorkFlows passed=0 failed=0 skipped=0] )</h3><table class="result"><tr class="param"><th>Parameter #1</th></tr><tr class="param stripe"><td>prod</td></tr></table><p class="totop"><a href="#summary">back to summary</a></p><h2>Smoke Tests - User Workflows</h2><h3 id="m3">com.frontierX.TestScripts.FxUserWorkFlows#deleteActivity ( deleteActivity on [FxUserWorkFlows passed=0 failed=0 skipped=0] )</h3><table class="result"><tr><th>Exception</th></tr><tr><td><div class="stacktrace">org.openqa.selenium.InvalidSelectorException: invalid selector: Unable to locate an element with the xpath expression (//button[@class=&apos;btn cancel-button because of the following error:
SyntaxError: Failed to execute &apos;evaluate&apos; on &apos;Document&apos;: The string &apos;(//button[@class=&apos;btn cancel-button&apos; is not a valid XPath expression.
  (Session info: chrome=98.0.4758.102)
For documentation on this error, please visit: https://www.seleniumhq.org/exceptions/invalid_selector_exception.html
Build info: version: &apos;3.141.59&apos;, revision: &apos;e82be7d358&apos;, time: &apos;2018-11-14T08:25:53&apos;
System info: host: &apos;DESKTOP-LBTBNFA&apos;, ip: &apos;192.168.0.243&apos;, os.name: &apos;Windows 10&apos;, os.arch: &apos;amd64&apos;, os.version: &apos;10.0&apos;, java.version: &apos;17.0.1&apos;
Driver info: org.openqa.selenium.chrome.ChromeDriver
Capabilities {acceptInsecureCerts: false, browserName: chrome, browserVersion: 98.0.4758.102, chrome: {chromedriverVersion: 97.0.4692.71 (adefa7837d02a..., userDataDir: C:\Users\user\AppData\Local...}, goog:chromeOptions: {debuggerAddress: localhost:60366}, javascriptEnabled: true, networkConnectionEnabled: false, pageLoadStrategy: normal, platform: WINDOWS, platformName: WINDOWS, proxy: Proxy(), setWindowRect: true, strictFileInteractability: false, timeouts: {implicit: 0, pageLoad: 300000, script: 30000}, unhandledPromptBehavior: dismiss and notify, webauthn:extension:credBlob: true, webauthn:extension:largeBlob: true, webauthn:virtualAuthenticators: true}
Session ID: 00f0c6db06a9f468f90f1ccfee0ea301
*** Element info: {Using=xpath, value=(//button[@class=&apos;btn cancel-button}
	at java.base/jdk.internal.reflect.NativeConstructorAccessorImpl.newInstance0(Native Method)
	at java.base/jdk.internal.reflect.NativeConstructorAccessorImpl.newInstance(NativeConstructorAccessorImpl.java:77)
	at java.base/jdk.internal.reflect.DelegatingConstructorAccessorImpl.newInstance(DelegatingConstructorAccessorImpl.java:45)
	at java.base/java.lang.reflect.Constructor.newInstanceWithCaller(Constructor.java:499)
	at java.base/java.lang.reflect.Constructor.newInstance(Constructor.java:480)
	at org.openqa.selenium.remote.http.W3CHttpResponseCodec.createException(W3CHttpResponseCodec.java:187)
	at org.openqa.selenium.remote.http.W3CHttpResponseCodec.decode(W3CHttpResponseCodec.java:122)
	at org.openqa.selenium.remote.http.W3CHttpResponseCodec.decode(W3CHttpResponseCodec.java:49)
	at org.openqa.selenium.remote.HttpCommandExecutor.execute(HttpCommandExecutor.java:158)
	at org.openqa.selenium.remote.service.DriverCommandExecutor.execute(DriverCommandExecutor.java:83)
	at org.openqa.selenium.remote.RemoteWebDriver.execute(RemoteWebDriver.java:552)
	at org.openqa.selenium.remote.RemoteWebDriver.findElement(RemoteWebDriver.java:323)
	at org.openqa.selenium.remote.RemoteWebDriver.findElementByXPath(RemoteWebDriver.java:428)
	at org.openqa.selenium.By$ByXPath.findElement(By.java:353)
	at org.openqa.selenium.remote.RemoteWebDriver.findElement(RemoteWebDriver.java:315)
	at org.openqa.selenium.support.pagefactory.DefaultElementLocator.findElement(DefaultElementLocator.java:69)
	at org.openqa.selenium.support.pagefactory.internal.LocatingElementHandler.invoke(LocatingElementHandler.java:38)
	at jdk.proxy2/jdk.proxy2.$Proxy13.click(Unknown Source)
	at com.frontierX.PageLibRepo.HomePageLib.ClickkeepButton(HomePageLib.java:434)
	at com.frontierX.TestScripts.FxUserWorkFlows.deleteActivity(FxUserWorkFlows.java:64)
	at java.base/jdk.internal.reflect.NativeMethodAccessorImpl.invoke0(Native Method)
	at java.base/jdk.internal.reflect.NativeMethodAccessorImpl.invoke(NativeMethodAccessorImpl.java:77)
	at java.base/jdk.internal.reflect.DelegatingMethodAccessorImpl.invoke(DelegatingMethodAccessorImpl.java:43)
	at java.base/java.lang.reflect.Method.invoke(Method.java:568)
	at org.testng.internal.MethodInvocationHelper.invokeMethod(MethodInvocationHelper.java:133)
	at org.testng.internal.TestInvoker.invokeMethod(TestInvoker.java:598)
	at org.testng.internal.TestInvoker.invokeTestMethod(TestInvoker.java:173)
	at org.testng.internal.MethodRunner.runInSequence(MethodRunner.java:46)
	at org.testng.internal.TestInvoker$MethodInvocationAgent.invoke(TestInvoker.java:824)
	at org.testng.internal.TestInvoker.invokeTestMethods(TestInvoker.java:146)
	at org.testng.internal.TestMethodWorker.invokeTestMethods(TestMethodWorker.java:146)
	at org.testng.internal.TestMethodWorker.run(TestMethodWorker.java:128)
	at java.base/java.util.ArrayList.forEach(ArrayList.java:1511)
	at org.testng.TestRunner.privateRun(TestRunner.java:794)
	at org.testng.TestRunner.run(TestRunner.java:596)
	at org.testng.SuiteRunner.runTest(SuiteRunner.java:377)
	at org.testng.SuiteRunner.runSequentially(SuiteRunner.java:371)
	at org.testng.SuiteRunner.privateRun(SuiteRunner.java:332)
	at org.testng.SuiteRunner.run(SuiteRunner.java:276)
	at org.testng.SuiteRunnerWorker.runSuite(SuiteRunnerWorker.java:53)
	at org.testng.SuiteRunnerWorker.run(SuiteRunnerWorker.java:96)
	at org.testng.TestNG.runSuitesSequentially(TestNG.java:1212)
	at org.testng.TestNG.runSuitesSequentially(TestNG.java:1207)
	at org.testng.TestNG.runSuitesLocally(TestNG.java:1134)
	at org.testng.TestNG.runSuites(TestNG.java:1063)
	at org.testng.TestNG.run(TestNG.java:1031)
	at org.testng.remote.AbstractRemoteTestNG.run(AbstractRemoteTestNG.java:115)
	at org.testng.remote.RemoteTestNG.initAndRun(RemoteTestNG.java:251)
	at org.testng.remote.RemoteTestNG.main(RemoteTestNG.java:77)
</div></td></tr></table><p class="totop"><a href="#summary">back to summary</a></p><h3 id="m4">com.frontierX.TestScripts.FxUserWorkFlows#downloadLatestFITFiles ( downloadLatestFITFiles on [FxUserWorkFlows passed=0 failed=0 skipped=0] )</h3><table class="result"><tr><th>Exception</th></tr><tr><td><div class="stacktrace">org.openqa.selenium.NoSuchElementException: no such element: Unable to locate element: {&quot;method&quot;:&quot;xpath&quot;,&quot;selector&quot;:&quot;(//div[@class=&apos;col-md-6&apos;])[4]&quot;}
  (Session info: chrome=98.0.4758.102)
For documentation on this error, please visit: https://www.seleniumhq.org/exceptions/no_such_element.html
Build info: version: &apos;3.141.59&apos;, revision: &apos;e82be7d358&apos;, time: &apos;2018-11-14T08:25:53&apos;
System info: host: &apos;DESKTOP-LBTBNFA&apos;, ip: &apos;192.168.0.243&apos;, os.name: &apos;Windows 10&apos;, os.arch: &apos;amd64&apos;, os.version: &apos;10.0&apos;, java.version: &apos;17.0.1&apos;
Driver info: org.openqa.selenium.chrome.ChromeDriver
Capabilities {acceptInsecureCerts: false, browserName: chrome, browserVersion: 98.0.4758.102, chrome: {chromedriverVersion: 97.0.4692.71 (adefa7837d02a..., userDataDir: C:\Users\user\AppData\Local...}, goog:chromeOptions: {debuggerAddress: localhost:60417}, javascriptEnabled: true, networkConnectionEnabled: false, pageLoadStrategy: normal, platform: WINDOWS, platformName: WINDOWS, proxy: Proxy(), setWindowRect: true, strictFileInteractability: false, timeouts: {implicit: 0, pageLoad: 300000, script: 30000}, unhandledPromptBehavior: dismiss and notify, webauthn:extension:credBlob: true, webauthn:extension:largeBlob: true, webauthn:virtualAuthenticators: true}
Session ID: f7730c8a293066a2c63ef4dd8e2fdef3
*** Element info: {Using=xpath, value=(//div[@class=&apos;col-md-6&apos;])[4]}
	at java.base/jdk.internal.reflect.NativeConstructorAccessorImpl.newInstance0(Native Method)
	at java.base/jdk.internal.reflect.NativeConstructorAccessorImpl.newInstance(NativeConstructorAccessorImpl.java:77)
	at java.base/jdk.internal.reflect.DelegatingConstructorAccessorImpl.newInstance(DelegatingConstructorAccessorImpl.java:45)
	at java.base/java.lang.reflect.Constructor.newInstanceWithCaller(Constructor.java:499)
	at java.base/java.lang.reflect.Constructor.newInstance(Constructor.java:480)
	at org.openqa.selenium.remote.http.W3CHttpResponseCodec.createException(W3CHttpResponseCodec.java:187)
	at org.openqa.selenium.remote.http.W3CHttpResponseCodec.decode(W3CHttpResponseCodec.java:122)
	at org.openqa.selenium.remote.http.W3CHttpResponseCodec.decode(W3CHttpResponseCodec.java:49)
	at org.openqa.selenium.remote.HttpCommandExecutor.execute(HttpCommandExecutor.java:158)
	at org.openqa.selenium.remote.service.DriverCommandExecutor.execute(DriverCommandExecutor.java:83)
	at org.openqa.selenium.remote.RemoteWebDriver.execute(RemoteWebDriver.java:552)
	at org.openqa.selenium.remote.RemoteWebDriver.findElement(RemoteWebDriver.java:323)
	at org.openqa.selenium.remote.RemoteWebDriver.findElementByXPath(RemoteWebDriver.java:428)
	at org.openqa.selenium.By$ByXPath.findElement(By.java:353)
	at org.openqa.selenium.remote.RemoteWebDriver.findElement(RemoteWebDriver.java:315)
	at org.openqa.selenium.support.pagefactory.DefaultElementLocator.findElement(DefaultElementLocator.java:69)
	at org.openqa.selenium.support.pagefactory.internal.LocatingElementHandler.invoke(LocatingElementHandler.java:38)
	at jdk.proxy2/jdk.proxy2.$Proxy13.getAttribute(Unknown Source)
	at com.frontierX.PageLibRepo.HomePageLib.GetMapMarker(HomePageLib.java:156)
	at com.frontierX.TestScripts.FxUserWorkFlows.downloadLatestFITFiles(FxUserWorkFlows.java:89)
	at java.base/jdk.internal.reflect.NativeMethodAccessorImpl.invoke0(Native Method)
	at java.base/jdk.internal.reflect.NativeMethodAccessorImpl.invoke(NativeMethodAccessorImpl.java:77)
	at java.base/jdk.internal.reflect.DelegatingMethodAccessorImpl.invoke(DelegatingMethodAccessorImpl.java:43)
	at java.base/java.lang.reflect.Method.invoke(Method.java:568)
	at org.testng.internal.MethodInvocationHelper.invokeMethod(MethodInvocationHelper.java:133)
	at org.testng.internal.TestInvoker.invokeMethod(TestInvoker.java:598)
	at org.testng.internal.TestInvoker.invokeTestMethod(TestInvoker.java:173)
	at org.testng.internal.MethodRunner.runInSequence(MethodRunner.java:46)
	at org.testng.internal.TestInvoker$MethodInvocationAgent.invoke(TestInvoker.java:824)
	at org.testng.internal.TestInvoker.invokeTestMethods(TestInvoker.java:146)
	at org.testng.internal.TestMethodWorker.invokeTestMethods(TestMethodWorker.java:146)
	at org.testng.internal.TestMethodWorker.run(TestMethodWorker.java:128)
	at java.base/java.util.ArrayList.forEach(ArrayList.java:1511)
	at org.testng.TestRunner.privateRun(TestRunner.java:794)
	at org.testng.TestRunner.run(TestRunner.java:596)
	at org.testng.SuiteRunner.runTest(SuiteRunner.java:377)
	at org.testng.SuiteRunner.runSequentially(SuiteRunner.java:371)
	at org.testng.SuiteRunner.privateRun(SuiteRunner.java:332)
	at org.testng.SuiteRunner.run(SuiteRunner.java:276)
	at org.testng.SuiteRunnerWorker.runSuite(SuiteRunnerWorker.java:53)
	at org.testng.SuiteRunnerWorker.run(SuiteRunnerWorker.java:96)
	at org.testng.TestNG.runSuitesSequentially(TestNG.java:1212)
	at org.testng.TestNG.runSuitesSequentially(TestNG.java:1207)
	at org.testng.TestNG.runSuitesLocally(TestNG.java:1134)
	at org.testng.TestNG.runSuites(TestNG.java:1063)
	at org.testng.TestNG.run(TestNG.java:1031)
	at org.testng.remote.AbstractRemoteTestNG.run(AbstractRemoteTestNG.java:115)
	at org.testng.remote.RemoteTestNG.initAndRun(RemoteTestNG.java:251)
	at org.testng.remote.RemoteTestNG.main(RemoteTestNG.java:77)
</div></td></tr></table><p class="totop"><a href="#summary">back to summary</a></p><h3 id="m5">com.frontierX.TestScripts.FxUserWorkFlows#VerifyActivitySync ( VerifyActivitySync on [FxUserWorkFlows passed=0 failed=0 skipped=0] )</h3><table class="result"></table><p class="totop"><a href="#summary">back to summary</a></p><h3 id="m6">com.frontierX.TestScripts.FxUserWorkFlows#VerifyECGSyncIsSuccessfull ( VerifyECGSyncIsSuccessfull on [FxUserWorkFlows passed=0 failed=0 skipped=0] )</h3><table class="result"></table><p class="totop"><a href="#summary">back to summary</a></p><h3 id="m7">com.frontierX.TestScripts.FxUserWorkFlows#VerifyEditedActivity ( VerifyEditedActivity on [FxUserWorkFlows passed=0 failed=0 skipped=0] )</h3><table class="result"></table><p class="totop"><a href="#summary">back to summary</a></p><h3 id="m8">com.frontierX.TestScripts.FxUserWorkFlows#VerifyHealthTreandPageDisplays ( VerifyHealthTreandPageDisplays on [FxUserWorkFlows passed=0 failed=0 skipped=0] )</h3><table class="result"></table><p class="totop"><a href="#summary">back to summary</a></p><h3 id="m9">com.frontierX.TestScripts.FxUserWorkFlows#VerifyInsightInfoAreDisplayed ( VerifyInsightInfoAreDisplayed on [FxUserWorkFlows passed=0 failed=0 skipped=0] )</h3><table class="result"></table><p class="totop"><a href="#summary">back to summary</a></p><h2>WebApp Regression</h2><h3 id="m10">com.frontierX.TestScripts.FxWebApp_Regression#VerifyHealthEntryList ( VerifyHealthEntryList on [FxWebApp_Regression passed=0 failed=0 skipped=0] )</h3><table class="result"><tr><th>Exception</th></tr><tr><td><div class="stacktrace">java.lang.AssertionError: expected [Vitals] but found []
	at org.testng.Assert.fail(Assert.java:99)
	at org.testng.Assert.failNotEquals(Assert.java:1037)
	at org.testng.Assert.assertEqualsImpl(Assert.java:140)
	at org.testng.Assert.assertEquals(Assert.java:122)
	at org.testng.Assert.assertEquals(Assert.java:629)
	at org.testng.Assert.assertEquals(Assert.java:639)
	at com.frontierX.PageLibRepo.HomePageLib.VerifyHealthTags(HomePageLib.java:308)
	at com.frontierX.TestScripts.FxWebApp_Regression.VerifyHealthEntryList(FxWebApp_Regression.java:115)
	at java.base/jdk.internal.reflect.NativeMethodAccessorImpl.invoke0(Native Method)
	at java.base/jdk.internal.reflect.NativeMethodAccessorImpl.invoke(NativeMethodAccessorImpl.java:77)
	at java.base/jdk.internal.reflect.DelegatingMethodAccessorImpl.invoke(DelegatingMethodAccessorImpl.java:43)
	at java.base/java.lang.reflect.Method.invoke(Method.java:568)
	at org.testng.internal.MethodInvocationHelper.invokeMethod(MethodInvocationHelper.java:133)
	at org.testng.internal.TestInvoker.invokeMethod(TestInvoker.java:598)
	at org.testng.internal.TestInvoker.invokeTestMethod(TestInvoker.java:173)
	at org.testng.internal.MethodRunner.runInSequence(MethodRunner.java:46)
	at org.testng.internal.TestInvoker$MethodInvocationAgent.invoke(TestInvoker.java:824)
	at org.testng.internal.TestInvoker.invokeTestMethods(TestInvoker.java:146)
	at org.testng.internal.TestMethodWorker.invokeTestMethods(TestMethodWorker.java:146)
	at org.testng.internal.TestMethodWorker.run(TestMethodWorker.java:128)
	at java.base/java.util.ArrayList.forEach(ArrayList.java:1511)
	at org.testng.TestRunner.privateRun(TestRunner.java:794)
	at org.testng.TestRunner.run(TestRunner.java:596)
	at org.testng.SuiteRunner.runTest(SuiteRunner.java:377)
	at org.testng.SuiteRunner.runSequentially(SuiteRunner.java:371)
	at org.testng.SuiteRunner.privateRun(SuiteRunner.java:332)
	at org.testng.SuiteRunner.run(SuiteRunner.java:276)
	at org.testng.SuiteRunnerWorker.runSuite(SuiteRunnerWorker.java:53)
	at org.testng.SuiteRunnerWorker.run(SuiteRunnerWorker.java:96)
	at org.testng.TestNG.runSuitesSequentially(TestNG.java:1212)
	at org.testng.TestNG.runSuitesSequentially(TestNG.java:1207)
	at org.testng.TestNG.runSuitesLocally(TestNG.java:1134)
	at org.testng.TestNG.runSuites(TestNG.java:1063)
	at org.testng.TestNG.run(TestNG.java:1031)
	at org.testng.remote.AbstractRemoteTestNG.run(AbstractRemoteTestNG.java:115)
	at org.testng.remote.RemoteTestNG.initAndRun(RemoteTestNG.java:251)
	at org.testng.remote.RemoteTestNG.main(RemoteTestNG.java:77)
</div></td></tr></table><p class="totop"><a href="#summary">back to summary</a></p><h3 id="m11">com.frontierX.TestScripts.FxWebApp_Regression#downloadOlderFITFiles ( downloadOlderFITFiles on [FxWebApp_Regression passed=0 failed=0 skipped=0] )</h3><table class="result"><tr><th>Exception</th></tr><tr><td><div class="stacktrace">org.openqa.selenium.NoSuchElementException: no such element: Unable to locate element: {&quot;method&quot;:&quot;partial link text&quot;,&quot;selector&quot;:&quot;Download Fit File&quot;}
  (Session info: chrome=98.0.4758.102)
For documentation on this error, please visit: https://www.seleniumhq.org/exceptions/no_such_element.html
Build info: version: &apos;3.141.59&apos;, revision: &apos;e82be7d358&apos;, time: &apos;2018-11-14T08:25:53&apos;
System info: host: &apos;DESKTOP-LBTBNFA&apos;, ip: &apos;192.168.0.243&apos;, os.name: &apos;Windows 10&apos;, os.arch: &apos;amd64&apos;, os.version: &apos;10.0&apos;, java.version: &apos;17.0.1&apos;
Driver info: org.openqa.selenium.chrome.ChromeDriver
Capabilities {acceptInsecureCerts: false, browserName: chrome, browserVersion: 98.0.4758.102, chrome: {chromedriverVersion: 97.0.4692.71 (adefa7837d02a..., userDataDir: C:\Users\user\AppData\Local...}, goog:chromeOptions: {debuggerAddress: localhost:60734}, javascriptEnabled: true, networkConnectionEnabled: false, pageLoadStrategy: normal, platform: WINDOWS, platformName: WINDOWS, proxy: Proxy(), setWindowRect: true, strictFileInteractability: false, timeouts: {implicit: 0, pageLoad: 300000, script: 30000}, unhandledPromptBehavior: dismiss and notify, webauthn:extension:credBlob: true, webauthn:extension:largeBlob: true, webauthn:virtualAuthenticators: true}
Session ID: db63854f7401eda8f25cc7e84c0bbc24
*** Element info: {Using=partial link text, value=Download Fit File}
	at java.base/jdk.internal.reflect.NativeConstructorAccessorImpl.newInstance0(Native Method)
	at java.base/jdk.internal.reflect.NativeConstructorAccessorImpl.newInstance(NativeConstructorAccessorImpl.java:77)
	at java.base/jdk.internal.reflect.DelegatingConstructorAccessorImpl.newInstance(DelegatingConstructorAccessorImpl.java:45)
	at java.base/java.lang.reflect.Constructor.newInstanceWithCaller(Constructor.java:499)
	at java.base/java.lang.reflect.Constructor.newInstance(Constructor.java:480)
	at org.openqa.selenium.remote.http.W3CHttpResponseCodec.createException(W3CHttpResponseCodec.java:187)
	at org.openqa.selenium.remote.http.W3CHttpResponseCodec.decode(W3CHttpResponseCodec.java:122)
	at org.openqa.selenium.remote.http.W3CHttpResponseCodec.decode(W3CHttpResponseCodec.java:49)
	at org.openqa.selenium.remote.HttpCommandExecutor.execute(HttpCommandExecutor.java:158)
	at org.openqa.selenium.remote.service.DriverCommandExecutor.execute(DriverCommandExecutor.java:83)
	at org.openqa.selenium.remote.RemoteWebDriver.execute(RemoteWebDriver.java:552)
	at org.openqa.selenium.remote.RemoteWebDriver.findElement(RemoteWebDriver.java:323)
	at org.openqa.selenium.remote.RemoteWebDriver.findElementByPartialLinkText(RemoteWebDriver.java:388)
	at org.openqa.selenium.By$ByPartialLinkText.findElement(By.java:250)
	at org.openqa.selenium.remote.RemoteWebDriver.findElement(RemoteWebDriver.java:315)
	at org.openqa.selenium.support.pagefactory.DefaultElementLocator.findElement(DefaultElementLocator.java:69)
	at org.openqa.selenium.support.pagefactory.internal.LocatingElementHandler.invoke(LocatingElementHandler.java:38)
	at jdk.proxy2/jdk.proxy2.$Proxy13.click(Unknown Source)
	at com.frontierX.PageLibRepo.HomePageLib.clickOnDownloadFIT(HomePageLib.java:383)
	at com.frontierX.TestScripts.FxWebApp_Regression.downloadOlderFITFiles(FxWebApp_Regression.java:151)
	at java.base/jdk.internal.reflect.NativeMethodAccessorImpl.invoke0(Native Method)
	at java.base/jdk.internal.reflect.NativeMethodAccessorImpl.invoke(NativeMethodAccessorImpl.java:77)
	at java.base/jdk.internal.reflect.DelegatingMethodAccessorImpl.invoke(DelegatingMethodAccessorImpl.java:43)
	at java.base/java.lang.reflect.Method.invoke(Method.java:568)
	at org.testng.internal.MethodInvocationHelper.invokeMethod(MethodInvocationHelper.java:133)
	at org.testng.internal.TestInvoker.invokeMethod(TestInvoker.java:598)
	at org.testng.internal.TestInvoker.invokeTestMethod(TestInvoker.java:173)
	at org.testng.internal.MethodRunner.runInSequence(MethodRunner.java:46)
	at org.testng.internal.TestInvoker$MethodInvocationAgent.invoke(TestInvoker.java:824)
	at org.testng.internal.TestInvoker.invokeTestMethods(TestInvoker.java:146)
	at org.testng.internal.TestMethodWorker.invokeTestMethods(TestMethodWorker.java:146)
	at org.testng.internal.TestMethodWorker.run(TestMethodWorker.java:128)
	at java.base/java.util.ArrayList.forEach(ArrayList.java:1511)
	at org.testng.TestRunner.privateRun(TestRunner.java:794)
	at org.testng.TestRunner.run(TestRunner.java:596)
	at org.testng.SuiteRunner.runTest(SuiteRunner.java:377)
	at org.testng.SuiteRunner.runSequentially(SuiteRunner.java:371)
	at org.testng.SuiteRunner.privateRun(SuiteRunner.java:332)
	at org.testng.SuiteRunner.run(SuiteRunner.java:276)
	at org.testng.SuiteRunnerWorker.runSuite(SuiteRunnerWorker.java:53)
	at org.testng.SuiteRunnerWorker.run(SuiteRunnerWorker.java:96)
	at org.testng.TestNG.runSuitesSequentially(TestNG.java:1212)
	at org.testng.TestNG.runSuitesSequentially(TestNG.java:1207)
	at org.testng.TestNG.runSuitesLocally(TestNG.java:1134)
	at org.testng.TestNG.runSuites(TestNG.java:1063)
	at org.testng.TestNG.run(TestNG.java:1031)
	at org.testng.remote.AbstractRemoteTestNG.run(AbstractRemoteTestNG.java:115)
	at org.testng.remote.RemoteTestNG.initAndRun(RemoteTestNG.java:251)
	at org.testng.remote.RemoteTestNG.main(RemoteTestNG.java:77)
</div></td></tr></table><p class="totop"><a href="#summary">back to summary</a></p><h3 id="m12">com.frontierX.TestScripts.FxWebApp_Regression#VerifyHealthEntryAddedAndDisplayed ( VerifyHealthEntryAddedAndDisplayed on [FxWebApp_Regression passed=0 failed=0 skipped=0] )</h3><table class="result"></table><p class="totop"><a href="#summary">back to summary</a></p><h3 id="m13">com.frontierX.TestScripts.FxWebApp_Regression#VerifyHealthEntryCanBeDeleted ( VerifyHealthEntryCanBeDeleted on [FxWebApp_Regression passed=0 failed=0 skipped=0] )</h3><table class="result"></table><p class="totop"><a href="#summary">back to summary</a></p><h3 id="m14">com.frontierX.TestScripts.FxWebApp_Regression#VerifyIncorrectPasswordMsgDisplays ( VerifyIncorrectPasswordMsgDisplays on [FxWebApp_Regression passed=0 failed=0 skipped=0] )</h3><table class="result"></table><p class="totop"><a href="#summary">back to summary</a></p><h3 id="m15">com.frontierX.TestScripts.FxWebApp_Regression#VerifyUserCanLoginToFxWebApp ( VerifyUserCanLoginToFxWebApp on [FxWebApp_Regression passed=0 failed=0 skipped=0] )</h3><table class="result"></table><p class="totop"><a href="#summary">back to summary</a></p><h3 id="m16">com.frontierX.TestScripts.FxWebApp_Regression#VerifyUserNotFoundErrorMsg ( VerifyUserNotFoundErrorMsg on [FxWebApp_Regression passed=0 failed=0 skipped=0] )</h3><table class="result"></table><p class="totop"><a href="#summary">back to summary</a></p></body></html>