<!DOCTYPE html>

<html>
  <head>
  <meta charset='utf-8'>
  <title>TestNG reports</title>

    <link type="text/css" href="testng-reports1.css" rel="stylesheet" id="ultra" />
    <link type="text/css" href="testng-reports.css" rel="stylesheet" id="retro" disabled="false"/>
    <script type="text/javascript" src="jquery.min.js"></script>
    <script type="text/javascript" src="testng-reports.js"></script>
    <script type="text/javascript" src="https://www.google.com/jsapi"></script>
    <script type='text/javascript'>
      google.load('visualization', '1', {packages:['table']});
      google.setOnLoadCallback(drawTable);
      var suiteTableInitFunctions = new Array();
      var suiteTableData = new Array();
    </script>
    <!--
      <script type="text/javascript" src="jquery-ui/js/jquery-ui-1.8.16.custom.min.js"></script>
     -->
  </head>

  <body>
    <div class="top-banner-root">
      <span class="top-banner-title-font">Test results</span>
      <button id="button" class="button">Switch Retro Theme</button> <!-- button -->
      <br/>
      <span class="top-banner-font-1">2 suites, 9 failed tests</span>
    </div> <!-- top-banner-root -->
    <div class="navigator-root">
      <div class="navigator-suite-header">
        <span>All suites</span>
        <a href="#" title="Collapse/expand all the suites" class="collapse-all-link">
          <img src="collapseall.gif" class="collapse-all-icon">
          </img> <!-- collapse-all-icon -->
        </a> <!-- collapse-all-link -->
      </div> <!-- navigator-suite-header -->
      <div class="suite">
        <div class="rounded-window">
          <div class="suite-header light-rounded-window-top">
            <a href="#" panel-name="suite-Admin_User___Smoke_Tests_in_Prod" class="navigator-link">
              <span class="suite-name border-failed">Admin User - Smoke Tests in Prod</span>
            </a> <!-- navigator-link -->
          </div> <!-- suite-header light-rounded-window-top -->
          <div class="navigator-suite-content">
            <div class="suite-section-title">
              <span>Info</span>
            </div> <!-- suite-section-title -->
            <div class="suite-section-content">
              <ul>
                <li>
                  <a href="#" panel-name="test-xml-Admin_User___Smoke_Tests_in_Prod" class="navigator-link ">
                    <span>D:\Gitwebapp\frontierX\Sanity_XMLs\DailySanity.xml</span>
                  </a> <!-- navigator-link  -->
                </li>
                <li>
                  <a href="#" panel-name="testlist-Admin_User___Smoke_Tests_in_Prod" class="navigator-link ">
                    <span class="test-stats">1 test</span>
                  </a> <!-- navigator-link  -->
                </li>
                <li>
                  <a href="#" panel-name="group-Admin_User___Smoke_Tests_in_Prod" class="navigator-link ">
                    <span>0 groups</span>
                  </a> <!-- navigator-link  -->
                </li>
                <li>
                  <a href="#" panel-name="times-Admin_User___Smoke_Tests_in_Prod" class="navigator-link ">
                    <span>Times</span>
                  </a> <!-- navigator-link  -->
                </li>
                <li>
                  <a href="#" panel-name="reporter-Admin_User___Smoke_Tests_in_Prod" class="navigator-link ">
                    <span>Reporter output</span>
                  </a> <!-- navigator-link  -->
                </li>
                <li>
                  <a href="#" panel-name="ignored-methods-Admin_User___Smoke_Tests_in_Prod" class="navigator-link ">
                    <span>Ignored methods</span>
                  </a> <!-- navigator-link  -->
                </li>
                <li>
                  <a href="#" panel-name="chronological-Admin_User___Smoke_Tests_in_Prod" class="navigator-link ">
                    <span>Chronological view</span>
                  </a> <!-- navigator-link  -->
                </li>
              </ul>
            </div> <!-- suite-section-content -->
            <div class="result-section">
              <div class="suite-section-title">
                <span>Results</span>
              </div> <!-- suite-section-title -->
              <div class="suite-section-content">
                <ul>
                  <li>
                    <span class="method-stats">24 methods, 9 failed,   15 passed</span>
                  </li>
                  <li>
                    <span class="method-list-title failed">Failed methods</span>
                    <span class="show-or-hide-methods failed">
                      <a href="#" panel-name="suite-Admin_User___Smoke_Tests_in_Prod" class="hide-methods failed suite-Admin_User___Smoke_Tests_in_Prod"> (hide)</a> <!-- hide-methods failed suite-Admin_User___Smoke_Tests_in_Prod -->
                      <a href="#" panel-name="suite-Admin_User___Smoke_Tests_in_Prod" class="show-methods failed suite-Admin_User___Smoke_Tests_in_Prod"> (show)</a> <!-- show-methods failed suite-Admin_User___Smoke_Tests_in_Prod -->
                    </span>
                    <div class="method-list-content failed suite-Admin_User___Smoke_Tests_in_Prod">
                      <span>
                        <img src="failed.png" width="3%"/>
                        <a href="#" panel-name="suite-Admin_User___Smoke_Tests_in_Prod" title="com.frontierX.SanityScripts.FxSanity_Doctor" class="method navigator-link" hash-for-method="VerifyDoctorsCanLoginToFxWebApp">VerifyDoctorsCanLoginToFxWebApp</a> <!-- method navigator-link -->
                      </span>
                      <br/>
                      <span>
                        <img src="failed.png" width="3%"/>
                        <a href="#" panel-name="suite-Admin_User___Smoke_Tests_in_Prod" title="com.frontierX.SanityScripts.FxSanity_Doctor" class="method navigator-link" hash-for-method="VerifyDoctrsCanSearchPatients">VerifyDoctrsCanSearchPatients</a> <!-- method navigator-link -->
                      </span>
                      <br/>
                      <span>
                        <img src="failed.png" width="3%"/>
                        <a href="#" panel-name="suite-Admin_User___Smoke_Tests_in_Prod" title="com.frontierX.SanityScripts.FxSanity_PremiumUser" class="method navigator-link" hash-for-method="VerifyECGPDFPopUp_PremiumUser">VerifyECGPDFPopUp_PremiumUser</a> <!-- method navigator-link -->
                      </span>
                      <br/>
                      <span>
                        <img src="failed.png" width="3%"/>
                        <a href="#" panel-name="suite-Admin_User___Smoke_Tests_in_Prod" title="com.frontierX.SanityScripts.FxSanity_PremiumUser" class="method navigator-link" hash-for-method="VerifyPremiumUsersCanLoginToFxWebApp">VerifyPremiumUsersCanLoginToFxWebApp</a> <!-- method navigator-link -->
                      </span>
                      <br/>
                      <span>
                        <img src="failed.png" width="3%"/>
                        <a href="#" panel-name="suite-Admin_User___Smoke_Tests_in_Prod" title="com.frontierX.SanityScripts.FxSanity_Coach" class="method navigator-link" hash-for-method="VerifyTrainersCanLoginToFxWebApp">VerifyTrainersCanLoginToFxWebApp</a> <!-- method navigator-link -->
                      </span>
                      <br/>
                      <span>
                        <img src="failed.png" width="3%"/>
                        <a href="#" panel-name="suite-Admin_User___Smoke_Tests_in_Prod" title="com.frontierX.SanityScripts.FxSanity_User" class="method navigator-link" hash-for-method="VerifyTrainingLoad">VerifyTrainingLoad</a> <!-- method navigator-link -->
                      </span>
                      <br/>
                      <span>
                        <img src="failed.png" width="3%"/>
                        <a href="#" panel-name="suite-Admin_User___Smoke_Tests_in_Prod" title="com.frontierX.SanityScripts.FxSanity_Admin" class="method navigator-link" hash-for-method="VerifyUserLevelChangesAreSaved">VerifyUserLevelChangesAreSaved</a> <!-- method navigator-link -->
                      </span>
                      <br/>
                      <span>
                        <img src="failed.png" width="3%"/>
                        <a href="#" panel-name="suite-Admin_User___Smoke_Tests_in_Prod" title="com.frontierX.SanityScripts.FxSanity_Admin" class="method navigator-link" hash-for-method="VerifyUserLevelsDropDown">VerifyUserLevelsDropDown</a> <!-- method navigator-link -->
                      </span>
                      <br/>
                      <span>
                        <img src="failed.png" width="3%"/>
                        <a href="#" panel-name="suite-Admin_User___Smoke_Tests_in_Prod" title="com.frontierX.SanityScripts.FxSanity_Doctor" class="method navigator-link" hash-for-method="VerifyUserNameDisplayedOnDashboard_Doctors">VerifyUserNameDisplayedOnDashboard_Doctors</a> <!-- method navigator-link -->
                      </span>
                      <br/>
                    </div> <!-- method-list-content failed suite-Admin_User___Smoke_Tests_in_Prod -->
                  </li>
                  <li>
                    <span class="method-list-title passed">Passed methods</span>
                    <span class="show-or-hide-methods passed">
                      <a href="#" panel-name="suite-Admin_User___Smoke_Tests_in_Prod" class="hide-methods passed suite-Admin_User___Smoke_Tests_in_Prod"> (hide)</a> <!-- hide-methods passed suite-Admin_User___Smoke_Tests_in_Prod -->
                      <a href="#" panel-name="suite-Admin_User___Smoke_Tests_in_Prod" class="show-methods passed suite-Admin_User___Smoke_Tests_in_Prod"> (show)</a> <!-- show-methods passed suite-Admin_User___Smoke_Tests_in_Prod -->
                    </span>
                    <div class="method-list-content passed suite-Admin_User___Smoke_Tests_in_Prod">
                      <span>
                        <img src="passed.png" width="3%"/>
                        <a href="#" panel-name="suite-Admin_User___Smoke_Tests_in_Prod" title="com.frontierX.SanityScripts.FxSanity_User" class="method navigator-link" hash-for-method="VerifyActivitySync">VerifyActivitySync</a> <!-- method navigator-link -->
                      </span>
                      <br/>
                      <span>
                        <img src="passed.png" width="3%"/>
                        <a href="#" panel-name="suite-Admin_User___Smoke_Tests_in_Prod" title="com.frontierX.SanityScripts.FxSanity_User" class="method navigator-link" hash-for-method="VerifyAddReportSection">VerifyAddReportSection</a> <!-- method navigator-link -->
                      </span>
                      <br/>
                      <span>
                        <img src="passed.png" width="3%"/>
                        <a href="#" panel-name="suite-Admin_User___Smoke_Tests_in_Prod" title="com.frontierX.SanityScripts.FxSanity_Admin" class="method navigator-link" hash-for-method="VerifyAdminSearch">VerifyAdminSearch</a> <!-- method navigator-link -->
                      </span>
                      <br/>
                      <span>
                        <img src="passed.png" width="3%"/>
                        <a href="#" panel-name="suite-Admin_User___Smoke_Tests_in_Prod" title="com.frontierX.SanityScripts.FxSanity_User" class="method navigator-link" hash-for-method="VerifyECGSyncIsSuccessfull">VerifyECGSyncIsSuccessfull</a> <!-- method navigator-link -->
                      </span>
                      <br/>
                      <span>
                        <img src="passed.png" width="3%"/>
                        <a href="#" panel-name="suite-Admin_User___Smoke_Tests_in_Prod" title="com.frontierX.SanityScripts.FxSanity_User" class="method navigator-link" hash-for-method="VerifyEditedActivity">VerifyEditedActivity</a> <!-- method navigator-link -->
                      </span>
                      <br/>
                      <span>
                        <img src="passed.png" width="3%"/>
                        <a href="#" panel-name="suite-Admin_User___Smoke_Tests_in_Prod" title="com.frontierX.SanityScripts.FxSanity_Coach" class="method navigator-link" hash-for-method="VerifyFCPName">VerifyFCPName</a> <!-- method navigator-link -->
                      </span>
                      <br/>
                      <span>
                        <img src="passed.png" width="3%"/>
                        <a href="#" panel-name="suite-Admin_User___Smoke_Tests_in_Prod" title="com.frontierX.SanityScripts.FxSanity_User" class="method navigator-link" hash-for-method="VerifyHealthTreandPageDisplays">VerifyHealthTreandPageDisplays</a> <!-- method navigator-link -->
                      </span>
                      <br/>
                      <span>
                        <img src="passed.png" width="3%"/>
                        <a href="#" panel-name="suite-Admin_User___Smoke_Tests_in_Prod" title="com.frontierX.SanityScripts.FxSanity_PremiumUser" class="method navigator-link" hash-for-method="VerifyHomePageElements_PremiumUser">VerifyHomePageElements_PremiumUser</a> <!-- method navigator-link -->
                      </span>
                      <br/>
                      <span>
                        <img src="passed.png" width="3%"/>
                        <a href="#" panel-name="suite-Admin_User___Smoke_Tests_in_Prod" title="com.frontierX.SanityScripts.FxSanity_User" class="method navigator-link" hash-for-method="VerifyInsightInfoAreDisplayed">VerifyInsightInfoAreDisplayed</a> <!-- method navigator-link -->
                      </span>
                      <br/>
                      <span>
                        <img src="passed.png" width="3%"/>
                        <a href="#" panel-name="suite-Admin_User___Smoke_Tests_in_Prod" title="com.frontierX.SanityScripts.FxSanity_Admin" class="method navigator-link" hash-for-method="VerifyLoggedInUser_AdminUser">VerifyLoggedInUser_AdminUser</a> <!-- method navigator-link -->
                      </span>
                      <br/>
                      <span>
                        <img src="passed.png" width="3%"/>
                        <a href="#" panel-name="suite-Admin_User___Smoke_Tests_in_Prod" title="com.frontierX.SanityScripts.FxSanity_Doctor" class="method navigator-link" hash-for-method="VerifyLoggedInUser_DoctorUser">VerifyLoggedInUser_DoctorUser</a> <!-- method navigator-link -->
                      </span>
                      <br/>
                      <span>
                        <img src="passed.png" width="3%"/>
                        <a href="#" panel-name="suite-Admin_User___Smoke_Tests_in_Prod" title="com.frontierX.SanityScripts.FxSanity_PremiumUser" class="method navigator-link" hash-for-method="VerifyPremiumUserCanDownloadFITFiles">VerifyPremiumUserCanDownloadFITFiles</a> <!-- method navigator-link -->
                      </span>
                      <br/>
                      <span>
                        <img src="passed.png" width="3%"/>
                        <a href="#" panel-name="suite-Admin_User___Smoke_Tests_in_Prod" title="com.frontierX.SanityScripts.FxSanity_User" class="method navigator-link" hash-for-method="VerifyUserCanDownloadLatestFITFiles">VerifyUserCanDownloadLatestFITFiles</a> <!-- method navigator-link -->
                      </span>
                      <br/>
                      <span>
                        <img src="passed.png" width="3%"/>
                        <a href="#" panel-name="suite-Admin_User___Smoke_Tests_in_Prod" title="com.frontierX.SanityScripts.FxSanity_Admin" class="method navigator-link" hash-for-method="VerifyUserLevelsAvailable">VerifyUserLevelsAvailable</a> <!-- method navigator-link -->
                      </span>
                      <br/>
                      <span>
                        <img src="passed.png" width="3%"/>
                        <a href="#" panel-name="suite-Admin_User___Smoke_Tests_in_Prod" title="com.frontierX.SanityScripts.FxSanity_Admin" class="method navigator-link" hash-for-method="VerifyUserNameDisplayedOnDashboard">VerifyUserNameDisplayedOnDashboard</a> <!-- method navigator-link -->
                      </span>
                      <br/>
                    </div> <!-- method-list-content passed suite-Admin_User___Smoke_Tests_in_Prod -->
                  </li>
                </ul>
              </div> <!-- suite-section-content -->
            </div> <!-- result-section -->
          </div> <!-- navigator-suite-content -->
        </div> <!-- rounded-window -->
      </div> <!-- suite -->
    </div> <!-- navigator-root -->
    <div class="wrapper">
      <div class="main-panel-root">
        <div panel-name="suite-Admin_User___Smoke_Tests_in_Prod" class="panel Admin_User___Smoke_Tests_in_Prod">
          <div class="suite-Admin_User___Smoke_Tests_in_Prod-class-failed">
            <div class="main-panel-header rounded-window-top">
              <img src="failed.png"/>
              <span class="class-name">com.frontierX.SanityScripts.FxSanity_User</span>
            </div> <!-- main-panel-header rounded-window-top -->
            <div class="main-panel-content rounded-window-bottom">
              <div class="method">
                <div class="method-content">
                  <a name="VerifyTrainingLoad">
                  </a> <!-- VerifyTrainingLoad -->
                  <span class="method-name">VerifyTrainingLoad</span>
                  <div class="stack-trace">org.openqa.selenium.NoSuchElementException: no such element: Unable to locate element: {&quot;method&quot;:&quot;xpath&quot;,&quot;selector&quot;:&quot;//body/div[@id=&apos;app&apos;]/div/div[@class=&apos;wrapper row-offcanvas&apos;]/aside[@class=&apos;right-aside&apos;]/section[@class=&apos;content&apos;]/div/div[@class=&apos;header-information&apos;]/div[@class=&apos;training-statistics&apos;]/div[@class=&apos;my-col-1 my-md-col-2 my-sm-col-3&apos;]/div[1]&quot;}
  (Session info: chrome=102.0.5005.115)
For documentation on this error, please visit: https://www.seleniumhq.org/exceptions/no_such_element.html
Build info: version: &apos;3.141.59&apos;, revision: &apos;e82be7d358&apos;, time: &apos;2018-11-14T08:25:53&apos;
System info: host: &apos;DESKTOP-LBTBNFA&apos;, ip: &apos;192.168.0.243&apos;, os.name: &apos;Windows 10&apos;, os.arch: &apos;amd64&apos;, os.version: &apos;10.0&apos;, java.version: &apos;17.0.1&apos;
Driver info: org.openqa.selenium.chrome.ChromeDriver
Capabilities {acceptInsecureCerts: false, browserName: chrome, browserVersion: 102.0.5005.115, chrome: {chromedriverVersion: 102.0.5005.61 (0e59bcc00cc4..., userDataDir: C:\Users\user\AppData\Local...}, goog:chromeOptions: {debuggerAddress: localhost:64370}, javascriptEnabled: true, networkConnectionEnabled: false, pageLoadStrategy: normal, platform: WINDOWS, platformName: WINDOWS, proxy: Proxy(), setWindowRect: true, strictFileInteractability: false, timeouts: {implicit: 0, pageLoad: 300000, script: 30000}, unhandledPromptBehavior: dismiss and notify, webauthn:extension:credBlob: true, webauthn:extension:largeBlob: true, webauthn:virtualAuthenticators: true}
Session ID: c2983b4b15b7bfc763b6f6b381f9e874
*** Element info: {Using=xpath, value=//body/div[@id=&apos;app&apos;]/div/div[@class=&apos;wrapper row-offcanvas&apos;]/aside[@class=&apos;right-aside&apos;]/section[@class=&apos;content&apos;]/div/div[@class=&apos;header-information&apos;]/div[@class=&apos;training-statistics&apos;]/div[@class=&apos;my-col-1 my-md-col-2 my-sm-col-3&apos;]/div[1]}
	at org.openqa.selenium.remote.http.W3CHttpResponseCodec.createException(W3CHttpResponseCodec.java:187)
	at org.openqa.selenium.remote.http.W3CHttpResponseCodec.decode(W3CHttpResponseCodec.java:122)
	at org.openqa.selenium.remote.http.W3CHttpResponseCodec.decode(W3CHttpResponseCodec.java:49)
	at org.openqa.selenium.remote.HttpCommandExecutor.execute(HttpCommandExecutor.java:158)
	at org.openqa.selenium.remote.service.DriverCommandExecutor.execute(DriverCommandExecutor.java:83)
	at org.openqa.selenium.remote.RemoteWebDriver.execute(RemoteWebDriver.java:552)
	at org.openqa.selenium.remote.RemoteWebDriver.findElement(RemoteWebDriver.java:323)
	at org.openqa.selenium.remote.RemoteWebDriver.findElementByXPath(RemoteWebDriver.java:428)
	at org.openqa.selenium.By$ByXPath.findElement(By.java:353)
	at org.openqa.selenium.remote.RemoteWebDriver.findElement(RemoteWebDriver.java:315)
	at org.openqa.selenium.support.pagefactory.DefaultElementLocator.findElement(DefaultElementLocator.java:69)
	at org.openqa.selenium.support.pagefactory.internal.LocatingElementHandler.invoke(LocatingElementHandler.java:38)
	at jdk.proxy2/jdk.proxy2.$Proxy14.findElements(Unknown Source)
	at com.frontierX.PageLibRepo.WorkoutDetailsPageLib.GetTrainingLoadValue(WorkoutDetailsPageLib.java:225)
	at com.frontierX.SanityScripts.FxSanity_User.VerifyTrainingLoad(FxSanity_User.java:74)
	at java.base/java.util.concurrent.ThreadPoolExecutor.runWorker(ThreadPoolExecutor.java:1136)
	at java.base/java.util.concurrent.ThreadPoolExecutor$Worker.run(ThreadPoolExecutor.java:635)
	at java.base/java.lang.Thread.run(Thread.java:833)
... Removed 17 stack frames
</div> <!-- stack-trace -->
                  <em>
(Purpose of this test is to Verify Training load on home page and Workout details page are same)                  </em>
                </div> <!-- method-content -->
              </div> <!-- method -->
            </div> <!-- main-panel-content rounded-window-bottom -->
          </div> <!-- suite-Admin_User___Smoke_Tests_in_Prod-class-failed -->
          <div class="suite-Admin_User___Smoke_Tests_in_Prod-class-failed">
            <div class="main-panel-header rounded-window-top">
              <img src="failed.png"/>
              <span class="class-name">com.frontierX.SanityScripts.FxSanity_Doctor</span>
            </div> <!-- main-panel-header rounded-window-top -->
            <div class="main-panel-content rounded-window-bottom">
              <div class="method">
                <div class="method-content">
                  <a name="VerifyDoctorsCanLoginToFxWebApp">
                  </a> <!-- VerifyDoctorsCanLoginToFxWebApp -->
                  <span class="method-name">VerifyDoctorsCanLoginToFxWebApp</span>
                  <div class="stack-trace">org.openqa.selenium.NoSuchElementException: no such element: Unable to locate element: {&quot;method&quot;:&quot;css selector&quot;,&quot;selector&quot;:&quot;.mini\-toastr\-notification__message&quot;}
  (Session info: chrome=102.0.5005.115)
For documentation on this error, please visit: https://www.seleniumhq.org/exceptions/no_such_element.html
Build info: version: &apos;3.141.59&apos;, revision: &apos;e82be7d358&apos;, time: &apos;2018-11-14T08:25:53&apos;
System info: host: &apos;DESKTOP-LBTBNFA&apos;, ip: &apos;192.168.0.243&apos;, os.name: &apos;Windows 10&apos;, os.arch: &apos;amd64&apos;, os.version: &apos;10.0&apos;, java.version: &apos;17.0.1&apos;
Driver info: org.openqa.selenium.chrome.ChromeDriver
Capabilities {acceptInsecureCerts: false, browserName: chrome, browserVersion: 102.0.5005.115, chrome: {chromedriverVersion: 102.0.5005.61 (0e59bcc00cc4..., userDataDir: C:\Users\user\AppData\Local...}, goog:chromeOptions: {debuggerAddress: localhost:63199}, javascriptEnabled: true, networkConnectionEnabled: false, pageLoadStrategy: normal, platform: WINDOWS, platformName: WINDOWS, proxy: Proxy(), setWindowRect: true, strictFileInteractability: false, timeouts: {implicit: 0, pageLoad: 300000, script: 30000}, unhandledPromptBehavior: dismiss and notify, webauthn:extension:credBlob: true, webauthn:extension:largeBlob: true, webauthn:virtualAuthenticators: true}
Session ID: e9f5d191c32fc733da19442d0f2cc79b
*** Element info: {Using=class name, value=mini-toastr-notification__message}
	at org.openqa.selenium.remote.http.W3CHttpResponseCodec.createException(W3CHttpResponseCodec.java:187)
	at org.openqa.selenium.remote.http.W3CHttpResponseCodec.decode(W3CHttpResponseCodec.java:122)
	at org.openqa.selenium.remote.http.W3CHttpResponseCodec.decode(W3CHttpResponseCodec.java:49)
	at org.openqa.selenium.remote.HttpCommandExecutor.execute(HttpCommandExecutor.java:158)
	at org.openqa.selenium.remote.service.DriverCommandExecutor.execute(DriverCommandExecutor.java:83)
	at org.openqa.selenium.remote.RemoteWebDriver.execute(RemoteWebDriver.java:552)
	at org.openqa.selenium.remote.RemoteWebDriver.findElement(RemoteWebDriver.java:323)
	at org.openqa.selenium.remote.RemoteWebDriver.findElementByClassName(RemoteWebDriver.java:412)
	at org.openqa.selenium.By$ByClassName.findElement(By.java:389)
	at org.openqa.selenium.remote.RemoteWebDriver.findElement(RemoteWebDriver.java:315)
	at org.openqa.selenium.support.pagefactory.DefaultElementLocator.findElement(DefaultElementLocator.java:69)
	at org.openqa.selenium.support.pagefactory.internal.LocatingElementHandler.invoke(LocatingElementHandler.java:38)
	at jdk.proxy2/jdk.proxy2.$Proxy14.getText(Unknown Source)
	at com.frontierX.PageLibRepo.HomePageLib.VerifyUserInfoPopUp(HomePageLib.java:141)
	at com.frontierX.SanityScripts.FxSanity_Doctor.VerifyDoctorsCanLoginToFxWebApp(FxSanity_Doctor.java:62)
	at java.base/java.util.concurrent.ThreadPoolExecutor.runWorker(ThreadPoolExecutor.java:1136)
	at java.base/java.util.concurrent.ThreadPoolExecutor$Worker.run(ThreadPoolExecutor.java:635)
	at java.base/java.lang.Thread.run(Thread.java:833)
... Removed 17 stack frames
</div> <!-- stack-trace -->
                  <em>
(Purpose of this test is to Verify that Doctor can Login to FX WebApp)                  </em>
                </div> <!-- method-content -->
              </div> <!-- method -->
              <div class="method">
                <div class="method-content">
                  <a name="VerifyDoctrsCanSearchPatients">
                  </a> <!-- VerifyDoctrsCanSearchPatients -->
                  <span class="method-name">VerifyDoctrsCanSearchPatients</span>
                  <div class="stack-trace">org.openqa.selenium.NoSuchElementException: no such element: Unable to locate element: {&quot;method&quot;:&quot;xpath&quot;,&quot;selector&quot;:&quot;//div[@class=&apos;col-12 col-md-4&apos;]&quot;}
  (Session info: chrome=102.0.5005.115)
For documentation on this error, please visit: https://www.seleniumhq.org/exceptions/no_such_element.html
Build info: version: &apos;3.141.59&apos;, revision: &apos;e82be7d358&apos;, time: &apos;2018-11-14T08:25:53&apos;
System info: host: &apos;DESKTOP-LBTBNFA&apos;, ip: &apos;192.168.0.243&apos;, os.name: &apos;Windows 10&apos;, os.arch: &apos;amd64&apos;, os.version: &apos;10.0&apos;, java.version: &apos;17.0.1&apos;
Driver info: org.openqa.selenium.chrome.ChromeDriver
Capabilities {acceptInsecureCerts: false, browserName: chrome, browserVersion: 102.0.5005.115, chrome: {chromedriverVersion: 102.0.5005.61 (0e59bcc00cc4..., userDataDir: C:\Users\user\AppData\Local...}, goog:chromeOptions: {debuggerAddress: localhost:63646}, javascriptEnabled: true, networkConnectionEnabled: false, pageLoadStrategy: normal, platform: WINDOWS, platformName: WINDOWS, proxy: Proxy(), setWindowRect: true, strictFileInteractability: false, timeouts: {implicit: 0, pageLoad: 300000, script: 30000}, unhandledPromptBehavior: dismiss and notify, webauthn:extension:credBlob: true, webauthn:extension:largeBlob: true, webauthn:virtualAuthenticators: true}
Session ID: 71624d925a5501ca3c5e68e000d1e945
*** Element info: {Using=xpath, value=//div[@class=&apos;col-12 col-md-4&apos;]}
	at org.openqa.selenium.remote.http.W3CHttpResponseCodec.createException(W3CHttpResponseCodec.java:187)
	at org.openqa.selenium.remote.http.W3CHttpResponseCodec.decode(W3CHttpResponseCodec.java:122)
	at org.openqa.selenium.remote.http.W3CHttpResponseCodec.decode(W3CHttpResponseCodec.java:49)
	at org.openqa.selenium.remote.HttpCommandExecutor.execute(HttpCommandExecutor.java:158)
	at org.openqa.selenium.remote.service.DriverCommandExecutor.execute(DriverCommandExecutor.java:83)
	at org.openqa.selenium.remote.RemoteWebDriver.execute(RemoteWebDriver.java:552)
	at org.openqa.selenium.remote.RemoteWebDriver.findElement(RemoteWebDriver.java:323)
	at org.openqa.selenium.remote.RemoteWebDriver.findElementByXPath(RemoteWebDriver.java:428)
	at org.openqa.selenium.By$ByXPath.findElement(By.java:353)
	at org.openqa.selenium.remote.RemoteWebDriver.findElement(RemoteWebDriver.java:315)
	at org.openqa.selenium.support.pagefactory.DefaultElementLocator.findElement(DefaultElementLocator.java:69)
	at org.openqa.selenium.support.pagefactory.internal.LocatingElementHandler.invoke(LocatingElementHandler.java:38)
	at jdk.proxy2/jdk.proxy2.$Proxy14.getText(Unknown Source)
	at com.frontierX.PageLibRepo.HomePageLib.VerifyIfSearchedUserAppeared(HomePageLib.java:361)
	at com.frontierX.SanityScripts.FxSanity_Doctor.VerifyDoctrsCanSearchPatients(FxSanity_Doctor.java:77)
	at java.base/java.util.concurrent.ThreadPoolExecutor.runWorker(ThreadPoolExecutor.java:1136)
	at java.base/java.util.concurrent.ThreadPoolExecutor$Worker.run(ThreadPoolExecutor.java:635)
	at java.base/java.lang.Thread.run(Thread.java:833)
... Removed 17 stack frames
</div> <!-- stack-trace -->
                  <em>
(Purpose of this test is to Verify Doctors can search any user in our system)                  </em>
                </div> <!-- method-content -->
              </div> <!-- method -->
              <div class="method">
                <div class="method-content">
                  <a name="VerifyUserNameDisplayedOnDashboard_Doctors">
                  </a> <!-- VerifyUserNameDisplayedOnDashboard_Doctors -->
                  <span class="method-name">VerifyUserNameDisplayedOnDashboard_Doctors</span>
                  <div class="stack-trace">org.openqa.selenium.NoSuchElementException: no such element: Unable to locate element: {&quot;method&quot;:&quot;xpath&quot;,&quot;selector&quot;:&quot;//div[@class=&apos;col-12 col-md-4&apos;]&quot;}
  (Session info: chrome=102.0.5005.115)
For documentation on this error, please visit: https://www.seleniumhq.org/exceptions/no_such_element.html
Build info: version: &apos;3.141.59&apos;, revision: &apos;e82be7d358&apos;, time: &apos;2018-11-14T08:25:53&apos;
System info: host: &apos;DESKTOP-LBTBNFA&apos;, ip: &apos;192.168.0.243&apos;, os.name: &apos;Windows 10&apos;, os.arch: &apos;amd64&apos;, os.version: &apos;10.0&apos;, java.version: &apos;17.0.1&apos;
Driver info: org.openqa.selenium.chrome.ChromeDriver
Capabilities {acceptInsecureCerts: false, browserName: chrome, browserVersion: 102.0.5005.115, chrome: {chromedriverVersion: 102.0.5005.61 (0e59bcc00cc4..., userDataDir: C:\Users\user\AppData\Local...}, goog:chromeOptions: {debuggerAddress: localhost:64164}, javascriptEnabled: true, networkConnectionEnabled: false, pageLoadStrategy: normal, platform: WINDOWS, platformName: WINDOWS, proxy: Proxy(), setWindowRect: true, strictFileInteractability: false, timeouts: {implicit: 0, pageLoad: 300000, script: 30000}, unhandledPromptBehavior: dismiss and notify, webauthn:extension:credBlob: true, webauthn:extension:largeBlob: true, webauthn:virtualAuthenticators: true}
Session ID: 04f040d01519336a4d40fa6f68bbbf50
*** Element info: {Using=xpath, value=//div[@class=&apos;col-12 col-md-4&apos;]}
	at org.openqa.selenium.remote.http.W3CHttpResponseCodec.createException(W3CHttpResponseCodec.java:187)
	at org.openqa.selenium.remote.http.W3CHttpResponseCodec.decode(W3CHttpResponseCodec.java:122)
	at org.openqa.selenium.remote.http.W3CHttpResponseCodec.decode(W3CHttpResponseCodec.java:49)
	at org.openqa.selenium.remote.HttpCommandExecutor.execute(HttpCommandExecutor.java:158)
	at org.openqa.selenium.remote.service.DriverCommandExecutor.execute(DriverCommandExecutor.java:83)
	at org.openqa.selenium.remote.RemoteWebDriver.execute(RemoteWebDriver.java:552)
	at org.openqa.selenium.remote.RemoteWebDriver.findElement(RemoteWebDriver.java:323)
	at org.openqa.selenium.remote.RemoteWebDriver.findElementByXPath(RemoteWebDriver.java:428)
	at org.openqa.selenium.By$ByXPath.findElement(By.java:353)
	at org.openqa.selenium.remote.RemoteWebDriver.findElement(RemoteWebDriver.java:315)
	at org.openqa.selenium.support.pagefactory.DefaultElementLocator.findElement(DefaultElementLocator.java:69)
	at org.openqa.selenium.support.pagefactory.internal.LocatingElementHandler.invoke(LocatingElementHandler.java:38)
	at jdk.proxy2/jdk.proxy2.$Proxy14.getText(Unknown Source)
	at com.frontierX.PageLibRepo.HomePageLib.VerifyIfSearchedUserAppeared(HomePageLib.java:361)
	at com.frontierX.SanityScripts.FxSanity_Doctor.VerifyUserNameDisplayedOnDashboard_Doctors(FxSanity_Doctor.java:91)
	at java.base/java.util.concurrent.ThreadPoolExecutor.runWorker(ThreadPoolExecutor.java:1136)
	at java.base/java.util.concurrent.ThreadPoolExecutor$Worker.run(ThreadPoolExecutor.java:635)
	at java.base/java.lang.Thread.run(Thread.java:833)
... Removed 17 stack frames
</div> <!-- stack-trace -->
                  <em>
(Purpose of this test is to Verify that current user's name is displayed when Doctors access any user's dashboard)                  </em>
                </div> <!-- method-content -->
              </div> <!-- method -->
            </div> <!-- main-panel-content rounded-window-bottom -->
          </div> <!-- suite-Admin_User___Smoke_Tests_in_Prod-class-failed -->
          <div class="suite-Admin_User___Smoke_Tests_in_Prod-class-failed">
            <div class="main-panel-header rounded-window-top">
              <img src="failed.png"/>
              <span class="class-name">com.frontierX.SanityScripts.FxSanity_Coach</span>
            </div> <!-- main-panel-header rounded-window-top -->
            <div class="main-panel-content rounded-window-bottom">
              <div class="method">
                <div class="method-content">
                  <a name="VerifyTrainersCanLoginToFxWebApp">
                  </a> <!-- VerifyTrainersCanLoginToFxWebApp -->
                  <span class="method-name">VerifyTrainersCanLoginToFxWebApp</span>
                  <div class="stack-trace">org.openqa.selenium.NoSuchElementException: no such element: Unable to locate element: {&quot;method&quot;:&quot;css selector&quot;,&quot;selector&quot;:&quot;.mini\-toastr\-notification__message&quot;}
  (Session info: chrome=102.0.5005.115)
For documentation on this error, please visit: https://www.seleniumhq.org/exceptions/no_such_element.html
Build info: version: &apos;3.141.59&apos;, revision: &apos;e82be7d358&apos;, time: &apos;2018-11-14T08:25:53&apos;
System info: host: &apos;DESKTOP-LBTBNFA&apos;, ip: &apos;192.168.0.243&apos;, os.name: &apos;Windows 10&apos;, os.arch: &apos;amd64&apos;, os.version: &apos;10.0&apos;, java.version: &apos;17.0.1&apos;
Driver info: org.openqa.selenium.chrome.ChromeDriver
Capabilities {acceptInsecureCerts: false, browserName: chrome, browserVersion: 102.0.5005.115, chrome: {chromedriverVersion: 102.0.5005.61 (0e59bcc00cc4..., userDataDir: C:\Users\user\AppData\Local...}, goog:chromeOptions: {debuggerAddress: localhost:63524}, javascriptEnabled: true, networkConnectionEnabled: false, pageLoadStrategy: normal, platform: WINDOWS, platformName: WINDOWS, proxy: Proxy(), setWindowRect: true, strictFileInteractability: false, timeouts: {implicit: 0, pageLoad: 300000, script: 30000}, unhandledPromptBehavior: dismiss and notify, webauthn:extension:credBlob: true, webauthn:extension:largeBlob: true, webauthn:virtualAuthenticators: true}
Session ID: 01fa0b794fc69b5b384112a3a70bb287
*** Element info: {Using=class name, value=mini-toastr-notification__message}
	at org.openqa.selenium.remote.http.W3CHttpResponseCodec.createException(W3CHttpResponseCodec.java:187)
	at org.openqa.selenium.remote.http.W3CHttpResponseCodec.decode(W3CHttpResponseCodec.java:122)
	at org.openqa.selenium.remote.http.W3CHttpResponseCodec.decode(W3CHttpResponseCodec.java:49)
	at org.openqa.selenium.remote.HttpCommandExecutor.execute(HttpCommandExecutor.java:158)
	at org.openqa.selenium.remote.service.DriverCommandExecutor.execute(DriverCommandExecutor.java:83)
	at org.openqa.selenium.remote.RemoteWebDriver.execute(RemoteWebDriver.java:552)
	at org.openqa.selenium.remote.RemoteWebDriver.findElement(RemoteWebDriver.java:323)
	at org.openqa.selenium.remote.RemoteWebDriver.findElementByClassName(RemoteWebDriver.java:412)
	at org.openqa.selenium.By$ByClassName.findElement(By.java:389)
	at org.openqa.selenium.remote.RemoteWebDriver.findElement(RemoteWebDriver.java:315)
	at org.openqa.selenium.support.pagefactory.DefaultElementLocator.findElement(DefaultElementLocator.java:69)
	at org.openqa.selenium.support.pagefactory.internal.LocatingElementHandler.invoke(LocatingElementHandler.java:38)
	at jdk.proxy2/jdk.proxy2.$Proxy14.getText(Unknown Source)
	at com.frontierX.PageLibRepo.HomePageLib.VerifyUserInfoPopUp(HomePageLib.java:141)
	at com.frontierX.SanityScripts.FxSanity_Coach.VerifyTrainersCanLoginToFxWebApp(FxSanity_Coach.java:62)
	at java.base/java.util.concurrent.ThreadPoolExecutor.runWorker(ThreadPoolExecutor.java:1136)
	at java.base/java.util.concurrent.ThreadPoolExecutor$Worker.run(ThreadPoolExecutor.java:635)
	at java.base/java.lang.Thread.run(Thread.java:833)
... Removed 17 stack frames
</div> <!-- stack-trace -->
                  <em>
(Purpose of this test is to Verify that Fx Coach can Login to FX WebApp)                  </em>
                </div> <!-- method-content -->
              </div> <!-- method -->
            </div> <!-- main-panel-content rounded-window-bottom -->
          </div> <!-- suite-Admin_User___Smoke_Tests_in_Prod-class-failed -->
          <div class="suite-Admin_User___Smoke_Tests_in_Prod-class-failed">
            <div class="main-panel-header rounded-window-top">
              <img src="failed.png"/>
              <span class="class-name">com.frontierX.SanityScripts.FxSanity_Admin</span>
            </div> <!-- main-panel-header rounded-window-top -->
            <div class="main-panel-content rounded-window-bottom">
              <div class="method">
                <div class="method-content">
                  <a name="VerifyUserLevelChangesAreSaved">
                  </a> <!-- VerifyUserLevelChangesAreSaved -->
                  <span class="method-name">VerifyUserLevelChangesAreSaved</span>
                  <div class="stack-trace">org.openqa.selenium.NoSuchElementException: no such element: Unable to locate element: {&quot;method&quot;:&quot;css selector&quot;,&quot;selector&quot;:&quot;.mini\-toastr\-notification__message&quot;}
  (Session info: chrome=102.0.5005.115)
For documentation on this error, please visit: https://www.seleniumhq.org/exceptions/no_such_element.html
Build info: version: &apos;3.141.59&apos;, revision: &apos;e82be7d358&apos;, time: &apos;2018-11-14T08:25:53&apos;
System info: host: &apos;DESKTOP-LBTBNFA&apos;, ip: &apos;192.168.0.243&apos;, os.name: &apos;Windows 10&apos;, os.arch: &apos;amd64&apos;, os.version: &apos;10.0&apos;, java.version: &apos;17.0.1&apos;
Driver info: org.openqa.selenium.chrome.ChromeDriver
Capabilities {acceptInsecureCerts: false, browserName: chrome, browserVersion: 102.0.5005.115, chrome: {chromedriverVersion: 102.0.5005.61 (0e59bcc00cc4..., userDataDir: C:\Users\user\AppData\Local...}, goog:chromeOptions: {debuggerAddress: localhost:63769}, javascriptEnabled: true, networkConnectionEnabled: false, pageLoadStrategy: normal, platform: WINDOWS, platformName: WINDOWS, proxy: Proxy(), setWindowRect: true, strictFileInteractability: false, timeouts: {implicit: 0, pageLoad: 300000, script: 30000}, unhandledPromptBehavior: dismiss and notify, webauthn:extension:credBlob: true, webauthn:extension:largeBlob: true, webauthn:virtualAuthenticators: true}
Session ID: bc38c12edd08581a4bdf95a39a6bd185
*** Element info: {Using=class name, value=mini-toastr-notification__message}
	at org.openqa.selenium.remote.http.W3CHttpResponseCodec.createException(W3CHttpResponseCodec.java:187)
	at org.openqa.selenium.remote.http.W3CHttpResponseCodec.decode(W3CHttpResponseCodec.java:122)
	at org.openqa.selenium.remote.http.W3CHttpResponseCodec.decode(W3CHttpResponseCodec.java:49)
	at org.openqa.selenium.remote.HttpCommandExecutor.execute(HttpCommandExecutor.java:158)
	at org.openqa.selenium.remote.service.DriverCommandExecutor.execute(DriverCommandExecutor.java:83)
	at org.openqa.selenium.remote.RemoteWebDriver.execute(RemoteWebDriver.java:552)
	at org.openqa.selenium.remote.RemoteWebDriver.findElement(RemoteWebDriver.java:323)
	at org.openqa.selenium.remote.RemoteWebDriver.findElementByClassName(RemoteWebDriver.java:412)
	at org.openqa.selenium.By$ByClassName.findElement(By.java:389)
	at org.openqa.selenium.remote.RemoteWebDriver.findElement(RemoteWebDriver.java:315)
	at org.openqa.selenium.support.pagefactory.DefaultElementLocator.findElement(DefaultElementLocator.java:69)
	at org.openqa.selenium.support.pagefactory.internal.LocatingElementHandler.invoke(LocatingElementHandler.java:38)
	at jdk.proxy2/jdk.proxy2.$Proxy14.getText(Unknown Source)
	at com.frontierX.PageLibRepo.HomePageLib.GetNotificationText(HomePageLib.java:125)
	at com.frontierX.SanityScripts.FxSanity_Admin.ChangeUserSettings(FxSanity_Admin.java:177)
	at com.frontierX.SanityScripts.FxSanity_Admin.VerifyUserLevelChangesAreSaved(FxSanity_Admin.java:59)
	at java.base/java.util.concurrent.ThreadPoolExecutor.runWorker(ThreadPoolExecutor.java:1136)
	at java.base/java.util.concurrent.ThreadPoolExecutor$Worker.run(ThreadPoolExecutor.java:635)
	at java.base/java.lang.Thread.run(Thread.java:833)
... Removed 17 stack frames
</div> <!-- stack-trace -->
                  <em>
(Purpose of this test is to Verify that admin can change the User Level and enable Arrhythmia and that change will remain intact)                  </em>
                </div> <!-- method-content -->
              </div> <!-- method -->
              <div class="method">
                <div class="method-content">
                  <a name="VerifyUserLevelsDropDown">
                  </a> <!-- VerifyUserLevelsDropDown -->
                  <span class="method-name">VerifyUserLevelsDropDown</span>
                  <div class="stack-trace">java.lang.AssertionError: Expected is FHP Doctor Actual is FCP Sales expected [true] but found [false]
	at com.frontierX.PageLibRepo.HomePageLib.VerifyUserLevelOptions(HomePageLib.java:449)
	at com.frontierX.SanityScripts.FxSanity_Admin.VerifyUserLevelsDropDown(FxSanity_Admin.java:126)
	at java.base/java.util.concurrent.ThreadPoolExecutor.runWorker(ThreadPoolExecutor.java:1136)
	at java.base/java.util.concurrent.ThreadPoolExecutor$Worker.run(ThreadPoolExecutor.java:635)
	at java.base/java.lang.Thread.run(Thread.java:833)
... Removed 15 stack frames
</div> <!-- stack-trace -->
                  <em>
(Purpose of this test is to Verify Levels of users in our system)                  </em>
                </div> <!-- method-content -->
              </div> <!-- method -->
            </div> <!-- main-panel-content rounded-window-bottom -->
          </div> <!-- suite-Admin_User___Smoke_Tests_in_Prod-class-failed -->
          <div class="suite-Admin_User___Smoke_Tests_in_Prod-class-failed">
            <div class="main-panel-header rounded-window-top">
              <img src="failed.png"/>
              <span class="class-name">com.frontierX.SanityScripts.FxSanity_PremiumUser</span>
            </div> <!-- main-panel-header rounded-window-top -->
            <div class="main-panel-content rounded-window-bottom">
              <div class="method">
                <div class="method-content">
                  <a name="VerifyECGPDFPopUp_PremiumUser">
                  </a> <!-- VerifyECGPDFPopUp_PremiumUser -->
                  <span class="method-name">VerifyECGPDFPopUp_PremiumUser</span>
                  <div class="stack-trace">org.openqa.selenium.NoSuchElementException: no such element: Unable to locate element: {&quot;method&quot;:&quot;partial link text&quot;,&quot;selector&quot;:&quot;Generate ECG PDF&quot;}
  (Session info: chrome=102.0.5005.115)
For documentation on this error, please visit: https://www.seleniumhq.org/exceptions/no_such_element.html
Build info: version: &apos;3.141.59&apos;, revision: &apos;e82be7d358&apos;, time: &apos;2018-11-14T08:25:53&apos;
System info: host: &apos;DESKTOP-LBTBNFA&apos;, ip: &apos;192.168.0.243&apos;, os.name: &apos;Windows 10&apos;, os.arch: &apos;amd64&apos;, os.version: &apos;10.0&apos;, java.version: &apos;17.0.1&apos;
Driver info: org.openqa.selenium.chrome.ChromeDriver
Capabilities {acceptInsecureCerts: false, browserName: chrome, browserVersion: 102.0.5005.115, chrome: {chromedriverVersion: 102.0.5005.61 (0e59bcc00cc4..., userDataDir: C:\Users\user\AppData\Local...}, goog:chromeOptions: {debuggerAddress: localhost:63203}, javascriptEnabled: true, networkConnectionEnabled: false, pageLoadStrategy: normal, platform: WINDOWS, platformName: WINDOWS, proxy: Proxy(), setWindowRect: true, strictFileInteractability: false, timeouts: {implicit: 0, pageLoad: 300000, script: 30000}, unhandledPromptBehavior: dismiss and notify, webauthn:extension:credBlob: true, webauthn:extension:largeBlob: true, webauthn:virtualAuthenticators: true}
Session ID: f7e11494447f053e0fb176500c531553
*** Element info: {Using=partial link text, value=Generate ECG PDF}
	at org.openqa.selenium.remote.http.W3CHttpResponseCodec.createException(W3CHttpResponseCodec.java:187)
	at org.openqa.selenium.remote.http.W3CHttpResponseCodec.decode(W3CHttpResponseCodec.java:122)
	at org.openqa.selenium.remote.http.W3CHttpResponseCodec.decode(W3CHttpResponseCodec.java:49)
	at org.openqa.selenium.remote.HttpCommandExecutor.execute(HttpCommandExecutor.java:158)
	at org.openqa.selenium.remote.service.DriverCommandExecutor.execute(DriverCommandExecutor.java:83)
	at org.openqa.selenium.remote.RemoteWebDriver.execute(RemoteWebDriver.java:552)
	at org.openqa.selenium.remote.RemoteWebDriver.findElement(RemoteWebDriver.java:323)
	at org.openqa.selenium.remote.RemoteWebDriver.findElementByPartialLinkText(RemoteWebDriver.java:388)
	at org.openqa.selenium.By$ByPartialLinkText.findElement(By.java:250)
	at org.openqa.selenium.remote.RemoteWebDriver.findElement(RemoteWebDriver.java:315)
	at org.openqa.selenium.support.pagefactory.DefaultElementLocator.findElement(DefaultElementLocator.java:69)
	at org.openqa.selenium.support.pagefactory.internal.LocatingElementHandler.invoke(LocatingElementHandler.java:38)
	at jdk.proxy2/jdk.proxy2.$Proxy14.click(Unknown Source)
	at com.frontierX.PageLibRepo.HomePageLib.ClickgenerateECGPDF(HomePageLib.java:563)
	at com.frontierX.SanityScripts.FxSanity_PremiumUser.VerifyECGPDFPopUp_PremiumUser(FxSanity_PremiumUser.java:92)
	at java.base/java.util.concurrent.ThreadPoolExecutor.runWorker(ThreadPoolExecutor.java:1136)
	at java.base/java.util.concurrent.ThreadPoolExecutor$Worker.run(ThreadPoolExecutor.java:635)
	at java.base/java.lang.Thread.run(Thread.java:833)
... Removed 17 stack frames
</div> <!-- stack-trace -->
                  <em>
(Purpose of this test is to Verify ECG PDF Pop Up for Premium Users)                  </em>
                </div> <!-- method-content -->
              </div> <!-- method -->
              <div class="method">
                <div class="method-content">
                  <a name="VerifyPremiumUsersCanLoginToFxWebApp">
                  </a> <!-- VerifyPremiumUsersCanLoginToFxWebApp -->
                  <span class="method-name">VerifyPremiumUsersCanLoginToFxWebApp</span>
                  <div class="stack-trace">org.openqa.selenium.NoSuchElementException: no such element: Unable to locate element: {&quot;method&quot;:&quot;css selector&quot;,&quot;selector&quot;:&quot;.mini\-toastr\-notification__message&quot;}
  (Session info: chrome=102.0.5005.115)
For documentation on this error, please visit: https://www.seleniumhq.org/exceptions/no_such_element.html
Build info: version: &apos;3.141.59&apos;, revision: &apos;e82be7d358&apos;, time: &apos;2018-11-14T08:25:53&apos;
System info: host: &apos;DESKTOP-LBTBNFA&apos;, ip: &apos;192.168.0.243&apos;, os.name: &apos;Windows 10&apos;, os.arch: &apos;amd64&apos;, os.version: &apos;10.0&apos;, java.version: &apos;17.0.1&apos;
Driver info: org.openqa.selenium.chrome.ChromeDriver
Capabilities {acceptInsecureCerts: false, browserName: chrome, browserVersion: 102.0.5005.115, chrome: {chromedriverVersion: 102.0.5005.61 (0e59bcc00cc4..., userDataDir: C:\Users\user\AppData\Local...}, goog:chromeOptions: {debuggerAddress: localhost:64043}, javascriptEnabled: true, networkConnectionEnabled: false, pageLoadStrategy: normal, platform: WINDOWS, platformName: WINDOWS, proxy: Proxy(), setWindowRect: true, strictFileInteractability: false, timeouts: {implicit: 0, pageLoad: 300000, script: 30000}, unhandledPromptBehavior: dismiss and notify, webauthn:extension:credBlob: true, webauthn:extension:largeBlob: true, webauthn:virtualAuthenticators: true}
Session ID: 0b6330988a48127bb8014732df3ffab1
*** Element info: {Using=class name, value=mini-toastr-notification__message}
	at org.openqa.selenium.remote.http.W3CHttpResponseCodec.createException(W3CHttpResponseCodec.java:187)
	at org.openqa.selenium.remote.http.W3CHttpResponseCodec.decode(W3CHttpResponseCodec.java:122)
	at org.openqa.selenium.remote.http.W3CHttpResponseCodec.decode(W3CHttpResponseCodec.java:49)
	at org.openqa.selenium.remote.HttpCommandExecutor.execute(HttpCommandExecutor.java:158)
	at org.openqa.selenium.remote.service.DriverCommandExecutor.execute(DriverCommandExecutor.java:83)
	at org.openqa.selenium.remote.RemoteWebDriver.execute(RemoteWebDriver.java:552)
	at org.openqa.selenium.remote.RemoteWebDriver.findElement(RemoteWebDriver.java:323)
	at org.openqa.selenium.remote.RemoteWebDriver.findElementByClassName(RemoteWebDriver.java:412)
	at org.openqa.selenium.By$ByClassName.findElement(By.java:389)
	at org.openqa.selenium.remote.RemoteWebDriver.findElement(RemoteWebDriver.java:315)
	at org.openqa.selenium.support.pagefactory.DefaultElementLocator.findElement(DefaultElementLocator.java:69)
	at org.openqa.selenium.support.pagefactory.internal.LocatingElementHandler.invoke(LocatingElementHandler.java:38)
	at jdk.proxy2/jdk.proxy2.$Proxy14.getText(Unknown Source)
	at com.frontierX.PageLibRepo.HomePageLib.VerifyUserInfoPopUp(HomePageLib.java:141)
	at com.frontierX.SanityScripts.FxSanity_PremiumUser.VerifyPremiumUsersCanLoginToFxWebApp(FxSanity_PremiumUser.java:67)
	at java.base/java.util.concurrent.ThreadPoolExecutor.runWorker(ThreadPoolExecutor.java:1136)
	at java.base/java.util.concurrent.ThreadPoolExecutor$Worker.run(ThreadPoolExecutor.java:635)
	at java.base/java.lang.Thread.run(Thread.java:833)
... Removed 17 stack frames
</div> <!-- stack-trace -->
                  <em>
(Purpose of this test is to Verify that premium user can Login to FX WebApp)                  </em>
                </div> <!-- method-content -->
              </div> <!-- method -->
            </div> <!-- main-panel-content rounded-window-bottom -->
          </div> <!-- suite-Admin_User___Smoke_Tests_in_Prod-class-failed -->
          <div class="suite-Admin_User___Smoke_Tests_in_Prod-class-passed">
            <div class="main-panel-header rounded-window-top">
              <img src="passed.png"/>
              <span class="class-name">com.frontierX.SanityScripts.FxSanity_User</span>
            </div> <!-- main-panel-header rounded-window-top -->
            <div class="main-panel-content rounded-window-bottom">
              <div class="method">
                <div class="method-content">
                  <a name="VerifyActivitySync">
                  </a> <!-- VerifyActivitySync -->
                  <span class="method-name">VerifyActivitySync</span>
                  <em>
(Purpose of this test is to Verify that User can Sync his activity and it is being displayed)                  </em>
                </div> <!-- method-content -->
              </div> <!-- method -->
              <div class="method">
                <div class="method-content">
                  <a name="VerifyAddReportSection">
                  </a> <!-- VerifyAddReportSection -->
                  <span class="method-name">VerifyAddReportSection</span>
                  <em>
(Purpose of this test to verify Add Report button and Section is working as expected)                  </em>
                </div> <!-- method-content -->
              </div> <!-- method -->
              <div class="method">
                <div class="method-content">
                  <a name="VerifyECGSyncIsSuccessfull">
                  </a> <!-- VerifyECGSyncIsSuccessfull -->
                  <span class="method-name">VerifyECGSyncIsSuccessfull</span>
                  <em>
(Purpose of this test is to Verify that ECG has been synced and Green Tick mark is visble )                  </em>
                </div> <!-- method-content -->
              </div> <!-- method -->
              <div class="method">
                <div class="method-content">
                  <a name="VerifyEditedActivity">
                  </a> <!-- VerifyEditedActivity -->
                  <span class="method-name">VerifyEditedActivity</span>
                  <em>
(Purpose of this test is to Verify that User can Edit the Activity and save it)                  </em>
                </div> <!-- method-content -->
              </div> <!-- method -->
              <div class="method">
                <div class="method-content">
                  <a name="VerifyHealthTreandPageDisplays">
                  </a> <!-- VerifyHealthTreandPageDisplays -->
                  <span class="method-name">VerifyHealthTreandPageDisplays</span>
                  <em>
(Purpose of this test is to Verify that Health Treand Web Page opens and displays related Charts )                  </em>
                </div> <!-- method-content -->
              </div> <!-- method -->
              <div class="method">
                <div class="method-content">
                  <a name="VerifyInsightInfoAreDisplayed">
                  </a> <!-- VerifyInsightInfoAreDisplayed -->
                  <span class="method-name">VerifyInsightInfoAreDisplayed</span>
                  <em>
(Purpose of this test is to Verify if Insights are displayed or not )                  </em>
                </div> <!-- method-content -->
              </div> <!-- method -->
              <div class="method">
                <div class="method-content">
                  <a name="VerifyUserCanDownloadLatestFITFiles">
                  </a> <!-- VerifyUserCanDownloadLatestFITFiles -->
                  <span class="method-name">VerifyUserCanDownloadLatestFITFiles</span>
                  <em>
(Purpose of this test is to Verify that user can Download and verify Current Day's FIT File and verifies if its valid or not based on length of file)                  </em>
                </div> <!-- method-content -->
              </div> <!-- method -->
            </div> <!-- main-panel-content rounded-window-bottom -->
          </div> <!-- suite-Admin_User___Smoke_Tests_in_Prod-class-passed -->
          <div class="suite-Admin_User___Smoke_Tests_in_Prod-class-passed">
            <div class="main-panel-header rounded-window-top">
              <img src="passed.png"/>
              <span class="class-name">com.frontierX.SanityScripts.FxSanity_Doctor</span>
            </div> <!-- main-panel-header rounded-window-top -->
            <div class="main-panel-content rounded-window-bottom">
              <div class="method">
                <div class="method-content">
                  <a name="VerifyLoggedInUser_DoctorUser">
                  </a> <!-- VerifyLoggedInUser_DoctorUser -->
                  <span class="method-name">VerifyLoggedInUser_DoctorUser</span>
                  <em>
(Purpose of this test is to Verify Doctors can log in )                  </em>
                </div> <!-- method-content -->
              </div> <!-- method -->
            </div> <!-- main-panel-content rounded-window-bottom -->
          </div> <!-- suite-Admin_User___Smoke_Tests_in_Prod-class-passed -->
          <div class="suite-Admin_User___Smoke_Tests_in_Prod-class-passed">
            <div class="main-panel-header rounded-window-top">
              <img src="passed.png"/>
              <span class="class-name">com.frontierX.SanityScripts.FxSanity_Coach</span>
            </div> <!-- main-panel-header rounded-window-top -->
            <div class="main-panel-content rounded-window-bottom">
              <div class="method">
                <div class="method-content">
                  <a name="VerifyFCPName">
                  </a> <!-- VerifyFCPName -->
                  <span class="method-name">VerifyFCPName</span>
                  <em>
(Purpose of this test is to Verify Fx Coach platform name is displayed )                  </em>
                </div> <!-- method-content -->
              </div> <!-- method -->
            </div> <!-- main-panel-content rounded-window-bottom -->
          </div> <!-- suite-Admin_User___Smoke_Tests_in_Prod-class-passed -->
          <div class="suite-Admin_User___Smoke_Tests_in_Prod-class-passed">
            <div class="main-panel-header rounded-window-top">
              <img src="passed.png"/>
              <span class="class-name">com.frontierX.SanityScripts.FxSanity_Admin</span>
            </div> <!-- main-panel-header rounded-window-top -->
            <div class="main-panel-content rounded-window-bottom">
              <div class="method">
                <div class="method-content">
                  <a name="VerifyAdminSearch">
                  </a> <!-- VerifyAdminSearch -->
                  <span class="method-name">VerifyAdminSearch</span>
                  <em>
(Purpose of this test is to Verify admin can search any user in our system)                  </em>
                </div> <!-- method-content -->
              </div> <!-- method -->
              <div class="method">
                <div class="method-content">
                  <a name="VerifyLoggedInUser_AdminUser">
                  </a> <!-- VerifyLoggedInUser_AdminUser -->
                  <span class="method-name">VerifyLoggedInUser_AdminUser</span>
                  <em>
(Purpose of this test is to Verify if Admin can login in)                  </em>
                </div> <!-- method-content -->
              </div> <!-- method -->
              <div class="method">
                <div class="method-content">
                  <a name="VerifyUserLevelsAvailable">
                  </a> <!-- VerifyUserLevelsAvailable -->
                  <span class="method-name">VerifyUserLevelsAvailable</span>
                  <em>
(Purpose of this test is to Verify admin can search any user in our system)                  </em>
                </div> <!-- method-content -->
              </div> <!-- method -->
              <div class="method">
                <div class="method-content">
                  <a name="VerifyUserNameDisplayedOnDashboard">
                  </a> <!-- VerifyUserNameDisplayedOnDashboard -->
                  <span class="method-name">VerifyUserNameDisplayedOnDashboard</span>
                  <em>
(Purpose of this test is to Verify that current user's name is displayed when admin access any user's dashboard)                  </em>
                </div> <!-- method-content -->
              </div> <!-- method -->
            </div> <!-- main-panel-content rounded-window-bottom -->
          </div> <!-- suite-Admin_User___Smoke_Tests_in_Prod-class-passed -->
          <div class="suite-Admin_User___Smoke_Tests_in_Prod-class-passed">
            <div class="main-panel-header rounded-window-top">
              <img src="passed.png"/>
              <span class="class-name">com.frontierX.SanityScripts.FxSanity_PremiumUser</span>
            </div> <!-- main-panel-header rounded-window-top -->
            <div class="main-panel-content rounded-window-bottom">
              <div class="method">
                <div class="method-content">
                  <a name="VerifyHomePageElements_PremiumUser">
                  </a> <!-- VerifyHomePageElements_PremiumUser -->
                  <span class="method-name">VerifyHomePageElements_PremiumUser</span>
                  <em>
(Purpose of this test is to Verify Elements in Web App for Premium User)                  </em>
                </div> <!-- method-content -->
              </div> <!-- method -->
              <div class="method">
                <div class="method-content">
                  <a name="VerifyPremiumUserCanDownloadFITFiles">
                  </a> <!-- VerifyPremiumUserCanDownloadFITFiles -->
                  <span class="method-name">VerifyPremiumUserCanDownloadFITFiles</span>
                  <em>
(Purpose of this test is to Verify that user can Download and verify Current Day's FIT File and verifies if its valid or not based on length of file)                  </em>
                </div> <!-- method-content -->
              </div> <!-- method -->
            </div> <!-- main-panel-content rounded-window-bottom -->
          </div> <!-- suite-Admin_User___Smoke_Tests_in_Prod-class-passed -->
        </div> <!-- panel Admin_User___Smoke_Tests_in_Prod -->
        <div panel-name="suite-Prod_Test_Suite" class="panel Prod_Test_Suite">
        </div> <!-- panel Prod_Test_Suite -->
        <div panel-name="test-xml-Admin_User___Smoke_Tests_in_Prod" class="panel">
          <div class="main-panel-header rounded-window-top">
            <span class="header-content">D:\Gitwebapp\frontierX\Sanity_XMLs\DailySanity.xml</span>
          </div> <!-- main-panel-header rounded-window-top -->
          <div class="main-panel-content rounded-window-bottom">
            <pre>
&lt;?xml version=&quot;1.0&quot; encoding=&quot;UTF-8&quot;?&gt;
&lt;!DOCTYPE suite SYSTEM &quot;https://testng.org/testng-1.0.dtd&quot;&gt;
&lt;suite name=&quot;Admin User - Smoke Tests in Prod&quot; guice-stage=&quot;DEVELOPMENT&quot;&gt;
  &lt;parameter name=&quot;enivironment&quot; value=&quot;prod&quot;/&gt;
  &lt;listeners&gt;
    &lt;listener class-name=&quot;com.frontierX.Utilities.CustomReport&quot;/&gt;
    &lt;listener class-name=&quot;com.frontierX.Utilities.TestNameListener&quot;/&gt;
  &lt;/listeners&gt;
  &lt;test thread-count=&quot;5&quot; parallel=&quot;classes&quot; name=&quot;Daily Sanity&quot;&gt;
    &lt;classes&gt;
      &lt;class name=&quot;com.frontierX.SanityScripts.FxSanity_Admin&quot;/&gt;
      &lt;class name=&quot;com.frontierX.SanityScripts.FxSanity_Coach&quot;/&gt;
      &lt;class name=&quot;com.frontierX.SanityScripts.FxSanity_Doctor&quot;/&gt;
      &lt;class name=&quot;com.frontierX.SanityScripts.FxSanity_PremiumUser&quot;/&gt;
      &lt;class name=&quot;com.frontierX.SanityScripts.FxSanity_User&quot;/&gt;
    &lt;/classes&gt;
  &lt;/test&gt; &lt;!-- Daily Sanity --&gt;
&lt;/suite&gt; &lt;!-- Admin User - Smoke Tests in Prod --&gt;
            </pre>
          </div> <!-- main-panel-content rounded-window-bottom -->
        </div> <!-- panel -->
        <div panel-name="test-xml-Prod_Test_Suite" class="panel">
          <div class="main-panel-header rounded-window-top">
            <span class="header-content">D:\Gitwebapp\frontierX\SanitySuite.xml</span>
          </div> <!-- main-panel-header rounded-window-top -->
          <div class="main-panel-content rounded-window-bottom">
            <pre>
&lt;?xml version=&quot;1.0&quot; encoding=&quot;UTF-8&quot;?&gt;
&lt;!DOCTYPE suite SYSTEM &quot;https://testng.org/testng-1.0.dtd&quot;&gt;
&lt;suite name=&quot;Prod Test Suite&quot; guice-stage=&quot;DEVELOPMENT&quot;&gt;
  &lt;listeners&gt;
    &lt;listener class-name=&quot;com.frontierX.Utilities.CustomReport&quot;/&gt;
    &lt;listener class-name=&quot;com.frontierX.Utilities.TestNameListener&quot;/&gt;
  &lt;/listeners&gt;
  &lt;suite-files&gt;
    &lt;suite-file path=&quot;/Sanity_XMLs/DailySanity.xml&quot;/&gt;
  &lt;/suite-files&gt;
&lt;/suite&gt; &lt;!-- Prod Test Suite --&gt;
            </pre>
          </div> <!-- main-panel-content rounded-window-bottom -->
        </div> <!-- panel -->
        <div panel-name="testlist-Admin_User___Smoke_Tests_in_Prod" class="panel">
          <div class="main-panel-header rounded-window-top">
            <span class="header-content">Tests for Admin User - Smoke Tests in Prod</span>
          </div> <!-- main-panel-header rounded-window-top -->
          <div class="main-panel-content rounded-window-bottom">
            <ul>
              <li>
                <span class="test-name">Daily Sanity (5 classes)</span>
              </li>
            </ul>
          </div> <!-- main-panel-content rounded-window-bottom -->
        </div> <!-- panel -->
        <div panel-name="testlist-Prod_Test_Suite" class="panel">
          <div class="main-panel-header rounded-window-top">
            <span class="header-content">Tests for Prod Test Suite</span>
          </div> <!-- main-panel-header rounded-window-top -->
          <div class="main-panel-content rounded-window-bottom">
            <ul>
            </ul>
          </div> <!-- main-panel-content rounded-window-bottom -->
        </div> <!-- panel -->
        <div panel-name="group-Admin_User___Smoke_Tests_in_Prod" class="panel">
          <div class="main-panel-header rounded-window-top">
            <span class="header-content">Groups for Admin User - Smoke Tests in Prod</span>
          </div> <!-- main-panel-header rounded-window-top -->
          <div class="main-panel-content rounded-window-bottom">
          </div> <!-- main-panel-content rounded-window-bottom -->
        </div> <!-- panel -->
        <div panel-name="group-Prod_Test_Suite" class="panel">
          <div class="main-panel-header rounded-window-top">
            <span class="header-content">Groups for Prod Test Suite</span>
          </div> <!-- main-panel-header rounded-window-top -->
          <div class="main-panel-content rounded-window-bottom">
          </div> <!-- main-panel-content rounded-window-bottom -->
        </div> <!-- panel -->
        <div panel-name="times-Admin_User___Smoke_Tests_in_Prod" class="panel">
          <div class="main-panel-header rounded-window-top">
            <span class="header-content">Times for Admin User - Smoke Tests in Prod</span>
          </div> <!-- main-panel-header rounded-window-top -->
          <div class="main-panel-content rounded-window-bottom">
            <div class="times-div">
              <script type="text/javascript">
suiteTableInitFunctions.push('tableData_Admin_User___Smoke_Tests_in_Prod');
function tableData_Admin_User___Smoke_Tests_in_Prod() {
var data = new google.visualization.DataTable();
data.addColumn('number', 'Number');
data.addColumn('string', 'Method');
data.addColumn('string', 'Class');
data.addColumn('number', 'Time (ms)');
data.addRows(24);
data.setCell(0, 0, 0)
data.setCell(0, 1, 'VerifyUserLevelChangesAreSaved')
data.setCell(0, 2, 'com.frontierX.SanityScripts.FxSanity_Admin')
data.setCell(0, 3, 38845);
data.setCell(1, 0, 1)
data.setCell(1, 1, 'VerifyDoctrsCanSearchPatients')
data.setCell(1, 2, 'com.frontierX.SanityScripts.FxSanity_Doctor')
data.setCell(1, 3, 32801);
data.setCell(2, 0, 2)
data.setCell(2, 1, 'VerifyUserNameDisplayedOnDashboard_Doctors')
data.setCell(2, 2, 'com.frontierX.SanityScripts.FxSanity_Doctor')
data.setCell(2, 3, 30841);
data.setCell(3, 0, 3)
data.setCell(3, 1, 'VerifyTrainingLoad')
data.setCell(3, 2, 'com.frontierX.SanityScripts.FxSanity_User')
data.setCell(3, 3, 30399);
data.setCell(4, 0, 4)
data.setCell(4, 1, 'VerifyECGPDFPopUp_PremiumUser')
data.setCell(4, 2, 'com.frontierX.SanityScripts.FxSanity_PremiumUser')
data.setCell(4, 3, 24492);
data.setCell(5, 0, 5)
data.setCell(5, 1, 'VerifyDoctorsCanLoginToFxWebApp')
data.setCell(5, 2, 'com.frontierX.SanityScripts.FxSanity_Doctor')
data.setCell(5, 3, 20214);
data.setCell(6, 0, 6)
data.setCell(6, 1, 'VerifyTrainersCanLoginToFxWebApp')
data.setCell(6, 2, 'com.frontierX.SanityScripts.FxSanity_Coach')
data.setCell(6, 3, 20135);
data.setCell(7, 0, 7)
data.setCell(7, 1, 'VerifyPremiumUsersCanLoginToFxWebApp')
data.setCell(7, 2, 'com.frontierX.SanityScripts.FxSanity_PremiumUser')
data.setCell(7, 3, 20053);
data.setCell(8, 0, 8)
data.setCell(8, 1, 'VerifyUserNameDisplayedOnDashboard')
data.setCell(8, 2, 'com.frontierX.SanityScripts.FxSanity_Admin')
data.setCell(8, 3, 17374);
data.setCell(9, 0, 9)
data.setCell(9, 1, 'VerifyPremiumUserCanDownloadFITFiles')
data.setCell(9, 2, 'com.frontierX.SanityScripts.FxSanity_PremiumUser')
data.setCell(9, 3, 15770);
data.setCell(10, 0, 10)
data.setCell(10, 1, 'VerifyEditedActivity')
data.setCell(10, 2, 'com.frontierX.SanityScripts.FxSanity_User')
data.setCell(10, 3, 14705);
data.setCell(11, 0, 11)
data.setCell(11, 1, 'VerifyUserCanDownloadLatestFITFiles')
data.setCell(11, 2, 'com.frontierX.SanityScripts.FxSanity_User')
data.setCell(11, 3, 14362);
data.setCell(12, 0, 12)
data.setCell(12, 1, 'VerifyUserLevelsDropDown')
data.setCell(12, 2, 'com.frontierX.SanityScripts.FxSanity_Admin')
data.setCell(12, 3, 14004);
data.setCell(13, 0, 13)
data.setCell(13, 1, 'VerifyAdminSearch')
data.setCell(13, 2, 'com.frontierX.SanityScripts.FxSanity_Admin')
data.setCell(13, 3, 12293);
data.setCell(14, 0, 14)
data.setCell(14, 1, 'VerifyUserLevelsAvailable')
data.setCell(14, 2, 'com.frontierX.SanityScripts.FxSanity_Admin')
data.setCell(14, 3, 11460);
data.setCell(15, 0, 15)
data.setCell(15, 1, 'VerifyECGSyncIsSuccessfull')
data.setCell(15, 2, 'com.frontierX.SanityScripts.FxSanity_User')
data.setCell(15, 3, 9642);
data.setCell(16, 0, 16)
data.setCell(16, 1, 'VerifyInsightInfoAreDisplayed')
data.setCell(16, 2, 'com.frontierX.SanityScripts.FxSanity_User')
data.setCell(16, 3, 9491);
data.setCell(17, 0, 17)
data.setCell(17, 1, 'VerifyAddReportSection')
data.setCell(17, 2, 'com.frontierX.SanityScripts.FxSanity_User')
data.setCell(17, 3, 6771);
data.setCell(18, 0, 18)
data.setCell(18, 1, 'VerifyFCPName')
data.setCell(18, 2, 'com.frontierX.SanityScripts.FxSanity_Coach')
data.setCell(18, 3, 5126);
data.setCell(19, 0, 19)
data.setCell(19, 1, 'VerifyHomePageElements_PremiumUser')
data.setCell(19, 2, 'com.frontierX.SanityScripts.FxSanity_PremiumUser')
data.setCell(19, 3, 4364);
data.setCell(20, 0, 20)
data.setCell(20, 1, 'VerifyLoggedInUser_DoctorUser')
data.setCell(20, 2, 'com.frontierX.SanityScripts.FxSanity_Doctor')
data.setCell(20, 3, 4038);
data.setCell(21, 0, 21)
data.setCell(21, 1, 'VerifyLoggedInUser_AdminUser')
data.setCell(21, 2, 'com.frontierX.SanityScripts.FxSanity_Admin')
data.setCell(21, 3, 4029);
data.setCell(22, 0, 22)
data.setCell(22, 1, 'VerifyHealthTreandPageDisplays')
data.setCell(22, 2, 'com.frontierX.SanityScripts.FxSanity_User')
data.setCell(22, 3, 2664);
data.setCell(23, 0, 23)
data.setCell(23, 1, 'VerifyActivitySync')
data.setCell(23, 2, 'com.frontierX.SanityScripts.FxSanity_User')
data.setCell(23, 3, 647);
window.suiteTableData['Admin_User___Smoke_Tests_in_Prod']= { tableData: data, tableDiv: 'times-div-Admin_User___Smoke_Tests_in_Prod'}
return data;
}
              </script>
              <span class="suite-total-time">Total running time: 6 minutes</span>
              <div id="times-div-Admin_User___Smoke_Tests_in_Prod">
              </div> <!-- times-div-Admin_User___Smoke_Tests_in_Prod -->
            </div> <!-- times-div -->
          </div> <!-- main-panel-content rounded-window-bottom -->
        </div> <!-- panel -->
        <div panel-name="times-Prod_Test_Suite" class="panel">
          <div class="main-panel-header rounded-window-top">
            <span class="header-content">Times for Prod Test Suite</span>
          </div> <!-- main-panel-header rounded-window-top -->
          <div class="main-panel-content rounded-window-bottom">
            <div class="times-div">
              <script type="text/javascript">
suiteTableInitFunctions.push('tableData_Prod_Test_Suite');
function tableData_Prod_Test_Suite() {
var data = new google.visualization.DataTable();
data.addColumn('number', 'Number');
data.addColumn('string', 'Method');
data.addColumn('string', 'Class');
data.addColumn('number', 'Time (ms)');
data.addRows(0);
window.suiteTableData['Prod_Test_Suite']= { tableData: data, tableDiv: 'times-div-Prod_Test_Suite'}
return data;
}
              </script>
              <span class="suite-total-time">Total running time: 0 ms</span>
              <div id="times-div-Prod_Test_Suite">
              </div> <!-- times-div-Prod_Test_Suite -->
            </div> <!-- times-div -->
          </div> <!-- main-panel-content rounded-window-bottom -->
        </div> <!-- panel -->
        <div panel-name="reporter-Admin_User___Smoke_Tests_in_Prod" class="panel">
          <div class="main-panel-header rounded-window-top">
            <span class="header-content">Reporter output for Admin User - Smoke Tests in Prod</span>
          </div> <!-- main-panel-header rounded-window-top -->
          <div class="main-panel-content rounded-window-bottom">
          </div> <!-- main-panel-content rounded-window-bottom -->
        </div> <!-- panel -->
        <div panel-name="reporter-Prod_Test_Suite" class="panel">
          <div class="main-panel-header rounded-window-top">
            <span class="header-content">Reporter output for Prod Test Suite</span>
          </div> <!-- main-panel-header rounded-window-top -->
          <div class="main-panel-content rounded-window-bottom">
          </div> <!-- main-panel-content rounded-window-bottom -->
        </div> <!-- panel -->
        <div panel-name="ignored-methods-Admin_User___Smoke_Tests_in_Prod" class="panel">
          <div class="main-panel-header rounded-window-top">
            <span class="header-content">0 ignored methods</span>
          </div> <!-- main-panel-header rounded-window-top -->
          <div class="main-panel-content rounded-window-bottom">
          </div> <!-- main-panel-content rounded-window-bottom -->
        </div> <!-- panel -->
        <div panel-name="ignored-methods-Prod_Test_Suite" class="panel">
          <div class="main-panel-header rounded-window-top">
            <span class="header-content">0 ignored methods</span>
          </div> <!-- main-panel-header rounded-window-top -->
          <div class="main-panel-content rounded-window-bottom">
          </div> <!-- main-panel-content rounded-window-bottom -->
        </div> <!-- panel -->
        <div panel-name="chronological-Admin_User___Smoke_Tests_in_Prod" class="panel">
          <div class="main-panel-header rounded-window-top">
            <span class="header-content">Methods in chronological order</span>
          </div> <!-- main-panel-header rounded-window-top -->
          <div class="main-panel-content rounded-window-bottom">
            <div class="chronological-class">
              <div class="chronological-class-name">com.frontierX.SanityScripts.FxSanity_PremiumUser</div> <!-- chronological-class-name -->
              <div class="configuration-class before">
                <span class="method-name">SetEvidenceDir</span>
                <span class="method-start">0 ms</span>
              </div> <!-- configuration-class before -->
            </div> <!-- chronological-class -->
            <div class="chronological-class">
              <div class="chronological-class-name">com.frontierX.SanityScripts.FxSanity_User</div> <!-- chronological-class-name -->
              <div class="configuration-class before">
                <span class="method-name">SetEvidenceDir</span>
                <span class="method-start">0 ms</span>
              </div> <!-- configuration-class before -->
            </div> <!-- chronological-class -->
            <div class="chronological-class">
              <div class="chronological-class-name">com.frontierX.SanityScripts.FxSanity_Doctor</div> <!-- chronological-class-name -->
              <div class="configuration-class before">
                <span class="method-name">SetEvidenceDir</span>
                <span class="method-start">0 ms</span>
              </div> <!-- configuration-class before -->
            </div> <!-- chronological-class -->
            <div class="chronological-class">
              <div class="chronological-class-name">com.frontierX.SanityScripts.FxSanity_Coach</div> <!-- chronological-class-name -->
              <div class="configuration-class before">
                <span class="method-name">SetEvidenceDir</span>
                <span class="method-start">0 ms</span>
              </div> <!-- configuration-class before -->
            </div> <!-- chronological-class -->
            <div class="chronological-class">
              <div class="chronological-class-name">com.frontierX.SanityScripts.FxSanity_Admin</div> <!-- chronological-class-name -->
              <div class="configuration-class before">
                <span class="method-name">SetEvidenceDir</span>
                <span class="method-start">0 ms</span>
              </div> <!-- configuration-class before -->
            </div> <!-- chronological-class -->
            <div class="chronological-class">
              <div class="chronological-class-name">com.frontierX.SanityScripts.FxSanity_Doctor</div> <!-- chronological-class-name -->
              <div class="configuration-method before">
                <span class="method-name">Initialize(prod)</span>
                <span class="method-start">22 ms</span>
              </div> <!-- configuration-method before -->
            </div> <!-- chronological-class -->
            <div class="chronological-class">
              <div class="chronological-class-name">com.frontierX.SanityScripts.FxSanity_User</div> <!-- chronological-class-name -->
              <div class="configuration-method before">
                <span class="method-name">Initialize(prod)</span>
                <span class="method-start">22 ms</span>
              </div> <!-- configuration-method before -->
            </div> <!-- chronological-class -->
            <div class="chronological-class">
              <div class="chronological-class-name">com.frontierX.SanityScripts.FxSanity_PremiumUser</div> <!-- chronological-class-name -->
              <div class="configuration-method before">
                <span class="method-name">Initialize(prod)</span>
                <span class="method-start">22 ms</span>
              </div> <!-- configuration-method before -->
            </div> <!-- chronological-class -->
            <div class="chronological-class">
              <div class="chronological-class-name">com.frontierX.SanityScripts.FxSanity_Admin</div> <!-- chronological-class-name -->
              <div class="configuration-method before">
                <span class="method-name">Initialize(prod)</span>
                <span class="method-start">22 ms</span>
              </div> <!-- configuration-method before -->
            </div> <!-- chronological-class -->
            <div class="chronological-class">
              <div class="chronological-class-name">com.frontierX.SanityScripts.FxSanity_Coach</div> <!-- chronological-class-name -->
              <div class="configuration-method before">
                <span class="method-name">Initialize(prod)</span>
                <span class="method-start">22 ms</span>
              </div> <!-- configuration-method before -->
            </div> <!-- chronological-class -->
            <div class="chronological-class">
              <div class="chronological-class-name">com.frontierX.SanityScripts.FxSanity_User</div> <!-- chronological-class-name -->
              <div class="test-method">
                <span class="method-name">VerifyActivitySync</span>
                <span class="method-start">17776 ms</span>
              </div> <!-- test-method -->
            </div> <!-- chronological-class -->
            <div class="chronological-class">
              <div class="chronological-class-name">com.frontierX.SanityScripts.FxSanity_Admin</div> <!-- chronological-class-name -->
              <div class="test-method">
                <span class="method-name">VerifyAdminSearch</span>
                <span class="method-start">18051 ms</span>
              </div> <!-- test-method -->
            </div> <!-- chronological-class -->
            <div class="chronological-class">
              <div class="chronological-class-name">com.frontierX.SanityScripts.FxSanity_Doctor</div> <!-- chronological-class-name -->
              <div class="test-method">
                <img src="failed.png">
                </img>
                <span class="method-name">VerifyDoctorsCanLoginToFxWebApp</span>
                <span class="method-start">18121 ms</span>
              </div> <!-- test-method -->
            </div> <!-- chronological-class -->
            <div class="chronological-class">
              <div class="chronological-class-name">com.frontierX.SanityScripts.FxSanity_PremiumUser</div> <!-- chronological-class-name -->
              <div class="test-method">
                <img src="failed.png">
                </img>
                <span class="method-name">VerifyECGPDFPopUp_PremiumUser</span>
                <span class="method-start">18158 ms</span>
              </div> <!-- test-method -->
            </div> <!-- chronological-class -->
            <div class="chronological-class">
              <div class="chronological-class-name">com.frontierX.SanityScripts.FxSanity_User</div> <!-- chronological-class-name -->
              <div class="configuration-method after">
                <span class="method-name">CloseDriverSession([TestResult name=VerifyActivitySync status=SUCCESS method=FxSanity_User.VerifyActivitySync()[pri:0, ...)</span>
                <span class="method-start">18429 ms</span>
              </div> <!-- configuration-method after -->
            </div> <!-- chronological-class -->
            <div class="chronological-class">
              <div class="chronological-class-name">com.frontierX.SanityScripts.FxSanity_Coach</div> <!-- chronological-class-name -->
              <div class="test-method">
                <span class="method-name">VerifyFCPName</span>
                <span class="method-start">19341 ms</span>
              </div> <!-- test-method -->
            </div> <!-- chronological-class -->
            <div class="chronological-class">
              <div class="chronological-class-name">com.frontierX.SanityScripts.FxSanity_User</div> <!-- chronological-class-name -->
              <div class="configuration-method before">
                <span class="method-name">Initialize(prod)</span>
                <span class="method-start">21211 ms</span>
              </div> <!-- configuration-method before -->
            </div> <!-- chronological-class -->
            <div class="chronological-class">
              <div class="chronological-class-name">com.frontierX.SanityScripts.FxSanity_Coach</div> <!-- chronological-class-name -->
              <div class="configuration-method after">
                <span class="method-name">CloseDriverSession([TestResult name=VerifyFCPName status=SUCCESS method=FxSanity_Coach.VerifyFCPName()[pri:0, instance:...)</span>
                <span class="method-start">24469 ms</span>
              </div> <!-- configuration-method after -->
              <div class="configuration-method before">
                <span class="method-name">Initialize(prod)</span>
                <span class="method-start">25744 ms</span>
              </div> <!-- configuration-method before -->
            </div> <!-- chronological-class -->
            <div class="chronological-class">
              <div class="chronological-class-name">com.frontierX.SanityScripts.FxSanity_Admin</div> <!-- chronological-class-name -->
              <div class="configuration-method after">
                <span class="method-name">CloseDriverSession([TestResult name=VerifyAdminSearch status=SUCCESS method=FxSanity_Admin.VerifyAdminSearch()[pri:0, i...)</span>
                <span class="method-start">30349 ms</span>
              </div> <!-- configuration-method after -->
              <div class="configuration-method before">
                <span class="method-name">Initialize(prod)</span>
                <span class="method-start">30760 ms</span>
              </div> <!-- configuration-method before -->
            </div> <!-- chronological-class -->
            <div class="chronological-class">
              <div class="chronological-class-name">com.frontierX.SanityScripts.FxSanity_User</div> <!-- chronological-class-name -->
              <div class="test-method">
                <span class="method-name">VerifyAddReportSection</span>
                <span class="method-start">33556 ms</span>
              </div> <!-- test-method -->
            </div> <!-- chronological-class -->
            <div class="chronological-class">
              <div class="chronological-class-name">com.frontierX.SanityScripts.FxSanity_Coach</div> <!-- chronological-class-name -->
              <div class="test-method">
                <img src="failed.png">
                </img>
                <span class="method-name">VerifyTrainersCanLoginToFxWebApp</span>
                <span class="method-start">37029 ms</span>
              </div> <!-- test-method -->
            </div> <!-- chronological-class -->
            <div class="chronological-class">
              <div class="chronological-class-name">com.frontierX.SanityScripts.FxSanity_Doctor</div> <!-- chronological-class-name -->
              <div class="configuration-method after">
                <span class="method-name">CloseDriverSession([TestResult name=VerifyDoctorsCanLoginToFxWebApp status=FAILURE method=FxSanity_Doctor.VerifyDoctors...)</span>
                <span class="method-start">38340 ms</span>
              </div> <!-- configuration-method after -->
              <div class="configuration-method before">
                <span class="method-name">Initialize(prod)</span>
                <span class="method-start">39002 ms</span>
              </div> <!-- configuration-method before -->
            </div> <!-- chronological-class -->
            <div class="chronological-class">
              <div class="chronological-class-name">com.frontierX.SanityScripts.FxSanity_User</div> <!-- chronological-class-name -->
              <div class="configuration-method after">
                <span class="method-name">CloseDriverSession([TestResult name=VerifyAddReportSection status=SUCCESS method=FxSanity_User.VerifyAddReportSection()...)</span>
                <span class="method-start">40328 ms</span>
              </div> <!-- configuration-method after -->
            </div> <!-- chronological-class -->
            <div class="chronological-class">
              <div class="chronological-class-name">com.frontierX.SanityScripts.FxSanity_Admin</div> <!-- chronological-class-name -->
              <div class="test-method">
                <span class="method-name">VerifyLoggedInUser_AdminUser</span>
                <span class="method-start">41769 ms</span>
              </div> <!-- test-method -->
            </div> <!-- chronological-class -->
            <div class="chronological-class">
              <div class="chronological-class-name">com.frontierX.SanityScripts.FxSanity_User</div> <!-- chronological-class-name -->
              <div class="configuration-method before">
                <span class="method-name">Initialize(prod)</span>
                <span class="method-start">42509 ms</span>
              </div> <!-- configuration-method before -->
            </div> <!-- chronological-class -->
            <div class="chronological-class">
              <div class="chronological-class-name">com.frontierX.SanityScripts.FxSanity_PremiumUser</div> <!-- chronological-class-name -->
              <div class="configuration-method after">
                <span class="method-name">CloseDriverSession([TestResult name=VerifyECGPDFPopUp_PremiumUser status=FAILURE method=FxSanity_PremiumUser.VerifyECGP...)</span>
                <span class="method-start">42653 ms</span>
              </div> <!-- configuration-method after -->
              <div class="configuration-method before">
                <span class="method-name">Initialize(prod)</span>
                <span class="method-start">44220 ms</span>
              </div> <!-- configuration-method before -->
            </div> <!-- chronological-class -->
            <div class="chronological-class">
              <div class="chronological-class-name">com.frontierX.SanityScripts.FxSanity_Admin</div> <!-- chronological-class-name -->
              <div class="configuration-method after">
                <span class="method-name">CloseDriverSession([TestResult name=VerifyLoggedInUser_AdminUser status=SUCCESS method=FxSanity_Admin.VerifyLoggedInUse...)</span>
                <span class="method-start">45801 ms</span>
              </div> <!-- configuration-method after -->
              <div class="configuration-method before">
                <span class="method-name">Initialize(prod)</span>
                <span class="method-start">46047 ms</span>
              </div> <!-- configuration-method before -->
            </div> <!-- chronological-class -->
            <div class="chronological-class">
              <div class="chronological-class-name">com.frontierX.SanityScripts.FxSanity_Doctor</div> <!-- chronological-class-name -->
              <div class="test-method">
                <img src="failed.png">
                </img>
                <span class="method-name">VerifyDoctrsCanSearchPatients</span>
                <span class="method-start">50784 ms</span>
              </div> <!-- test-method -->
            </div> <!-- chronological-class -->
            <div class="chronological-class">
              <div class="chronological-class-name">com.frontierX.SanityScripts.FxSanity_User</div> <!-- chronological-class-name -->
              <div class="test-method">
                <span class="method-name">VerifyECGSyncIsSuccessfull</span>
                <span class="method-start">56120 ms</span>
              </div> <!-- test-method -->
            </div> <!-- chronological-class -->
            <div class="chronological-class">
              <div class="chronological-class-name">com.frontierX.SanityScripts.FxSanity_PremiumUser</div> <!-- chronological-class-name -->
              <div class="test-method">
                <span class="method-name">VerifyHomePageElements_PremiumUser</span>
                <span class="method-start">56667 ms</span>
              </div> <!-- test-method -->
            </div> <!-- chronological-class -->
            <div class="chronological-class">
              <div class="chronological-class-name">com.frontierX.SanityScripts.FxSanity_Coach</div> <!-- chronological-class-name -->
              <div class="configuration-method after">
                <span class="method-name">CloseDriverSession([TestResult name=VerifyTrainersCanLoginToFxWebApp status=FAILURE method=FxSanity_Coach.VerifyTrainer...)</span>
                <span class="method-start">57167 ms</span>
              </div> <!-- configuration-method after -->
            </div> <!-- chronological-class -->
            <div class="chronological-class">
              <div class="chronological-class-name">com.frontierX.SanityScripts.FxSanity_Admin</div> <!-- chronological-class-name -->
              <div class="test-method">
                <img src="failed.png">
                </img>
                <span class="method-name">VerifyUserLevelChangesAreSaved</span>
                <span class="method-start">58472 ms</span>
              </div> <!-- test-method -->
            </div> <!-- chronological-class -->
            <div class="chronological-class">
              <div class="chronological-class-name">com.frontierX.SanityScripts.FxSanity_PremiumUser</div> <!-- chronological-class-name -->
              <div class="configuration-method after">
                <span class="method-name">CloseDriverSession([TestResult name=VerifyHomePageElements_PremiumUser status=SUCCESS method=FxSanity_PremiumUser.Verif...)</span>
                <span class="method-start">61032 ms</span>
              </div> <!-- configuration-method after -->
              <div class="configuration-method before">
                <span class="method-name">Initialize(prod)</span>
                <span class="method-start">61490 ms</span>
              </div> <!-- configuration-method before -->
            </div> <!-- chronological-class -->
            <div class="chronological-class">
              <div class="chronological-class-name">com.frontierX.SanityScripts.FxSanity_User</div> <!-- chronological-class-name -->
              <div class="configuration-method after">
                <span class="method-name">CloseDriverSession([TestResult name=VerifyECGSyncIsSuccessfull status=SUCCESS method=FxSanity_User.VerifyECGSyncIsSucce...)</span>
                <span class="method-start">65765 ms</span>
              </div> <!-- configuration-method after -->
              <div class="configuration-method before">
                <span class="method-name">Initialize(prod)</span>
                <span class="method-start">66020 ms</span>
              </div> <!-- configuration-method before -->
            </div> <!-- chronological-class -->
            <div class="chronological-class">
              <div class="chronological-class-name">com.frontierX.SanityScripts.FxSanity_PremiumUser</div> <!-- chronological-class-name -->
              <div class="test-method">
                <span class="method-name">VerifyPremiumUserCanDownloadFITFiles</span>
                <span class="method-start">71240 ms</span>
              </div> <!-- test-method -->
            </div> <!-- chronological-class -->
            <div class="chronological-class">
              <div class="chronological-class-name">com.frontierX.SanityScripts.FxSanity_User</div> <!-- chronological-class-name -->
              <div class="test-method">
                <span class="method-name">VerifyEditedActivity</span>
                <span class="method-start">77059 ms</span>
              </div> <!-- test-method -->
            </div> <!-- chronological-class -->
            <div class="chronological-class">
              <div class="chronological-class-name">com.frontierX.SanityScripts.FxSanity_Doctor</div> <!-- chronological-class-name -->
              <div class="configuration-method after">
                <span class="method-name">CloseDriverSession([TestResult name=VerifyDoctrsCanSearchPatients status=FAILURE method=FxSanity_Doctor.VerifyDoctrsCan...)</span>
                <span class="method-start">83585 ms</span>
              </div> <!-- configuration-method after -->
              <div class="configuration-method before">
                <span class="method-name">Initialize(prod)</span>
                <span class="method-start">84210 ms</span>
              </div> <!-- configuration-method before -->
            </div> <!-- chronological-class -->
            <div class="chronological-class">
              <div class="chronological-class-name">com.frontierX.SanityScripts.FxSanity_PremiumUser</div> <!-- chronological-class-name -->
              <div class="configuration-method after">
                <span class="method-name">CloseDriverSession([TestResult name=VerifyPremiumUserCanDownloadFITFiles status=SUCCESS method=FxSanity_PremiumUser.Ver...)</span>
                <span class="method-start">87010 ms</span>
              </div> <!-- configuration-method after -->
              <div class="configuration-method before">
                <span class="method-name">Initialize(prod)</span>
                <span class="method-start">87266 ms</span>
              </div> <!-- configuration-method before -->
            </div> <!-- chronological-class -->
            <div class="chronological-class">
              <div class="chronological-class-name">com.frontierX.SanityScripts.FxSanity_User</div> <!-- chronological-class-name -->
              <div class="configuration-method after">
                <span class="method-name">CloseDriverSession([TestResult name=VerifyEditedActivity status=SUCCESS method=FxSanity_User.VerifyEditedActivity()[pri...)</span>
                <span class="method-start">91766 ms</span>
              </div> <!-- configuration-method after -->
              <div class="configuration-method before">
                <span class="method-name">Initialize(prod)</span>
                <span class="method-start">91995 ms</span>
              </div> <!-- configuration-method before -->
            </div> <!-- chronological-class -->
            <div class="chronological-class">
              <div class="chronological-class-name">com.frontierX.SanityScripts.FxSanity_Doctor</div> <!-- chronological-class-name -->
              <div class="test-method">
                <span class="method-name">VerifyLoggedInUser_DoctorUser</span>
                <span class="method-start">94389 ms</span>
              </div> <!-- test-method -->
            </div> <!-- chronological-class -->
            <div class="chronological-class">
              <div class="chronological-class-name">com.frontierX.SanityScripts.FxSanity_Admin</div> <!-- chronological-class-name -->
              <div class="configuration-method after">
                <span class="method-name">CloseDriverSession([TestResult name=VerifyUserLevelChangesAreSaved status=FAILURE method=FxSanity_Admin.VerifyUserLevel...)</span>
                <span class="method-start">97319 ms</span>
              </div> <!-- configuration-method after -->
              <div class="configuration-method before">
                <span class="method-name">Initialize(prod)</span>
                <span class="method-start">98200 ms</span>
              </div> <!-- configuration-method before -->
            </div> <!-- chronological-class -->
            <div class="chronological-class">
              <div class="chronological-class-name">com.frontierX.SanityScripts.FxSanity_Doctor</div> <!-- chronological-class-name -->
              <div class="configuration-method after">
                <span class="method-name">CloseDriverSession([TestResult name=VerifyLoggedInUser_DoctorUser status=SUCCESS method=FxSanity_Doctor.VerifyLoggedInU...)</span>
                <span class="method-start">98429 ms</span>
              </div> <!-- configuration-method after -->
            </div> <!-- chronological-class -->
            <div class="chronological-class">
              <div class="chronological-class-name">com.frontierX.SanityScripts.FxSanity_PremiumUser</div> <!-- chronological-class-name -->
              <div class="test-method">
                <img src="failed.png">
                </img>
                <span class="method-name">VerifyPremiumUsersCanLoginToFxWebApp</span>
                <span class="method-start">98644 ms</span>
              </div> <!-- test-method -->
            </div> <!-- chronological-class -->
            <div class="chronological-class">
              <div class="chronological-class-name">com.frontierX.SanityScripts.FxSanity_Doctor</div> <!-- chronological-class-name -->
              <div class="configuration-method before">
                <span class="method-name">Initialize(prod)</span>
                <span class="method-start">98997 ms</span>
              </div> <!-- configuration-method before -->
            </div> <!-- chronological-class -->
            <div class="chronological-class">
              <div class="chronological-class-name">com.frontierX.SanityScripts.FxSanity_User</div> <!-- chronological-class-name -->
              <div class="test-method">
                <span class="method-name">VerifyHealthTreandPageDisplays</span>
                <span class="method-start">105021 ms</span>
              </div> <!-- test-method -->
              <div class="configuration-method after">
                <span class="method-name">CloseDriverSession([TestResult name=VerifyHealthTreandPageDisplays status=SUCCESS method=FxSanity_User.VerifyHealthTrea...)</span>
                <span class="method-start">107686 ms</span>
              </div> <!-- configuration-method after -->
              <div class="configuration-method before">
                <span class="method-name">Initialize(prod)</span>
                <span class="method-start">107935 ms</span>
              </div> <!-- configuration-method before -->
            </div> <!-- chronological-class -->
            <div class="chronological-class">
              <div class="chronological-class-name">com.frontierX.SanityScripts.FxSanity_Admin</div> <!-- chronological-class-name -->
              <div class="test-method">
                <span class="method-name">VerifyUserLevelsAvailable</span>
                <span class="method-start">109626 ms</span>
              </div> <!-- test-method -->
            </div> <!-- chronological-class -->
            <div class="chronological-class">
              <div class="chronological-class-name">com.frontierX.SanityScripts.FxSanity_Doctor</div> <!-- chronological-class-name -->
              <div class="test-method">
                <img src="failed.png">
                </img>
                <span class="method-name">VerifyUserNameDisplayedOnDashboard_Doctors</span>
                <span class="method-start">110500 ms</span>
              </div> <!-- test-method -->
            </div> <!-- chronological-class -->
            <div class="chronological-class">
              <div class="chronological-class-name">com.frontierX.SanityScripts.FxSanity_PremiumUser</div> <!-- chronological-class-name -->
              <div class="configuration-method after">
                <span class="method-name">CloseDriverSession([TestResult name=VerifyPremiumUsersCanLoginToFxWebApp status=FAILURE method=FxSanity_PremiumUser.Ver...)</span>
                <span class="method-start">118699 ms</span>
              </div> <!-- configuration-method after -->
            </div> <!-- chronological-class -->
            <div class="chronological-class">
              <div class="chronological-class-name">com.frontierX.SanityScripts.FxSanity_User</div> <!-- chronological-class-name -->
              <div class="test-method">
                <span class="method-name">VerifyInsightInfoAreDisplayed</span>
                <span class="method-start">119435 ms</span>
              </div> <!-- test-method -->
            </div> <!-- chronological-class -->
            <div class="chronological-class">
              <div class="chronological-class-name">com.frontierX.SanityScripts.FxSanity_Admin</div> <!-- chronological-class-name -->
              <div class="configuration-method after">
                <span class="method-name">CloseDriverSession([TestResult name=VerifyUserLevelsAvailable status=SUCCESS method=FxSanity_Admin.VerifyUserLevelsAvai...)</span>
                <span class="method-start">121094 ms</span>
              </div> <!-- configuration-method after -->
              <div class="configuration-method before">
                <span class="method-name">Initialize(prod)</span>
                <span class="method-start">121293 ms</span>
              </div> <!-- configuration-method before -->
            </div> <!-- chronological-class -->
            <div class="chronological-class">
              <div class="chronological-class-name">com.frontierX.SanityScripts.FxSanity_User</div> <!-- chronological-class-name -->
              <div class="configuration-method after">
                <span class="method-name">CloseDriverSession([TestResult name=VerifyInsightInfoAreDisplayed status=SUCCESS method=FxSanity_User.VerifyInsightInfo...)</span>
                <span class="method-start">128927 ms</span>
              </div> <!-- configuration-method after -->
              <div class="configuration-method before">
                <span class="method-name">Initialize(prod)</span>
                <span class="method-start">129338 ms</span>
              </div> <!-- configuration-method before -->
            </div> <!-- chronological-class -->
            <div class="chronological-class">
              <div class="chronological-class-name">com.frontierX.SanityScripts.FxSanity_Admin</div> <!-- chronological-class-name -->
              <div class="test-method">
                <img src="failed.png">
                </img>
                <span class="method-name">VerifyUserLevelsDropDown</span>
                <span class="method-start">131089 ms</span>
              </div> <!-- test-method -->
            </div> <!-- chronological-class -->
            <div class="chronological-class">
              <div class="chronological-class-name">com.frontierX.SanityScripts.FxSanity_User</div> <!-- chronological-class-name -->
              <div class="test-method">
                <img src="failed.png">
                </img>
                <span class="method-name">VerifyTrainingLoad</span>
                <span class="method-start">140581 ms</span>
              </div> <!-- test-method -->
            </div> <!-- chronological-class -->
            <div class="chronological-class">
              <div class="chronological-class-name">com.frontierX.SanityScripts.FxSanity_Doctor</div> <!-- chronological-class-name -->
              <div class="configuration-method after">
                <span class="method-name">CloseDriverSession([TestResult name=VerifyUserNameDisplayedOnDashboard_Doctors status=FAILURE method=FxSanity_Doctor.Ve...)</span>
                <span class="method-start">141343 ms</span>
              </div> <!-- configuration-method after -->
            </div> <!-- chronological-class -->
            <div class="chronological-class">
              <div class="chronological-class-name">com.frontierX.SanityScripts.FxSanity_Admin</div> <!-- chronological-class-name -->
              <div class="configuration-method after">
                <span class="method-name">CloseDriverSession([TestResult name=VerifyUserLevelsDropDown status=FAILURE method=FxSanity_Admin.VerifyUserLevelsDropD...)</span>
                <span class="method-start">145093 ms</span>
              </div> <!-- configuration-method after -->
              <div class="configuration-method before">
                <span class="method-name">Initialize(prod)</span>
                <span class="method-start">145468 ms</span>
              </div> <!-- configuration-method before -->
              <div class="test-method">
                <span class="method-name">VerifyUserNameDisplayedOnDashboard</span>
                <span class="method-start">154715 ms</span>
              </div> <!-- test-method -->
            </div> <!-- chronological-class -->
            <div class="chronological-class">
              <div class="chronological-class-name">com.frontierX.SanityScripts.FxSanity_User</div> <!-- chronological-class-name -->
              <div class="configuration-method after">
                <span class="method-name">CloseDriverSession([TestResult name=VerifyTrainingLoad status=FAILURE method=FxSanity_User.VerifyTrainingLoad()[pri:0, ...)</span>
                <span class="method-start">170985 ms</span>
              </div> <!-- configuration-method after -->
              <div class="configuration-method before">
                <span class="method-name">Initialize(prod)</span>
                <span class="method-start">171648 ms</span>
              </div> <!-- configuration-method before -->
            </div> <!-- chronological-class -->
            <div class="chronological-class">
              <div class="chronological-class-name">com.frontierX.SanityScripts.FxSanity_Admin</div> <!-- chronological-class-name -->
              <div class="configuration-method after">
                <span class="method-name">CloseDriverSession([TestResult name=VerifyUserNameDisplayedOnDashboard status=SUCCESS method=FxSanity_Admin.VerifyUserN...)</span>
                <span class="method-start">172091 ms</span>
              </div> <!-- configuration-method after -->
            </div> <!-- chronological-class -->
            <div class="chronological-class">
              <div class="chronological-class-name">com.frontierX.SanityScripts.FxSanity_User</div> <!-- chronological-class-name -->
              <div class="test-method">
                <span class="method-name">VerifyUserCanDownloadLatestFITFiles</span>
                <span class="method-start">182240 ms</span>
              </div> <!-- test-method -->
              <div class="configuration-method after">
                <span class="method-name">CloseDriverSession([TestResult name=VerifyUserCanDownloadLatestFITFiles status=SUCCESS method=FxSanity_User.VerifyUserC...)</span>
                <span class="method-start">196603 ms</span>
              </div> <!-- configuration-method after -->
          </div> <!-- main-panel-content rounded-window-bottom -->
        </div> <!-- panel -->
        <div panel-name="chronological-Prod_Test_Suite" class="panel">
          <div class="main-panel-header rounded-window-top">
            <span class="header-content">Methods in chronological order</span>
          </div> <!-- main-panel-header rounded-window-top -->
          <div class="main-panel-content rounded-window-bottom">
          </div> <!-- main-panel-content rounded-window-bottom -->
        </div> <!-- panel -->
      </div> <!-- main-panel-root -->
    </div> <!-- wrapper -->
  </body>
<script type="text/javascript" src="testng-reports2.js"></script>
</html>
