<!DOCTYPE html PUBLIC "-//W3C//DTD XHTML 1.1//EN" "http://www.w3.org/TR/xhtml11/DTD/xhtml11.dtd">
<html xmlns="http://www.w3.org/1999/xhtml"><head><title>Fourth Foruntier WebApp Automation Test Report</title><center><a data-v-0310a31a="" href="https://fourthfrontier.com/">
<img data-v-0310a31a="" src="https://app.fourthfrontier.com/images/logo_full_white.png?d875c23dbc54f17278a097f31bb9785c" alt="Fourth Frountier" style="background-color:black;padding:20px;">
</a></center><div data-v-517b4a5c="" class="container-fluid img_background"> </div><style type="text/css">table {margin-bottom:10px;border-collapse:collapse;empty-cells:show}th,td {border:1px solid #009;padding:.25em .5em}th {vertical-align:bottom}td {vertical-align:top}table a {font-weight:bold}.stripe td {background-color: #E6EBF9}.num {text-align:right}.passedodd td {background-color: #3F3}.passedeven td {background-color: #0A0}.skippedodd td {background-color: #DDD}.skippedeven td {background-color: #CCC}.failedodd td,.attn {background-color: #F33}.failedeven td,.stripe .attn {background-color: #D00}.stacktrace {white-space:pre;font-family:monospace}.totop {font-size:85%;text-align:center;border-bottom:2px solid #000}</style></head><body><center><h1>WebApp Test Automation Report - Mar-16-2022 10:20:50 AM</h1></center><table><tr><th>Test</th><th># Passed</th><th># Skipped</th><th># Failed</th><th>Time in Seconds</th><th>Included Groups</th><th>Excluded Groups</th></tr><tr><th colspan="7">Admin User - Smoke Tests in Prod</th></tr><tr><td><a href="#t0">Smoke Tests - Admin Prespective</a></td><td class="num">10</td><td class="num">0</td><td class="num">0</td><td class="num">71.22</td><td></td><td></td></tr><tr><th colspan="7">Prod Test Suite</th></tr><tr><th colspan="7">User - Sanity Tests in Prod</th></tr><tr class="stripe"><td><a href="#t1">Smoke Tests - User Prespective</a></td><td class="num">5</td><td class="num">0</td><td class="num attn">2</td><td class="num">228.35</td><td></td><td></td></tr><tr><th>Total</th><th class="num">15</th><th class="num">0</th><th class="num attn">2</th><th class="num">299.57</th><th colspan="2"></th></tr><tr><th>Total execution time in Minutes</th><th class="num">4 Mins</th><th colspan="4"></th></tr></table><table><thead><tr><th>Class</th><th>Description</th><th>Method</th><th>Start</th><th>Execution time in Seconds</th></tr></thead><tbody><tr><th colspan="5">Admin User - Smoke Tests in Prod</th></tr></tbody><tbody id="t0"><tr><th colspan="5">Smoke Tests - Admin Prespective &#8212; passed</th></tr><tr class="passedeven"><td rowspan="1">com.frontierX.TestScripts.DeleteActivityTest</td><td><a href="#m0">Purpose of this test is to Verify that User can Delete the activity - But here i&apos;m not deleting it , just checking if he can do so</a></td><td rowspan="1">deleteActivity</td><td rowspan="1">10:19:38 AM</td><td rowspan="1">47.11</td></tr><tr class="passedodd"><td rowspan="1">com.frontierX.TestScripts.DownloadCSVTest</td><td><a href="#m1">Purpose of this test is to Verify that Admin can Download CSV File</a></td><td rowspan="1">downloadCSV</td><td rowspan="1">10:19:38 AM</td><td rowspan="1">21.74</td></tr><tr class="passedeven"><td rowspan="1">com.frontierX.TestScripts.DownloadZIPTest</td><td><a href="#m2">Purpose of this test is to Verify that Admin can Download Zip File</a></td><td rowspan="1">downloadZIP</td><td rowspan="1">10:19:38 AM</td><td rowspan="1">21.25</td></tr><tr class="passedodd"><td rowspan="1">com.frontierX.TestScripts.LiveECGsTest</td><td><a href="#m3">Purpose of this test is to Verify that Admin can access LIVE ECG page</a></td><td rowspan="1">liveECG</td><td rowspan="1">10:19:38 AM</td><td rowspan="1">24.72</td></tr><tr class="passedeven"><td rowspan="1">com.frontierX.TestScripts.LiveUserDashboardTest</td><td><a href="#m4">Purpose of this test is to Verify that Admin has access to Live User Dash board.</a></td><td rowspan="1">liveUserDashboard</td><td rowspan="1">10:20:00 AM</td><td rowspan="1">19.47</td></tr><tr class="passedodd"><td rowspan="1">com.frontierX.TestScripts.TrainingLoadTest</td><td><a href="#m5">Purpose of this test is to Verify When User syncs his activity , his trainig load should not be zero</a></td><td rowspan="1">VerifyTrainingLoad</td><td rowspan="1">10:20:03 AM</td><td rowspan="1">23.73</td></tr><tr class="passedeven"><td rowspan="1">com.frontierX.TestScripts.VerifyAdminCanSearchExistingUsersTest</td><td><a href="#m6">Purpose of this test is to Verify admin can search any user in our system</a></td><td rowspan="1">VerifyAdminSearch</td><td rowspan="1">10:20:11 AM</td><td rowspan="1">22.15</td></tr><tr class="passedodd"><td rowspan="1">com.frontierX.TestScripts.VerifyEditActivityTest</td><td><a href="#m7">Purpose of this test is to Verify that User can Edit the Activity and save it</a></td><td rowspan="1">VerifyEditedActivity</td><td rowspan="1">10:19:38 AM</td><td rowspan="1">32.4</td></tr><tr class="passedeven"><td rowspan="1">com.frontierX.TestScripts.VerifyGenerateECGPDFTest</td><td><a href="#m8">Purpose of this test is to Verify that Admin can Generate the ECG as PDF</a></td><td rowspan="1">VerifyECGPDFIsGenerated</td><td rowspan="1">10:20:19 AM</td><td rowspan="1">24.67</td></tr><tr class="passedodd"><td rowspan="1">com.frontierX.TestScripts.VerifyUserLevelSettingsAreSavedTest</td><td><a href="#m9">Purpose of this test is to Verify that admin can change the User Level and enable Arrhythmia and that change will remain intact</a></td><td rowspan="1">VerifyUserLevelChangesAreSaved</td><td rowspan="1">10:20:00 AM</td><td rowspan="1">49.47</td></tr></tbody><tbody><tr><th colspan="5">Prod Test Suite</th></tr></tbody><tbody><tr><th colspan="5">User - Sanity Tests in Prod</th></tr></tbody><tbody id="t1"><tr><th colspan="5">Smoke Tests - User Prespective &#8212; failed</th></tr><tr class="failedeven"><td rowspan="1">com.frontierX.TestScripts.DownloadFITTest</td><td><a href="#m10">Purpose of this test is to Verify that Admin can Download FIT File</a></td><td rowspan="1">downloadFIT</td><td rowspan="1">10:17:32 AM</td><td rowspan="1">47.56</td></tr><tr class="failedodd"><td rowspan="1">com.frontierX.TestScripts.VerifyECGSyncTest</td><td><a href="#m11">Purpose of this test is to Verify that ECG has been synced and Green Tick mark is visble </a></td><td rowspan="1">VerifyECGSyncIsSuccessfull</td><td rowspan="1">10:17:04 AM</td><td rowspan="1">28.23</td></tr><tr><th colspan="5">Smoke Tests - User Prespective &#8212; passed</th></tr><tr class="passedeven"><td rowspan="1">com.frontierX.TestScripts.ActivitySyncTest</td><td><a href="#m12">Purpose of this test is to Verify that User can Sync his activity and it is being displayed</a></td><td rowspan="1">VerifyActivitySync</td><td rowspan="1">10:18:20 AM</td><td rowspan="1">15.17</td></tr><tr class="passedodd"><td rowspan="1">com.frontierX.TestScripts.DeleteActivityTest</td><td><a href="#m13">Purpose of this test is to Verify that User can Delete the activity - But here i&apos;m not deleting it , just checking if he can do so</a></td><td rowspan="1">deleteActivity</td><td rowspan="1">10:15:50 AM</td><td rowspan="1">43.98</td></tr><tr class="passedeven"><td rowspan="1">com.frontierX.TestScripts.TrainingLoadTest</td><td><a href="#m14">Purpose of this test is to Verify When User syncs his activity , his trainig load should not be zero</a></td><td rowspan="1">VerifyTrainingLoad</td><td rowspan="1">10:18:35 AM</td><td rowspan="1">27.73</td></tr><tr class="passedodd"><td rowspan="1">com.frontierX.TestScripts.VerifyEditActivityTest</td><td><a href="#m15">Purpose of this test is to Verify that User can Edit the Activity and save it</a></td><td rowspan="1">VerifyEditedActivity</td><td rowspan="1">10:16:34 AM</td><td rowspan="1">29.86</td></tr><tr class="passedeven"><td rowspan="1">com.frontierX.TestScripts.VerifyInsightInformationTest</td><td><a href="#m16">Purpose of this test is to Verify that ECG has been synced and Green Tick mark is visble </a></td><td rowspan="1">VerifyInsightInfoAreDisplayed</td><td rowspan="1">10:19:03 AM</td><td rowspan="1">35.77</td></tr></tbody></table><h2>Smoke Tests - Admin Prespective</h2><h3 id="m0">com.frontierX.TestScripts.DeleteActivityTest#deleteActivity ( deleteActivity )</h3><table class="result"><tr class="param"><th>Parameter #1</th><th>Parameter #2</th></tr><tr class="param stripe"><td>prod</td><td>admin</td></tr></table><p class="totop"><a href="#summary">back to summary</a></p><h3 id="m1">com.frontierX.TestScripts.DownloadCSVTest#downloadCSV ( downloadCSV )</h3><table class="result"><tr class="param"><th>Parameter #1</th><th>Parameter #2</th></tr><tr class="param stripe"><td>prod</td><td>admin</td></tr></table><p class="totop"><a href="#summary">back to summary</a></p><h3 id="m2">com.frontierX.TestScripts.DownloadZIPTest#downloadZIP ( downloadZIP )</h3><table class="result"><tr class="param"><th>Parameter #1</th><th>Parameter #2</th></tr><tr class="param stripe"><td>prod</td><td>admin</td></tr></table><p class="totop"><a href="#summary">back to summary</a></p><h3 id="m3">com.frontierX.TestScripts.LiveECGsTest#liveECG ( liveECG )</h3><table class="result"><tr class="param"><th>Parameter #1</th><th>Parameter #2</th></tr><tr class="param stripe"><td>prod</td><td>admin</td></tr></table><p class="totop"><a href="#summary">back to summary</a></p><h3 id="m4">com.frontierX.TestScripts.LiveUserDashboardTest#liveUserDashboard ( liveUserDashboard )</h3><table class="result"><tr class="param"><th>Parameter #1</th><th>Parameter #2</th></tr><tr class="param stripe"><td>prod</td><td>admin</td></tr></table><p class="totop"><a href="#summary">back to summary</a></p><h3 id="m5">com.frontierX.TestScripts.TrainingLoadTest#VerifyTrainingLoad ( VerifyTrainingLoad )</h3><table class="result"><tr class="param"><th>Parameter #1</th><th>Parameter #2</th></tr><tr class="param stripe"><td>prod</td><td>admin</td></tr></table><p class="totop"><a href="#summary">back to summary</a></p><h3 id="m6">com.frontierX.TestScripts.VerifyAdminCanSearchExistingUsersTest#VerifyAdminSearch ( VerifyAdminSearch )</h3><table class="result"><tr class="param"><th>Parameter #1</th><th>Parameter #2</th></tr><tr class="param stripe"><td>prod</td><td>admin</td></tr></table><p class="totop"><a href="#summary">back to summary</a></p><h3 id="m7">com.frontierX.TestScripts.VerifyEditActivityTest#VerifyEditedActivity ( VerifyEditedActivity )</h3><table class="result"><tr class="param"><th>Parameter #1</th><th>Parameter #2</th></tr><tr class="param stripe"><td>prod</td><td>admin</td></tr></table><p class="totop"><a href="#summary">back to summary</a></p><h3 id="m8">com.frontierX.TestScripts.VerifyGenerateECGPDFTest#VerifyECGPDFIsGenerated ( VerifyECGPDFIsGenerated )</h3><table class="result"><tr class="param"><th>Parameter #1</th><th>Parameter #2</th></tr><tr class="param stripe"><td>prod</td><td>admin</td></tr></table><p class="totop"><a href="#summary">back to summary</a></p><h3 id="m9">com.frontierX.TestScripts.VerifyUserLevelSettingsAreSavedTest#VerifyUserLevelChangesAreSaved ( VerifyUserLevelChangesAreSaved )</h3><table class="result"><tr class="param"><th>Parameter #1</th><th>Parameter #2</th></tr><tr class="param stripe"><td>prod</td><td>admin</td></tr></table><p class="totop"><a href="#summary">back to summary</a></p><h2>Smoke Tests - User Prespective</h2><h3 id="m10">com.frontierX.TestScripts.DownloadFITTest#downloadFIT ( downloadFIT )</h3><table class="result"><tr class="param"><th>Parameter #1</th><th>Parameter #2</th></tr><tr class="param stripe"><td>Prod</td><td>user</td></tr><tr><th colspan="2">Exception</th></tr><tr><td colspan="2"><div class="stacktrace">java.lang.AssertionError: TC Failed Due to Error 
no such element: Unable to locate element: {&quot;method&quot;:&quot;partial link text&quot;,&quot;selector&quot;:&quot;Download Fit File&quot;}
  (Session info: chrome=98.0.4758.102)
For documentation on this error, please visit: https://www.seleniumhq.org/exceptions/no_such_element.html
Build info: version: &apos;3.141.59&apos;, revision: &apos;e82be7d358&apos;, time: &apos;2018-11-14T08:25:53&apos;
System info: host: &apos;DESKTOP-LBTBNFA&apos;, ip: &apos;192.168.0.243&apos;, os.name: &apos;Windows 10&apos;, os.arch: &apos;amd64&apos;, os.version: &apos;10.0&apos;, java.version: &apos;17.0.1&apos;
Driver info: org.openqa.selenium.chrome.ChromeDriver
Capabilities {acceptInsecureCerts: false, browserName: chrome, browserVersion: 98.0.4758.102, chrome: {chromedriverVersion: 97.0.4692.71 (adefa7837d02a..., userDataDir: C:\Users\user\AppData\Local...}, goog:chromeOptions: {debuggerAddress: localhost:58417}, javascriptEnabled: true, networkConnectionEnabled: false, pageLoadStrategy: normal, platform: WINDOWS, platformName: WINDOWS, proxy: Proxy(), setWindowRect: true, strictFileInteractability: false, timeouts: {implicit: 0, pageLoad: 300000, script: 30000}, unhandledPromptBehavior: dismiss and notify, webauthn:extension:credBlob: true, webauthn:extension:largeBlob: true, webauthn:virtualAuthenticators: true}
Session ID: 553ee4aa20b2f87615d49fda5b8d1532
*** Element info: {Using=partial link text, value=Download Fit File}
	at org.testng.Assert.fail(Assert.java:99)
	at com.frontierX.TestScripts.DownloadFITTest.downloadFIT(DownloadFITTest.java:94)
	at java.base/jdk.internal.reflect.NativeMethodAccessorImpl.invoke0(Native Method)
	at java.base/jdk.internal.reflect.NativeMethodAccessorImpl.invoke(NativeMethodAccessorImpl.java:77)
	at java.base/jdk.internal.reflect.DelegatingMethodAccessorImpl.invoke(DelegatingMethodAccessorImpl.java:43)
	at java.base/java.lang.reflect.Method.invoke(Method.java:568)
	at org.testng.internal.MethodInvocationHelper.invokeMethod(MethodInvocationHelper.java:133)
	at org.testng.internal.TestInvoker.invokeMethod(TestInvoker.java:598)
	at org.testng.internal.TestInvoker.invokeTestMethod(TestInvoker.java:173)
	at org.testng.internal.MethodRunner.runInSequence(MethodRunner.java:46)
	at org.testng.internal.TestInvoker$MethodInvocationAgent.invoke(TestInvoker.java:824)
	at org.testng.internal.TestInvoker.invokeTestMethods(TestInvoker.java:146)
	at org.testng.internal.TestMethodWorker.invokeTestMethods(TestMethodWorker.java:146)
	at org.testng.internal.TestMethodWorker.run(TestMethodWorker.java:128)
	at java.base/java.util.ArrayList.forEach(ArrayList.java:1511)
	at org.testng.TestRunner.privateRun(TestRunner.java:794)
	at org.testng.TestRunner.run(TestRunner.java:596)
	at org.testng.SuiteRunner.runTest(SuiteRunner.java:377)
	at org.testng.SuiteRunner.runSequentially(SuiteRunner.java:371)
	at org.testng.SuiteRunner.privateRun(SuiteRunner.java:332)
	at org.testng.SuiteRunner.run(SuiteRunner.java:276)
	at org.testng.SuiteRunnerWorker.runSuite(SuiteRunnerWorker.java:53)
	at org.testng.SuiteRunnerWorker.run(SuiteRunnerWorker.java:96)
	at org.testng.TestNG.runSuitesSequentially(TestNG.java:1212)
	at org.testng.TestNG.runSuitesSequentially(TestNG.java:1207)
	at org.testng.TestNG.runSuitesLocally(TestNG.java:1134)
	at org.testng.TestNG.runSuites(TestNG.java:1063)
	at org.testng.TestNG.run(TestNG.java:1031)
	at org.testng.remote.AbstractRemoteTestNG.run(AbstractRemoteTestNG.java:115)
	at org.testng.remote.RemoteTestNG.initAndRun(RemoteTestNG.java:251)
	at org.testng.remote.RemoteTestNG.main(RemoteTestNG.java:77)
</div></td></tr></table><p class="totop"><a href="#summary">back to summary</a></p><h3 id="m11">com.frontierX.TestScripts.VerifyECGSyncTest#null ( VerifyECGSyncIsSuccessfull )</h3><table class="result"><tr class="param"><th>Parameter #1</th><th>Parameter #2</th></tr><tr class="param stripe"><td>Prod</td><td>user</td></tr><tr><th colspan="2">Exception</th></tr><tr><td colspan="2"><div class="stacktrace">java.lang.AssertionError: &lt;---- TC Failed Due to Error ---&gt;
element not interactable
  (Session info: chrome=98.0.4758.102)
Build info: version: &apos;3.141.59&apos;, revision: &apos;e82be7d358&apos;, time: &apos;2018-11-14T08:25:53&apos;
System info: host: &apos;DESKTOP-LBTBNFA&apos;, ip: &apos;192.168.0.243&apos;, os.name: &apos;Windows 10&apos;, os.arch: &apos;amd64&apos;, os.version: &apos;10.0&apos;, java.version: &apos;17.0.1&apos;
Driver info: org.openqa.selenium.chrome.ChromeDriver
Capabilities {acceptInsecureCerts: false, browserName: chrome, browserVersion: 98.0.4758.102, chrome: {chromedriverVersion: 97.0.4692.71 (adefa7837d02a..., userDataDir: C:\Users\user\AppData\Local...}, goog:chromeOptions: {debuggerAddress: localhost:58373}, javascriptEnabled: true, networkConnectionEnabled: false, pageLoadStrategy: normal, platform: WINDOWS, platformName: WINDOWS, proxy: Proxy(), setWindowRect: true, strictFileInteractability: false, timeouts: {implicit: 0, pageLoad: 300000, script: 30000}, unhandledPromptBehavior: dismiss and notify, webauthn:extension:credBlob: true, webauthn:extension:largeBlob: true, webauthn:virtualAuthenticators: true}
Session ID: 08b54e1244e99d8d138baa037b1412a2
	at org.testng.Assert.fail(Assert.java:99)
	at com.frontierX.TestScripts.VerifyECGSyncTest.VerifyECGSyncIsSuccessfull(VerifyECGSyncTest.java:100)
	at java.base/jdk.internal.reflect.NativeMethodAccessorImpl.invoke0(Native Method)
	at java.base/jdk.internal.reflect.NativeMethodAccessorImpl.invoke(NativeMethodAccessorImpl.java:77)
	at java.base/jdk.internal.reflect.DelegatingMethodAccessorImpl.invoke(DelegatingMethodAccessorImpl.java:43)
	at java.base/java.lang.reflect.Method.invoke(Method.java:568)
	at org.testng.internal.MethodInvocationHelper.invokeMethod(MethodInvocationHelper.java:133)
	at org.testng.internal.TestInvoker.invokeMethod(TestInvoker.java:598)
	at org.testng.internal.TestInvoker.invokeTestMethod(TestInvoker.java:173)
	at org.testng.internal.MethodRunner.runInSequence(MethodRunner.java:46)
	at org.testng.internal.TestInvoker$MethodInvocationAgent.invoke(TestInvoker.java:824)
	at org.testng.internal.TestInvoker.invokeTestMethods(TestInvoker.java:146)
	at org.testng.internal.TestMethodWorker.invokeTestMethods(TestMethodWorker.java:146)
	at org.testng.internal.TestMethodWorker.run(TestMethodWorker.java:128)
	at java.base/java.util.ArrayList.forEach(ArrayList.java:1511)
	at org.testng.TestRunner.privateRun(TestRunner.java:794)
	at org.testng.TestRunner.run(TestRunner.java:596)
	at org.testng.SuiteRunner.runTest(SuiteRunner.java:377)
	at org.testng.SuiteRunner.runSequentially(SuiteRunner.java:371)
	at org.testng.SuiteRunner.privateRun(SuiteRunner.java:332)
	at org.testng.SuiteRunner.run(SuiteRunner.java:276)
	at org.testng.SuiteRunnerWorker.runSuite(SuiteRunnerWorker.java:53)
	at org.testng.SuiteRunnerWorker.run(SuiteRunnerWorker.java:96)
	at org.testng.TestNG.runSuitesSequentially(TestNG.java:1212)
	at org.testng.TestNG.runSuitesSequentially(TestNG.java:1207)
	at org.testng.TestNG.runSuitesLocally(TestNG.java:1134)
	at org.testng.TestNG.runSuites(TestNG.java:1063)
	at org.testng.TestNG.run(TestNG.java:1031)
	at org.testng.remote.AbstractRemoteTestNG.run(AbstractRemoteTestNG.java:115)
	at org.testng.remote.RemoteTestNG.initAndRun(RemoteTestNG.java:251)
	at org.testng.remote.RemoteTestNG.main(RemoteTestNG.java:77)
</div></td></tr></table><p class="totop"><a href="#summary">back to summary</a></p><h3 id="m12">com.frontierX.TestScripts.ActivitySyncTest#VerifyActivitySync ( VerifyActivitySync )</h3><table class="result"><tr class="param"><th>Parameter #1</th><th>Parameter #2</th></tr><tr class="param stripe"><td>Prod</td><td>user</td></tr></table><p class="totop"><a href="#summary">back to summary</a></p><h3 id="m13">com.frontierX.TestScripts.DeleteActivityTest#deleteActivity ( deleteActivity )</h3><table class="result"><tr class="param"><th>Parameter #1</th><th>Parameter #2</th></tr><tr class="param stripe"><td>Prod</td><td>user</td></tr></table><p class="totop"><a href="#summary">back to summary</a></p><h3 id="m14">com.frontierX.TestScripts.TrainingLoadTest#VerifyTrainingLoad ( VerifyTrainingLoad )</h3><table class="result"><tr class="param"><th>Parameter #1</th><th>Parameter #2</th></tr><tr class="param stripe"><td>Prod</td><td>user</td></tr></table><p class="totop"><a href="#summary">back to summary</a></p><h3 id="m15">com.frontierX.TestScripts.VerifyEditActivityTest#VerifyEditedActivity ( VerifyEditedActivity )</h3><table class="result"><tr class="param"><th>Parameter #1</th><th>Parameter #2</th></tr><tr class="param stripe"><td>Prod</td><td>user</td></tr></table><p class="totop"><a href="#summary">back to summary</a></p><h3 id="m16">com.frontierX.TestScripts.VerifyInsightInformationTest#VerifyInsightInfoAreDisplayed ( VerifyInsightInfoAreDisplayed )</h3><table class="result"><tr class="param"><th>Parameter #1</th><th>Parameter #2</th></tr><tr class="param stripe"><td>Prod</td><td>user</td></tr></table><p class="totop"><a href="#summary">back to summary</a></p></body></html>