<!DOCTYPE html PUBLIC "-//W3C//DTD XHTML 1.1//EN" "http://www.w3.org/TR/xhtml11/DTD/xhtml11.dtd">
<html xmlns="http://www.w3.org/1999/xhtml"><head><title>Fourth Foruntier WebApp Automation Test Report</title><center><a data-v-0310a31a="" href="https://fourthfrontier.com/">
<img data-v-0310a31a="" src="https://app.fourthfrontier.com/images/logo_full_white.png?d875c23dbc54f17278a097f31bb9785c" alt="Fourth Frountier" style="background-color:black;padding:20px;">
</a></center><div data-v-517b4a5c="" class="container-fluid img_background"> </div><style type="text/css">table {margin-bottom:10px;border-collapse:collapse;empty-cells:show}th,td {border:1px solid #009;padding:.25em .5em}th {vertical-align:bottom}td {vertical-align:top}table a {font-weight:bold}.stripe td {background-color: #E6EBF9}.num {text-align:right}.passedodd td {background-color: #3F3}.passedeven td {background-color: #0A0}.skippedodd td {background-color: #DDD}.skippedeven td {background-color: #CCC}.failedodd td,.attn {background-color: #F33}.failedeven td,.stripe .attn {background-color: #D00}.stacktrace {white-space:pre;font-family:monospace}.totop {font-size:85%;text-align:center;border-bottom:2px solid #000}</style></head><body><center><h1>WebApp Test Automation Report - May-10-2022 09:50:24 AM</h1></center><table><tr><th>Test</th><th># Passed</th><th># Skipped</th><th># Failed</th><th>Time in Seconds</th><th>Included Groups</th><th>Excluded Groups</th></tr><tr><th colspan="7">Admin User - Smoke Tests in Prod</th></tr><tr><td><a href="#t0">Smoke Tests - Admin Prespective</a></td><td class="num">3</td><td class="num">0</td><td class="num attn">1</td><td class="num">116.04</td><td></td><td></td></tr><tr><th colspan="7">Doctors - Smoke Tests</th></tr><tr class="stripe"><td><a href="#t1">Regression Test - Doctor Prespective</a></td><td class="num">2</td><td class="num">0</td><td class="num attn">2</td><td class="num">105.57</td><td></td><td></td></tr><tr><th colspan="7">Prod Test Suite</th></tr><tr><th colspan="7">User - Smoke Tests in Prod</th></tr><tr><td><a href="#t2">Smoke Tests - User Workflows</a></td><td class="num">6</td><td class="num">0</td><td class="num attn">1</td><td class="num">122.67</td><td></td><td></td></tr><tr><th colspan="7">Admin User - Smoke Tests in Prod (0)</th></tr><tr class="stripe"><td><a href="#t3">Regression2 Tests - Premium User </a></td><td class="num">2</td><td class="num">0</td><td class="num attn">5</td><td class="num">124.94</td><td></td><td></td></tr><tr><th colspan="7">WebApp Regression - Prod</th></tr><tr><td><a href="#t4">WebApp Regression</a></td><td class="num">5</td><td class="num">0</td><td class="num attn">2</td><td class="num">194.23</td><td></td><td></td></tr><tr><th>Total</th><th class="num">18</th><th class="num">0</th><th class="num attn">11</th><th class="num">663.46</th><th colspan="2"></th></tr><tr><th>Total execution time in Minutes</th><th class="num">11 Mins</th><th colspan="4"></th></tr></table><table><thead><tr><th>Class</th><th>Description</th><th>Method</th><th>Start</th><th>Execution time in Seconds</th></tr></thead><tbody><tr><th colspan="5">Admin User - Smoke Tests in Prod</th></tr></tbody><tbody id="t0"><tr><th colspan="5">Smoke Tests - Admin Prespective &#8212; failed</th></tr><tr class="failedeven"><td rowspan="1">com.frontierX.TestScripts.FxAdminWorkFlows</td><td><a href="#m0">Purpose of this test is to Verify that admin can change the User Level and enable Arrhythmia and that change will remain intact</a></td><td rowspan="1">VerifyUserLevelChangesAreSaved</td><td rowspan="1">09:45:20 AM</td><td rowspan="1">45.72</td></tr><tr><th colspan="5">Smoke Tests - Admin Prespective &#8212; passed</th></tr><tr class="passedeven"><td rowspan="3">com.frontierX.TestScripts.FxAdminWorkFlows</td><td><a href="#m1">Purpose of this test is to Verify admin can search any user in our system</a></td><td rowspan="1">VerifyAdminSearch</td><td rowspan="1">09:44:47 AM</td><td rowspan="1">10.7</td></tr><tr class="passedeven"><td><a href="#m2">Purpose of this test is to Verify Elements in Web App for Premium User</a></td><td rowspan="1">VerifyLoggedInUser_PremiumUser</td><td rowspan="1">09:45:07 AM</td><td rowspan="1">4.03</td></tr><tr class="passedeven"><td><a href="#m3">Purpose of this test is to Verify that current user&apos;s name is displayed when admin access any user&apos;s dashboard</a></td><td rowspan="1">VerifyUserNameDisplayedOnDashboard</td><td rowspan="1">09:46:16 AM</td><td rowspan="1">16.92</td></tr></tbody><tbody><tr><th colspan="5">Doctors - Smoke Tests</th></tr></tbody><tbody id="t1"><tr><th colspan="5">Regression Test - Doctor Prespective &#8212; failed</th></tr><tr class="failedeven"><td rowspan="2">com.frontierX.TestScripts.FxDoctorsWorkFlows</td><td><a href="#m4">Purpose of this test is to Verify Doctors can search any user in our system</a></td><td rowspan="1">VerifyDoctrsCanSearchPatients</td><td rowspan="1">09:48:58 AM</td><td rowspan="1">30.49</td></tr><tr class="failedeven"><td><a href="#m5">Purpose of this test is to Verify that current user&apos;s name is displayed when Doctors access any user&apos;s dashboard</a></td><td rowspan="1">VerifyUserNameDisplayedOnDashboard_Doctors</td><td rowspan="1">09:49:53 AM</td><td rowspan="1">30.51</td></tr><tr><th colspan="5">Regression Test - Doctor Prespective &#8212; passed</th></tr><tr class="passedeven"><td rowspan="2">com.frontierX.TestScripts.FxDoctorsWorkFlows</td><td><a href="#m6">Purpose of this test is to Verify that user can Login to FX WebApp</a></td><td rowspan="1">VerifyDoctorsCanLoginToFxWebApp</td><td rowspan="1">09:48:48 AM</td><td rowspan="1">0.04</td></tr><tr class="passedeven"><td><a href="#m7">Purpose of this test is to Verify Elements in Web App for Premium User</a></td><td rowspan="1">VerifyLoggedInUser_PremiumUser</td><td rowspan="1">09:49:39 AM</td><td rowspan="1">4.05</td></tr></tbody><tbody><tr><th colspan="5">Prod Test Suite</th></tr></tbody><tbody><tr><th colspan="5">User - Smoke Tests in Prod</th></tr></tbody><tbody id="t2"><tr><th colspan="5">Smoke Tests - User Workflows &#8212; failed</th></tr><tr class="failedeven"><td rowspan="1">com.frontierX.TestScripts.FxUserWorkFlows</td><td><a href="#m8">Purpose of this test is to Verify that User can Delete the activity - But here i&apos;m not deleting it , just checking if he can do so</a></td><td rowspan="1">deleteActivity</td><td rowspan="1">09:41:15 AM</td><td rowspan="1">6.67</td></tr><tr><th colspan="5">Smoke Tests - User Workflows &#8212; passed</th></tr><tr class="passedeven"><td rowspan="6">com.frontierX.TestScripts.FxUserWorkFlows</td><td><a href="#m9">Purpose of this test is to Verify that User can Sync his activity and it is being displayed</a></td><td rowspan="1">VerifyActivitySync</td><td rowspan="1">09:39:32 AM</td><td rowspan="1">0.1</td></tr><tr class="passedeven"><td><a href="#m10">Purpose of this test is to Verify that ECG has been synced and Green Tick mark is visble </a></td><td rowspan="1">VerifyECGSyncIsSuccessfull</td><td rowspan="1">09:39:42 AM</td><td rowspan="1">7.89</td></tr><tr class="passedeven"><td><a href="#m11">Purpose of this test is to Verify that User can Edit the Activity and save it</a></td><td rowspan="1">VerifyEditedActivity</td><td rowspan="1">09:40:00 AM</td><td rowspan="1">14.59</td></tr><tr class="passedeven"><td><a href="#m12">Purpose of this test is to Verify that Health Treand Web Page opens and displays related Charts </a></td><td rowspan="1">VerifyHealthTreandPageDisplays</td><td rowspan="1">09:40:24 AM</td><td rowspan="1">2.21</td></tr><tr class="passedeven"><td><a href="#m13">Purpose of this test is to Verify if Insights are displayed or not </a></td><td rowspan="1">VerifyInsightInfoAreDisplayed</td><td rowspan="1">09:40:36 AM</td><td rowspan="1">9.71</td></tr><tr class="passedeven"><td><a href="#m14">Purpose of this test is to Verify that user can Download and verify Current Day&apos;s FIT File and verifies if its valid or not based on length of file</a></td><td rowspan="1">VerifyUserCanDownloadLatestFITFiles</td><td rowspan="1">09:40:55 AM</td><td rowspan="1">10.45</td></tr></tbody><tbody><tr><th colspan="5">Admin User - Smoke Tests in Prod (0)</th></tr></tbody><tbody id="t3"><tr><th colspan="5">Regression2 Tests - Premium User  &#8212; failed</th></tr><tr class="failedeven"><td rowspan="5">com.frontierX.TestScripts.FxPremiumUserWorkFlows</td><td><a href="#m15">Purpose of this test is to Verify that Premium User can Sync his activity and it is being displayed</a></td><td rowspan="1">VerifyActivitySyncForPremiumUser</td><td rowspan="1">09:46:43 AM</td><td rowspan="1">0.05</td></tr><tr class="failedeven"><td><a href="#m16">Purpose of this test is to Verify ECG PDF Pop Up for Premium Users</a></td><td rowspan="1">VerifyECGPDFPopUp_PremiumUser</td><td rowspan="1">09:46:52 AM</td><td rowspan="1">23.27</td></tr><tr class="failedeven"><td><a href="#m17">Purpose of this test is to Verify that ECG has been synced and Green Tick mark is visble for Premium User</a></td><td rowspan="1">VerifyECGSyncIsSuccessfullForPremiumUser</td><td rowspan="1">09:47:25 AM</td><td rowspan="1">0.11</td></tr><tr class="failedeven"><td><a href="#m18">Purpose of this test is to Verify if Insights are displayed for Premium User </a></td><td rowspan="1">VerifyInsightInfoAreDisplayedForPremiumUser</td><td rowspan="1">09:47:48 AM</td><td rowspan="1">0.13</td></tr><tr class="failedeven"><td><a href="#m19">Purpose of this test is to Verify that user can Download and verify Current Day&apos;s FIT File and verifies if its valid or not based on length of file</a></td><td rowspan="1">VerifyPremiumUserCanDownloadLatestFITFiles</td><td rowspan="1">09:47:58 AM</td><td rowspan="1">26.16</td></tr><tr><th colspan="5">Regression2 Tests - Premium User  &#8212; passed</th></tr><tr class="passedeven"><td rowspan="2">com.frontierX.TestScripts.FxPremiumUserWorkFlows</td><td><a href="#m20">Purpose of this test is to Verify Elements in Web App for Premium User</a></td><td rowspan="1">VerifyHomePageElements_PremiumUser</td><td rowspan="1">09:47:34 AM</td><td rowspan="1">4.2</td></tr><tr class="passedeven"><td><a href="#m21">Purpose of this test is to Verify that premium user can Login to FX WebApp</a></td><td rowspan="1">VerifyPremiumUsersCanLoginToFxWebApp</td><td rowspan="1">09:48:34 AM</td><td rowspan="1">4.06</td></tr></tbody><tbody><tr><th colspan="5">WebApp Regression - Prod</th></tr></tbody><tbody id="t4"><tr><th colspan="5">WebApp Regression &#8212; failed</th></tr><tr class="failedeven"><td rowspan="2">com.frontierX.TestScripts.FxWebApp_Regression</td><td><a href="#m22">Purpose of this test is to Verify List of Health Tags displayed</a></td><td rowspan="1">VerifyHealthEntryList</td><td rowspan="1">09:42:07 AM</td><td rowspan="1">6.17</td></tr><tr class="failedeven"><td><a href="#m23">Purpose of this test is to Verify that user can Download FIT File of lenght 40K and 10K of GPS Data</a></td><td rowspan="1">downloadOlderFITFiles</td><td rowspan="1">09:43:40 AM</td><td rowspan="1">54.31</td></tr><tr><th colspan="5">WebApp Regression &#8212; passed</th></tr><tr class="passedeven"><td rowspan="5">com.frontierX.TestScripts.FxWebApp_Regression</td><td><a href="#m24">Purpose of this test is to Verify that User Can Add Health Tag and Verifies if its displayed on Web App and Delete the same</a></td><td rowspan="1">VerifyHealthEntryAddedAndDeleted</td><td rowspan="1">09:41:33 AM</td><td rowspan="1">22.6</td></tr><tr class="passedeven"><td><a href="#m25">Purpose of this test is to Verify Elements in Web App for Premium User</a></td><td rowspan="1">VerifyHomePageElements_RegularUser</td><td rowspan="1">09:42:26 AM</td><td rowspan="1">4.29</td></tr><tr class="passedeven"><td><a href="#m26">Purpose of this test is to Verify User will be notified if password is incorrect </a></td><td rowspan="1">VerifyIncorrectPasswordMsgDisplays</td><td rowspan="1">09:42:43 AM</td><td rowspan="1">7.51</td></tr><tr class="passedeven"><td><a href="#m27">Purpose of this test is to Verify that user can Login to FX WebApp</a></td><td rowspan="1">VerifyUserCanLoginToFxWebApp</td><td rowspan="1">09:43:03 AM</td><td rowspan="1">4.07</td></tr><tr class="passedeven"><td><a href="#m28">Purpose of this test is to Verify User will be notified if user name is incorrect </a></td><td rowspan="1">VerifyUserNotFoundErrorMsg</td><td rowspan="1">09:43:20 AM</td><td rowspan="1">8.32</td></tr></tbody></table><h2>Smoke Tests - Admin Prespective</h2><h3 id="m0">com.frontierX.TestScripts.FxAdminWorkFlows#VerifyUserLevelChangesAreSaved ( VerifyUserLevelChangesAreSaved )</h3><table class="result"><tr><th>Exception</th></tr><tr><td><div class="stacktrace">java.lang.AssertionError: Expected Result is matched expected [Premium User] but found [User]
	at org.testng.Assert.fail(Assert.java:99)
	at org.testng.Assert.failNotEquals(Assert.java:1037)
	at org.testng.Assert.assertEqualsImpl(Assert.java:140)
	at org.testng.Assert.assertEquals(Assert.java:122)
	at org.testng.Assert.assertEquals(Assert.java:629)
	at com.frontierX.PageLibRepo.HomePageLib.VerifyUserLevel(HomePageLib.java:308)
	at com.frontierX.TestScripts.FxAdminWorkFlows.VerifyChangedUserSettingsAreStillIntact(FxAdminWorkFlows.java:160)
	at com.frontierX.TestScripts.FxAdminWorkFlows.VerifyUserLevelChangesAreSaved(FxAdminWorkFlows.java:55)
	at java.base/jdk.internal.reflect.NativeMethodAccessorImpl.invoke0(Native Method)
	at java.base/jdk.internal.reflect.NativeMethodAccessorImpl.invoke(NativeMethodAccessorImpl.java:77)
	at java.base/jdk.internal.reflect.DelegatingMethodAccessorImpl.invoke(DelegatingMethodAccessorImpl.java:43)
	at java.base/java.lang.reflect.Method.invoke(Method.java:568)
	at org.testng.internal.MethodInvocationHelper.invokeMethod(MethodInvocationHelper.java:133)
	at org.testng.internal.TestInvoker.invokeMethod(TestInvoker.java:598)
	at org.testng.internal.TestInvoker.invokeTestMethod(TestInvoker.java:173)
	at org.testng.internal.MethodRunner.runInSequence(MethodRunner.java:46)
	at org.testng.internal.TestInvoker$MethodInvocationAgent.invoke(TestInvoker.java:824)
	at org.testng.internal.TestInvoker.invokeTestMethods(TestInvoker.java:146)
	at org.testng.internal.TestMethodWorker.invokeTestMethods(TestMethodWorker.java:146)
	at org.testng.internal.TestMethodWorker.run(TestMethodWorker.java:128)
	at java.base/java.util.concurrent.ThreadPoolExecutor.runWorker(ThreadPoolExecutor.java:1136)
	at java.base/java.util.concurrent.ThreadPoolExecutor$Worker.run(ThreadPoolExecutor.java:635)
	at java.base/java.lang.Thread.run(Thread.java:833)
</div></td></tr></table><p class="totop"><a href="#summary">back to summary</a></p><h3 id="m1">com.frontierX.TestScripts.FxAdminWorkFlows#VerifyAdminSearch ( VerifyAdminSearch )</h3><table class="result"></table><p class="totop"><a href="#summary">back to summary</a></p><h3 id="m2">com.frontierX.TestScripts.FxAdminWorkFlows#VerifyLoggedInUser_PremiumUser ( VerifyLoggedInUser_PremiumUser )</h3><table class="result"></table><p class="totop"><a href="#summary">back to summary</a></p><h3 id="m3">com.frontierX.TestScripts.FxAdminWorkFlows#VerifyUserNameDisplayedOnDashboard ( VerifyUserNameDisplayedOnDashboard )</h3><table class="result"></table><p class="totop"><a href="#summary">back to summary</a></p><h2>Regression Test - Doctor Prespective</h2><h3 id="m4">com.frontierX.TestScripts.FxDoctorsWorkFlows#VerifyDoctrsCanSearchPatients ( VerifyDoctrsCanSearchPatients )</h3><table class="result"><tr><th>Exception</th></tr><tr><td><div class="stacktrace">org.openqa.selenium.NoSuchElementException: no such element: Unable to locate element: {&quot;method&quot;:&quot;xpath&quot;,&quot;selector&quot;:&quot;//div[@class=&apos;col-12 col-md-4&apos;]&quot;}
  (Session info: chrome=101.0.4951.54)
For documentation on this error, please visit: https://www.seleniumhq.org/exceptions/no_such_element.html
Build info: version: &apos;3.141.59&apos;, revision: &apos;e82be7d358&apos;, time: &apos;2018-11-14T08:25:53&apos;
System info: host: &apos;DESKTOP-LBTBNFA&apos;, ip: &apos;192.168.0.244&apos;, os.name: &apos;Windows 10&apos;, os.arch: &apos;amd64&apos;, os.version: &apos;10.0&apos;, java.version: &apos;17.0.1&apos;
Driver info: org.openqa.selenium.chrome.ChromeDriver
Capabilities {acceptInsecureCerts: false, browserName: chrome, browserVersion: 101.0.4951.54, chrome: {chromedriverVersion: 101.0.4951.41 (93c720db8323..., userDataDir: C:\Users\user\AppData\Local...}, goog:chromeOptions: {debuggerAddress: localhost:54367}, javascriptEnabled: true, networkConnectionEnabled: false, pageLoadStrategy: normal, platform: WINDOWS, platformName: WINDOWS, proxy: Proxy(), setWindowRect: true, strictFileInteractability: false, timeouts: {implicit: 0, pageLoad: 300000, script: 30000}, unhandledPromptBehavior: dismiss and notify, webauthn:extension:credBlob: true, webauthn:extension:largeBlob: true, webauthn:virtualAuthenticators: true}
Session ID: e4e205123fcfa4a4aa314894673891d4
*** Element info: {Using=xpath, value=//div[@class=&apos;col-12 col-md-4&apos;]}
	at java.base/jdk.internal.reflect.NativeConstructorAccessorImpl.newInstance0(Native Method)
	at java.base/jdk.internal.reflect.NativeConstructorAccessorImpl.newInstance(NativeConstructorAccessorImpl.java:77)
	at java.base/jdk.internal.reflect.DelegatingConstructorAccessorImpl.newInstance(DelegatingConstructorAccessorImpl.java:45)
	at java.base/java.lang.reflect.Constructor.newInstanceWithCaller(Constructor.java:499)
	at java.base/java.lang.reflect.Constructor.newInstance(Constructor.java:480)
	at org.openqa.selenium.remote.http.W3CHttpResponseCodec.createException(W3CHttpResponseCodec.java:187)
	at org.openqa.selenium.remote.http.W3CHttpResponseCodec.decode(W3CHttpResponseCodec.java:122)
	at org.openqa.selenium.remote.http.W3CHttpResponseCodec.decode(W3CHttpResponseCodec.java:49)
	at org.openqa.selenium.remote.HttpCommandExecutor.execute(HttpCommandExecutor.java:158)
	at org.openqa.selenium.remote.service.DriverCommandExecutor.execute(DriverCommandExecutor.java:83)
	at org.openqa.selenium.remote.RemoteWebDriver.execute(RemoteWebDriver.java:552)
	at org.openqa.selenium.remote.RemoteWebDriver.findElement(RemoteWebDriver.java:323)
	at org.openqa.selenium.remote.RemoteWebDriver.findElementByXPath(RemoteWebDriver.java:428)
	at org.openqa.selenium.By$ByXPath.findElement(By.java:353)
	at org.openqa.selenium.remote.RemoteWebDriver.findElement(RemoteWebDriver.java:315)
	at org.openqa.selenium.support.pagefactory.DefaultElementLocator.findElement(DefaultElementLocator.java:69)
	at org.openqa.selenium.support.pagefactory.internal.LocatingElementHandler.invoke(LocatingElementHandler.java:38)
	at jdk.proxy2/jdk.proxy2.$Proxy13.getText(Unknown Source)
	at com.frontierX.PageLibRepo.HomePageLib.VerifyIfSearchedUserAppeared(HomePageLib.java:268)
	at com.frontierX.TestScripts.FxDoctorsWorkFlows.VerifyDoctrsCanSearchPatients(FxDoctorsWorkFlows.java:66)
	at java.base/jdk.internal.reflect.NativeMethodAccessorImpl.invoke0(Native Method)
	at java.base/jdk.internal.reflect.NativeMethodAccessorImpl.invoke(NativeMethodAccessorImpl.java:77)
	at java.base/jdk.internal.reflect.DelegatingMethodAccessorImpl.invoke(DelegatingMethodAccessorImpl.java:43)
	at java.base/java.lang.reflect.Method.invoke(Method.java:568)
	at org.testng.internal.MethodInvocationHelper.invokeMethod(MethodInvocationHelper.java:133)
	at org.testng.internal.TestInvoker.invokeMethod(TestInvoker.java:598)
	at org.testng.internal.TestInvoker.invokeTestMethod(TestInvoker.java:173)
	at org.testng.internal.MethodRunner.runInSequence(MethodRunner.java:46)
	at org.testng.internal.TestInvoker$MethodInvocationAgent.invoke(TestInvoker.java:824)
	at org.testng.internal.TestInvoker.invokeTestMethods(TestInvoker.java:146)
	at org.testng.internal.TestMethodWorker.invokeTestMethods(TestMethodWorker.java:146)
	at org.testng.internal.TestMethodWorker.run(TestMethodWorker.java:128)
	at java.base/java.util.ArrayList.forEach(ArrayList.java:1511)
	at org.testng.TestRunner.privateRun(TestRunner.java:794)
	at org.testng.TestRunner.run(TestRunner.java:596)
	at org.testng.SuiteRunner.runTest(SuiteRunner.java:377)
	at org.testng.SuiteRunner.runSequentially(SuiteRunner.java:371)
	at org.testng.SuiteRunner.privateRun(SuiteRunner.java:332)
	at org.testng.SuiteRunner.run(SuiteRunner.java:276)
	at org.testng.SuiteRunnerWorker.runSuite(SuiteRunnerWorker.java:53)
	at org.testng.SuiteRunnerWorker.run(SuiteRunnerWorker.java:96)
	at org.testng.TestNG.runSuitesSequentially(TestNG.java:1212)
	at org.testng.TestNG.runSuitesSequentially(TestNG.java:1207)
	at org.testng.TestNG.runSuitesLocally(TestNG.java:1134)
	at org.testng.TestNG.runSuites(TestNG.java:1063)
	at org.testng.TestNG.run(TestNG.java:1031)
	at org.testng.remote.AbstractRemoteTestNG.run(AbstractRemoteTestNG.java:115)
	at org.testng.remote.RemoteTestNG.initAndRun(RemoteTestNG.java:251)
	at org.testng.remote.RemoteTestNG.main(RemoteTestNG.java:77)
</div></td></tr></table><p class="totop"><a href="#summary">back to summary</a></p><h3 id="m5">com.frontierX.TestScripts.FxDoctorsWorkFlows#VerifyUserNameDisplayedOnDashboard_Doctors ( VerifyUserNameDisplayedOnDashboard_Doctors )</h3><table class="result"><tr><th>Exception</th></tr><tr><td><div class="stacktrace">org.openqa.selenium.NoSuchElementException: no such element: Unable to locate element: {&quot;method&quot;:&quot;xpath&quot;,&quot;selector&quot;:&quot;//div[@class=&apos;col-12 col-md-4&apos;]&quot;}
  (Session info: chrome=101.0.4951.54)
For documentation on this error, please visit: https://www.seleniumhq.org/exceptions/no_such_element.html
Build info: version: &apos;3.141.59&apos;, revision: &apos;e82be7d358&apos;, time: &apos;2018-11-14T08:25:53&apos;
System info: host: &apos;DESKTOP-LBTBNFA&apos;, ip: &apos;192.168.0.244&apos;, os.name: &apos;Windows 10&apos;, os.arch: &apos;amd64&apos;, os.version: &apos;10.0&apos;, java.version: &apos;17.0.1&apos;
Driver info: org.openqa.selenium.chrome.ChromeDriver
Capabilities {acceptInsecureCerts: false, browserName: chrome, browserVersion: 101.0.4951.54, chrome: {chromedriverVersion: 101.0.4951.41 (93c720db8323..., userDataDir: C:\Users\user\AppData\Local...}, goog:chromeOptions: {debuggerAddress: localhost:54461}, javascriptEnabled: true, networkConnectionEnabled: false, pageLoadStrategy: normal, platform: WINDOWS, platformName: WINDOWS, proxy: Proxy(), setWindowRect: true, strictFileInteractability: false, timeouts: {implicit: 0, pageLoad: 300000, script: 30000}, unhandledPromptBehavior: dismiss and notify, webauthn:extension:credBlob: true, webauthn:extension:largeBlob: true, webauthn:virtualAuthenticators: true}
Session ID: fd4c40b14502785d3a434f7a073b2275
*** Element info: {Using=xpath, value=//div[@class=&apos;col-12 col-md-4&apos;]}
	at java.base/jdk.internal.reflect.NativeConstructorAccessorImpl.newInstance0(Native Method)
	at java.base/jdk.internal.reflect.NativeConstructorAccessorImpl.newInstance(NativeConstructorAccessorImpl.java:77)
	at java.base/jdk.internal.reflect.DelegatingConstructorAccessorImpl.newInstance(DelegatingConstructorAccessorImpl.java:45)
	at java.base/java.lang.reflect.Constructor.newInstanceWithCaller(Constructor.java:499)
	at java.base/java.lang.reflect.Constructor.newInstance(Constructor.java:480)
	at org.openqa.selenium.remote.http.W3CHttpResponseCodec.createException(W3CHttpResponseCodec.java:187)
	at org.openqa.selenium.remote.http.W3CHttpResponseCodec.decode(W3CHttpResponseCodec.java:122)
	at org.openqa.selenium.remote.http.W3CHttpResponseCodec.decode(W3CHttpResponseCodec.java:49)
	at org.openqa.selenium.remote.HttpCommandExecutor.execute(HttpCommandExecutor.java:158)
	at org.openqa.selenium.remote.service.DriverCommandExecutor.execute(DriverCommandExecutor.java:83)
	at org.openqa.selenium.remote.RemoteWebDriver.execute(RemoteWebDriver.java:552)
	at org.openqa.selenium.remote.RemoteWebDriver.findElement(RemoteWebDriver.java:323)
	at org.openqa.selenium.remote.RemoteWebDriver.findElementByXPath(RemoteWebDriver.java:428)
	at org.openqa.selenium.By$ByXPath.findElement(By.java:353)
	at org.openqa.selenium.remote.RemoteWebDriver.findElement(RemoteWebDriver.java:315)
	at org.openqa.selenium.support.pagefactory.DefaultElementLocator.findElement(DefaultElementLocator.java:69)
	at org.openqa.selenium.support.pagefactory.internal.LocatingElementHandler.invoke(LocatingElementHandler.java:38)
	at jdk.proxy2/jdk.proxy2.$Proxy13.getText(Unknown Source)
	at com.frontierX.PageLibRepo.HomePageLib.VerifyIfSearchedUserAppeared(HomePageLib.java:268)
	at com.frontierX.TestScripts.FxDoctorsWorkFlows.VerifyUserNameDisplayedOnDashboard_Doctors(FxDoctorsWorkFlows.java:80)
	at java.base/jdk.internal.reflect.NativeMethodAccessorImpl.invoke0(Native Method)
	at java.base/jdk.internal.reflect.NativeMethodAccessorImpl.invoke(NativeMethodAccessorImpl.java:77)
	at java.base/jdk.internal.reflect.DelegatingMethodAccessorImpl.invoke(DelegatingMethodAccessorImpl.java:43)
	at java.base/java.lang.reflect.Method.invoke(Method.java:568)
	at org.testng.internal.MethodInvocationHelper.invokeMethod(MethodInvocationHelper.java:133)
	at org.testng.internal.TestInvoker.invokeMethod(TestInvoker.java:598)
	at org.testng.internal.TestInvoker.invokeTestMethod(TestInvoker.java:173)
	at org.testng.internal.MethodRunner.runInSequence(MethodRunner.java:46)
	at org.testng.internal.TestInvoker$MethodInvocationAgent.invoke(TestInvoker.java:824)
	at org.testng.internal.TestInvoker.invokeTestMethods(TestInvoker.java:146)
	at org.testng.internal.TestMethodWorker.invokeTestMethods(TestMethodWorker.java:146)
	at org.testng.internal.TestMethodWorker.run(TestMethodWorker.java:128)
	at java.base/java.util.ArrayList.forEach(ArrayList.java:1511)
	at org.testng.TestRunner.privateRun(TestRunner.java:794)
	at org.testng.TestRunner.run(TestRunner.java:596)
	at org.testng.SuiteRunner.runTest(SuiteRunner.java:377)
	at org.testng.SuiteRunner.runSequentially(SuiteRunner.java:371)
	at org.testng.SuiteRunner.privateRun(SuiteRunner.java:332)
	at org.testng.SuiteRunner.run(SuiteRunner.java:276)
	at org.testng.SuiteRunnerWorker.runSuite(SuiteRunnerWorker.java:53)
	at org.testng.SuiteRunnerWorker.run(SuiteRunnerWorker.java:96)
	at org.testng.TestNG.runSuitesSequentially(TestNG.java:1212)
	at org.testng.TestNG.runSuitesSequentially(TestNG.java:1207)
	at org.testng.TestNG.runSuitesLocally(TestNG.java:1134)
	at org.testng.TestNG.runSuites(TestNG.java:1063)
	at org.testng.TestNG.run(TestNG.java:1031)
	at org.testng.remote.AbstractRemoteTestNG.run(AbstractRemoteTestNG.java:115)
	at org.testng.remote.RemoteTestNG.initAndRun(RemoteTestNG.java:251)
	at org.testng.remote.RemoteTestNG.main(RemoteTestNG.java:77)
</div></td></tr></table><p class="totop"><a href="#summary">back to summary</a></p><h3 id="m6">com.frontierX.TestScripts.FxDoctorsWorkFlows#VerifyDoctorsCanLoginToFxWebApp ( VerifyDoctorsCanLoginToFxWebApp )</h3><table class="result"></table><p class="totop"><a href="#summary">back to summary</a></p><h3 id="m7">com.frontierX.TestScripts.FxDoctorsWorkFlows#VerifyLoggedInUser_PremiumUser ( VerifyLoggedInUser_PremiumUser )</h3><table class="result"></table><p class="totop"><a href="#summary">back to summary</a></p><h2>Smoke Tests - User Workflows</h2><h3 id="m8">com.frontierX.TestScripts.FxUserWorkFlows#deleteActivity ( deleteActivity )</h3><table class="result"><tr><th>Exception</th></tr><tr><td><div class="stacktrace">org.openqa.selenium.InvalidSelectorException: invalid selector: Unable to locate an element with the xpath expression (//button[@class=&apos;btn cancel-button because of the following error:
SyntaxError: Failed to execute &apos;evaluate&apos; on &apos;Document&apos;: The string &apos;(//button[@class=&apos;btn cancel-button&apos; is not a valid XPath expression.
  (Session info: chrome=101.0.4951.54)
For documentation on this error, please visit: https://www.seleniumhq.org/exceptions/invalid_selector_exception.html
Build info: version: &apos;3.141.59&apos;, revision: &apos;e82be7d358&apos;, time: &apos;2018-11-14T08:25:53&apos;
System info: host: &apos;DESKTOP-LBTBNFA&apos;, ip: &apos;192.168.0.244&apos;, os.name: &apos;Windows 10&apos;, os.arch: &apos;amd64&apos;, os.version: &apos;10.0&apos;, java.version: &apos;17.0.1&apos;
Driver info: org.openqa.selenium.chrome.ChromeDriver
Capabilities {acceptInsecureCerts: false, browserName: chrome, browserVersion: 101.0.4951.54, chrome: {chromedriverVersion: 101.0.4951.41 (93c720db8323..., userDataDir: C:\Users\user\AppData\Local...}, goog:chromeOptions: {debuggerAddress: localhost:53414}, javascriptEnabled: true, networkConnectionEnabled: false, pageLoadStrategy: normal, platform: WINDOWS, platformName: WINDOWS, proxy: Proxy(), setWindowRect: true, strictFileInteractability: false, timeouts: {implicit: 0, pageLoad: 300000, script: 30000}, unhandledPromptBehavior: dismiss and notify, webauthn:extension:credBlob: true, webauthn:extension:largeBlob: true, webauthn:virtualAuthenticators: true}
Session ID: 3e63443c196dd949a24a406faaba1ae1
*** Element info: {Using=xpath, value=(//button[@class=&apos;btn cancel-button}
	at java.base/jdk.internal.reflect.NativeConstructorAccessorImpl.newInstance0(Native Method)
	at java.base/jdk.internal.reflect.NativeConstructorAccessorImpl.newInstance(NativeConstructorAccessorImpl.java:77)
	at java.base/jdk.internal.reflect.DelegatingConstructorAccessorImpl.newInstance(DelegatingConstructorAccessorImpl.java:45)
	at java.base/java.lang.reflect.Constructor.newInstanceWithCaller(Constructor.java:499)
	at java.base/java.lang.reflect.Constructor.newInstance(Constructor.java:480)
	at org.openqa.selenium.remote.http.W3CHttpResponseCodec.createException(W3CHttpResponseCodec.java:187)
	at org.openqa.selenium.remote.http.W3CHttpResponseCodec.decode(W3CHttpResponseCodec.java:122)
	at org.openqa.selenium.remote.http.W3CHttpResponseCodec.decode(W3CHttpResponseCodec.java:49)
	at org.openqa.selenium.remote.HttpCommandExecutor.execute(HttpCommandExecutor.java:158)
	at org.openqa.selenium.remote.service.DriverCommandExecutor.execute(DriverCommandExecutor.java:83)
	at org.openqa.selenium.remote.RemoteWebDriver.execute(RemoteWebDriver.java:552)
	at org.openqa.selenium.remote.RemoteWebDriver.findElement(RemoteWebDriver.java:323)
	at org.openqa.selenium.remote.RemoteWebDriver.findElementByXPath(RemoteWebDriver.java:428)
	at org.openqa.selenium.By$ByXPath.findElement(By.java:353)
	at org.openqa.selenium.remote.RemoteWebDriver.findElement(RemoteWebDriver.java:315)
	at org.openqa.selenium.support.pagefactory.DefaultElementLocator.findElement(DefaultElementLocator.java:69)
	at org.openqa.selenium.support.pagefactory.internal.LocatingElementHandler.invoke(LocatingElementHandler.java:38)
	at jdk.proxy2/jdk.proxy2.$Proxy13.click(Unknown Source)
	at com.frontierX.PageLibRepo.HomePageLib.ClickkeepButton(HomePageLib.java:500)
	at com.frontierX.TestScripts.FxUserWorkFlows.deleteActivity(FxUserWorkFlows.java:63)
	at java.base/jdk.internal.reflect.NativeMethodAccessorImpl.invoke0(Native Method)
	at java.base/jdk.internal.reflect.NativeMethodAccessorImpl.invoke(NativeMethodAccessorImpl.java:77)
	at java.base/jdk.internal.reflect.DelegatingMethodAccessorImpl.invoke(DelegatingMethodAccessorImpl.java:43)
	at java.base/java.lang.reflect.Method.invoke(Method.java:568)
	at org.testng.internal.MethodInvocationHelper.invokeMethod(MethodInvocationHelper.java:133)
	at org.testng.internal.TestInvoker.invokeMethod(TestInvoker.java:598)
	at org.testng.internal.TestInvoker.invokeTestMethod(TestInvoker.java:173)
	at org.testng.internal.MethodRunner.runInSequence(MethodRunner.java:46)
	at org.testng.internal.TestInvoker$MethodInvocationAgent.invoke(TestInvoker.java:824)
	at org.testng.internal.TestInvoker.invokeTestMethods(TestInvoker.java:146)
	at org.testng.internal.TestMethodWorker.invokeTestMethods(TestMethodWorker.java:146)
	at org.testng.internal.TestMethodWorker.run(TestMethodWorker.java:128)
	at java.base/java.util.ArrayList.forEach(ArrayList.java:1511)
	at org.testng.TestRunner.privateRun(TestRunner.java:794)
	at org.testng.TestRunner.run(TestRunner.java:596)
	at org.testng.SuiteRunner.runTest(SuiteRunner.java:377)
	at org.testng.SuiteRunner.runSequentially(SuiteRunner.java:371)
	at org.testng.SuiteRunner.privateRun(SuiteRunner.java:332)
	at org.testng.SuiteRunner.run(SuiteRunner.java:276)
	at org.testng.SuiteRunnerWorker.runSuite(SuiteRunnerWorker.java:53)
	at org.testng.SuiteRunnerWorker.run(SuiteRunnerWorker.java:96)
	at org.testng.TestNG.runSuitesSequentially(TestNG.java:1212)
	at org.testng.TestNG.runSuitesSequentially(TestNG.java:1207)
	at org.testng.TestNG.runSuitesLocally(TestNG.java:1134)
	at org.testng.TestNG.runSuites(TestNG.java:1063)
	at org.testng.TestNG.run(TestNG.java:1031)
	at org.testng.remote.AbstractRemoteTestNG.run(AbstractRemoteTestNG.java:115)
	at org.testng.remote.RemoteTestNG.initAndRun(RemoteTestNG.java:251)
	at org.testng.remote.RemoteTestNG.main(RemoteTestNG.java:77)
</div></td></tr></table><p class="totop"><a href="#summary">back to summary</a></p><h3 id="m9">com.frontierX.TestScripts.FxUserWorkFlows#VerifyActivitySync ( VerifyActivitySync )</h3><table class="result"></table><p class="totop"><a href="#summary">back to summary</a></p><h3 id="m10">com.frontierX.TestScripts.FxUserWorkFlows#VerifyECGSyncIsSuccessfull ( VerifyECGSyncIsSuccessfull )</h3><table class="result"></table><p class="totop"><a href="#summary">back to summary</a></p><h3 id="m11">com.frontierX.TestScripts.FxUserWorkFlows#VerifyEditedActivity ( VerifyEditedActivity )</h3><table class="result"></table><p class="totop"><a href="#summary">back to summary</a></p><h3 id="m12">com.frontierX.TestScripts.FxUserWorkFlows#VerifyHealthTreandPageDisplays ( VerifyHealthTreandPageDisplays )</h3><table class="result"></table><p class="totop"><a href="#summary">back to summary</a></p><h3 id="m13">com.frontierX.TestScripts.FxUserWorkFlows#VerifyInsightInfoAreDisplayed ( VerifyInsightInfoAreDisplayed )</h3><table class="result"></table><p class="totop"><a href="#summary">back to summary</a></p><h3 id="m14">com.frontierX.TestScripts.FxUserWorkFlows#VerifyUserCanDownloadLatestFITFiles ( VerifyUserCanDownloadLatestFITFiles )</h3><table class="result"></table><p class="totop"><a href="#summary">back to summary</a></p><h2>Regression2 Tests - Premium User </h2><h3 id="m15">com.frontierX.TestScripts.FxPremiumUserWorkFlows#VerifyActivitySyncForPremiumUser ( VerifyActivitySyncForPremiumUser )</h3><table class="result"><tr><th>Exception</th></tr><tr><td><div class="stacktrace">java.lang.AssertionError: Today&apos;s Activity is Synced expected [true] but found [false]
	at org.testng.Assert.fail(Assert.java:99)
	at org.testng.Assert.failNotEquals(Assert.java:1037)
	at org.testng.Assert.assertTrue(Assert.java:45)
	at com.frontierX.PageLibRepo.HomePageLib.VerifyTodaysActivityIsDisplayed(HomePageLib.java:540)
	at com.frontierX.TestScripts.FxPremiumUserWorkFlows.VerifyActivitySyncForPremiumUser(FxPremiumUserWorkFlows.java:101)
	at java.base/jdk.internal.reflect.NativeMethodAccessorImpl.invoke0(Native Method)
	at java.base/jdk.internal.reflect.NativeMethodAccessorImpl.invoke(NativeMethodAccessorImpl.java:77)
	at java.base/jdk.internal.reflect.DelegatingMethodAccessorImpl.invoke(DelegatingMethodAccessorImpl.java:43)
	at java.base/java.lang.reflect.Method.invoke(Method.java:568)
	at org.testng.internal.MethodInvocationHelper.invokeMethod(MethodInvocationHelper.java:133)
	at org.testng.internal.TestInvoker.invokeMethod(TestInvoker.java:598)
	at org.testng.internal.TestInvoker.invokeTestMethod(TestInvoker.java:173)
	at org.testng.internal.MethodRunner.runInSequence(MethodRunner.java:46)
	at org.testng.internal.TestInvoker$MethodInvocationAgent.invoke(TestInvoker.java:824)
	at org.testng.internal.TestInvoker.invokeTestMethods(TestInvoker.java:146)
	at org.testng.internal.TestMethodWorker.invokeTestMethods(TestMethodWorker.java:146)
	at org.testng.internal.TestMethodWorker.run(TestMethodWorker.java:128)
	at java.base/java.util.concurrent.ThreadPoolExecutor.runWorker(ThreadPoolExecutor.java:1136)
	at java.base/java.util.concurrent.ThreadPoolExecutor$Worker.run(ThreadPoolExecutor.java:635)
	at java.base/java.lang.Thread.run(Thread.java:833)
</div></td></tr></table><p class="totop"><a href="#summary">back to summary</a></p><h3 id="m16">com.frontierX.TestScripts.FxPremiumUserWorkFlows#VerifyECGPDFPopUp_PremiumUser ( VerifyECGPDFPopUp_PremiumUser )</h3><table class="result"><tr><th>Exception</th></tr><tr><td><div class="stacktrace">org.openqa.selenium.NoSuchElementException: no such element: Unable to locate element: {&quot;method&quot;:&quot;partial link text&quot;,&quot;selector&quot;:&quot;Generate ECG PDF&quot;}
  (Session info: chrome=101.0.4951.54)
For documentation on this error, please visit: https://www.seleniumhq.org/exceptions/no_such_element.html
Build info: version: &apos;3.141.59&apos;, revision: &apos;e82be7d358&apos;, time: &apos;2018-11-14T08:25:53&apos;
System info: host: &apos;DESKTOP-LBTBNFA&apos;, ip: &apos;192.168.0.244&apos;, os.name: &apos;Windows 10&apos;, os.arch: &apos;amd64&apos;, os.version: &apos;10.0&apos;, java.version: &apos;17.0.1&apos;
Driver info: org.openqa.selenium.chrome.ChromeDriver
Capabilities {acceptInsecureCerts: false, browserName: chrome, browserVersion: 101.0.4951.54, chrome: {chromedriverVersion: 101.0.4951.41 (93c720db8323..., userDataDir: C:\Users\user\AppData\Local...}, goog:chromeOptions: {debuggerAddress: localhost:54041}, javascriptEnabled: true, networkConnectionEnabled: false, pageLoadStrategy: normal, platform: WINDOWS, platformName: WINDOWS, proxy: Proxy(), setWindowRect: true, strictFileInteractability: false, timeouts: {implicit: 0, pageLoad: 300000, script: 30000}, unhandledPromptBehavior: dismiss and notify, webauthn:extension:credBlob: true, webauthn:extension:largeBlob: true, webauthn:virtualAuthenticators: true}
Session ID: afbdce707a0fe2d7493e4edb6a21515b
*** Element info: {Using=partial link text, value=Generate ECG PDF}
	at java.base/jdk.internal.reflect.NativeConstructorAccessorImpl.newInstance0(Native Method)
	at java.base/jdk.internal.reflect.NativeConstructorAccessorImpl.newInstance(NativeConstructorAccessorImpl.java:77)
	at java.base/jdk.internal.reflect.DelegatingConstructorAccessorImpl.newInstance(DelegatingConstructorAccessorImpl.java:45)
	at java.base/java.lang.reflect.Constructor.newInstanceWithCaller(Constructor.java:499)
	at java.base/java.lang.reflect.Constructor.newInstance(Constructor.java:480)
	at org.openqa.selenium.remote.http.W3CHttpResponseCodec.createException(W3CHttpResponseCodec.java:187)
	at org.openqa.selenium.remote.http.W3CHttpResponseCodec.decode(W3CHttpResponseCodec.java:122)
	at org.openqa.selenium.remote.http.W3CHttpResponseCodec.decode(W3CHttpResponseCodec.java:49)
	at org.openqa.selenium.remote.HttpCommandExecutor.execute(HttpCommandExecutor.java:158)
	at org.openqa.selenium.remote.service.DriverCommandExecutor.execute(DriverCommandExecutor.java:83)
	at org.openqa.selenium.remote.RemoteWebDriver.execute(RemoteWebDriver.java:552)
	at org.openqa.selenium.remote.RemoteWebDriver.findElement(RemoteWebDriver.java:323)
	at org.openqa.selenium.remote.RemoteWebDriver.findElementByPartialLinkText(RemoteWebDriver.java:388)
	at org.openqa.selenium.By$ByPartialLinkText.findElement(By.java:250)
	at org.openqa.selenium.remote.RemoteWebDriver.findElement(RemoteWebDriver.java:315)
	at org.openqa.selenium.support.pagefactory.DefaultElementLocator.findElement(DefaultElementLocator.java:69)
	at org.openqa.selenium.support.pagefactory.internal.LocatingElementHandler.invoke(LocatingElementHandler.java:38)
	at jdk.proxy2/jdk.proxy2.$Proxy13.click(Unknown Source)
	at com.frontierX.PageLibRepo.HomePageLib.ClickgenerateECGPDF(HomePageLib.java:400)
	at com.frontierX.TestScripts.FxPremiumUserWorkFlows.VerifyECGPDFPopUp_PremiumUser(FxPremiumUserWorkFlows.java:111)
	at java.base/jdk.internal.reflect.NativeMethodAccessorImpl.invoke0(Native Method)
	at java.base/jdk.internal.reflect.NativeMethodAccessorImpl.invoke(NativeMethodAccessorImpl.java:77)
	at java.base/jdk.internal.reflect.DelegatingMethodAccessorImpl.invoke(DelegatingMethodAccessorImpl.java:43)
	at java.base/java.lang.reflect.Method.invoke(Method.java:568)
	at org.testng.internal.MethodInvocationHelper.invokeMethod(MethodInvocationHelper.java:133)
	at org.testng.internal.TestInvoker.invokeMethod(TestInvoker.java:598)
	at org.testng.internal.TestInvoker.invokeTestMethod(TestInvoker.java:173)
	at org.testng.internal.MethodRunner.runInSequence(MethodRunner.java:46)
	at org.testng.internal.TestInvoker$MethodInvocationAgent.invoke(TestInvoker.java:824)
	at org.testng.internal.TestInvoker.invokeTestMethods(TestInvoker.java:146)
	at org.testng.internal.TestMethodWorker.invokeTestMethods(TestMethodWorker.java:146)
	at org.testng.internal.TestMethodWorker.run(TestMethodWorker.java:128)
	at java.base/java.util.concurrent.ThreadPoolExecutor.runWorker(ThreadPoolExecutor.java:1136)
	at java.base/java.util.concurrent.ThreadPoolExecutor$Worker.run(ThreadPoolExecutor.java:635)
	at java.base/java.lang.Thread.run(Thread.java:833)
</div></td></tr></table><p class="totop"><a href="#summary">back to summary</a></p><h3 id="m17">com.frontierX.TestScripts.FxPremiumUserWorkFlows#VerifyECGSyncIsSuccessfullForPremiumUser ( VerifyECGSyncIsSuccessfullForPremiumUser )</h3><table class="result"><tr><th>Exception</th></tr><tr><td><div class="stacktrace">java.lang.AssertionError: Today&apos;s Activity is Synced expected [true] but found [false]
	at org.testng.Assert.fail(Assert.java:99)
	at org.testng.Assert.failNotEquals(Assert.java:1037)
	at org.testng.Assert.assertTrue(Assert.java:45)
	at com.frontierX.PageLibRepo.HomePageLib.VerifyTodaysActivityIsDisplayed(HomePageLib.java:540)
	at com.frontierX.PageLibRepo.HomePageLib.VerifyTodaysECGIsSynced(HomePageLib.java:545)
	at com.frontierX.TestScripts.FxPremiumUserWorkFlows.VerifyECGSyncIsSuccessfullForPremiumUser(FxPremiumUserWorkFlows.java:64)
	at java.base/jdk.internal.reflect.NativeMethodAccessorImpl.invoke0(Native Method)
	at java.base/jdk.internal.reflect.NativeMethodAccessorImpl.invoke(NativeMethodAccessorImpl.java:77)
	at java.base/jdk.internal.reflect.DelegatingMethodAccessorImpl.invoke(DelegatingMethodAccessorImpl.java:43)
	at java.base/java.lang.reflect.Method.invoke(Method.java:568)
	at org.testng.internal.MethodInvocationHelper.invokeMethod(MethodInvocationHelper.java:133)
	at org.testng.internal.TestInvoker.invokeMethod(TestInvoker.java:598)
	at org.testng.internal.TestInvoker.invokeTestMethod(TestInvoker.java:173)
	at org.testng.internal.MethodRunner.runInSequence(MethodRunner.java:46)
	at org.testng.internal.TestInvoker$MethodInvocationAgent.invoke(TestInvoker.java:824)
	at org.testng.internal.TestInvoker.invokeTestMethods(TestInvoker.java:146)
	at org.testng.internal.TestMethodWorker.invokeTestMethods(TestMethodWorker.java:146)
	at org.testng.internal.TestMethodWorker.run(TestMethodWorker.java:128)
	at java.base/java.util.concurrent.ThreadPoolExecutor.runWorker(ThreadPoolExecutor.java:1136)
	at java.base/java.util.concurrent.ThreadPoolExecutor$Worker.run(ThreadPoolExecutor.java:635)
	at java.base/java.lang.Thread.run(Thread.java:833)
</div></td></tr></table><p class="totop"><a href="#summary">back to summary</a></p><h3 id="m18">com.frontierX.TestScripts.FxPremiumUserWorkFlows#VerifyInsightInfoAreDisplayedForPremiumUser ( VerifyInsightInfoAreDisplayedForPremiumUser )</h3><table class="result"><tr><th>Exception</th></tr><tr><td><div class="stacktrace">java.lang.AssertionError: Today&apos;s Activity is Synced expected [true] but found [false]
	at org.testng.Assert.fail(Assert.java:99)
	at org.testng.Assert.failNotEquals(Assert.java:1037)
	at org.testng.Assert.assertTrue(Assert.java:45)
	at com.frontierX.PageLibRepo.HomePageLib.VerifyTodaysActivityIsDisplayed(HomePageLib.java:540)
	at com.frontierX.TestScripts.FxPremiumUserWorkFlows.VerifyInsightInfoAreDisplayedForPremiumUser(FxPremiumUserWorkFlows.java:91)
	at java.base/jdk.internal.reflect.NativeMethodAccessorImpl.invoke0(Native Method)
	at java.base/jdk.internal.reflect.NativeMethodAccessorImpl.invoke(NativeMethodAccessorImpl.java:77)
	at java.base/jdk.internal.reflect.DelegatingMethodAccessorImpl.invoke(DelegatingMethodAccessorImpl.java:43)
	at java.base/java.lang.reflect.Method.invoke(Method.java:568)
	at org.testng.internal.MethodInvocationHelper.invokeMethod(MethodInvocationHelper.java:133)
	at org.testng.internal.TestInvoker.invokeMethod(TestInvoker.java:598)
	at org.testng.internal.TestInvoker.invokeTestMethod(TestInvoker.java:173)
	at org.testng.internal.MethodRunner.runInSequence(MethodRunner.java:46)
	at org.testng.internal.TestInvoker$MethodInvocationAgent.invoke(TestInvoker.java:824)
	at org.testng.internal.TestInvoker.invokeTestMethods(TestInvoker.java:146)
	at org.testng.internal.TestMethodWorker.invokeTestMethods(TestMethodWorker.java:146)
	at org.testng.internal.TestMethodWorker.run(TestMethodWorker.java:128)
	at java.base/java.util.concurrent.ThreadPoolExecutor.runWorker(ThreadPoolExecutor.java:1136)
	at java.base/java.util.concurrent.ThreadPoolExecutor$Worker.run(ThreadPoolExecutor.java:635)
	at java.base/java.lang.Thread.run(Thread.java:833)
</div></td></tr></table><p class="totop"><a href="#summary">back to summary</a></p><h3 id="m19">com.frontierX.TestScripts.FxPremiumUserWorkFlows#VerifyPremiumUserCanDownloadLatestFITFiles ( VerifyPremiumUserCanDownloadLatestFITFiles )</h3><table class="result"><tr><th>Exception</th></tr><tr><td><div class="stacktrace">org.openqa.selenium.NoSuchElementException: no such element: Unable to locate element: {&quot;method&quot;:&quot;partial link text&quot;,&quot;selector&quot;:&quot;Download Fit File&quot;}
  (Session info: chrome=101.0.4951.54)
For documentation on this error, please visit: https://www.seleniumhq.org/exceptions/no_such_element.html
Build info: version: &apos;3.141.59&apos;, revision: &apos;e82be7d358&apos;, time: &apos;2018-11-14T08:25:53&apos;
System info: host: &apos;DESKTOP-LBTBNFA&apos;, ip: &apos;192.168.0.244&apos;, os.name: &apos;Windows 10&apos;, os.arch: &apos;amd64&apos;, os.version: &apos;10.0&apos;, java.version: &apos;17.0.1&apos;
Driver info: org.openqa.selenium.chrome.ChromeDriver
Capabilities {acceptInsecureCerts: false, browserName: chrome, browserVersion: 101.0.4951.54, chrome: {chromedriverVersion: 101.0.4951.41 (93c720db8323..., userDataDir: C:\Users\user\AppData\Local...}, goog:chromeOptions: {debuggerAddress: localhost:54230}, javascriptEnabled: true, networkConnectionEnabled: false, pageLoadStrategy: normal, platform: WINDOWS, platformName: WINDOWS, proxy: Proxy(), setWindowRect: true, strictFileInteractability: false, timeouts: {implicit: 0, pageLoad: 300000, script: 30000}, unhandledPromptBehavior: dismiss and notify, webauthn:extension:credBlob: true, webauthn:extension:largeBlob: true, webauthn:virtualAuthenticators: true}
Session ID: 81dd65babe981094f356f9a2008c6c9c
*** Element info: {Using=partial link text, value=Download Fit File}
	at java.base/jdk.internal.reflect.NativeConstructorAccessorImpl.newInstance0(Native Method)
	at java.base/jdk.internal.reflect.NativeConstructorAccessorImpl.newInstance(NativeConstructorAccessorImpl.java:77)
	at java.base/jdk.internal.reflect.DelegatingConstructorAccessorImpl.newInstance(DelegatingConstructorAccessorImpl.java:45)
	at java.base/java.lang.reflect.Constructor.newInstanceWithCaller(Constructor.java:499)
	at java.base/java.lang.reflect.Constructor.newInstance(Constructor.java:480)
	at org.openqa.selenium.remote.http.W3CHttpResponseCodec.createException(W3CHttpResponseCodec.java:187)
	at org.openqa.selenium.remote.http.W3CHttpResponseCodec.decode(W3CHttpResponseCodec.java:122)
	at org.openqa.selenium.remote.http.W3CHttpResponseCodec.decode(W3CHttpResponseCodec.java:49)
	at org.openqa.selenium.remote.HttpCommandExecutor.execute(HttpCommandExecutor.java:158)
	at org.openqa.selenium.remote.service.DriverCommandExecutor.execute(DriverCommandExecutor.java:83)
	at org.openqa.selenium.remote.RemoteWebDriver.execute(RemoteWebDriver.java:552)
	at org.openqa.selenium.remote.RemoteWebDriver.findElement(RemoteWebDriver.java:323)
	at org.openqa.selenium.remote.RemoteWebDriver.findElementByPartialLinkText(RemoteWebDriver.java:388)
	at org.openqa.selenium.By$ByPartialLinkText.findElement(By.java:250)
	at org.openqa.selenium.remote.RemoteWebDriver.findElement(RemoteWebDriver.java:315)
	at org.openqa.selenium.support.pagefactory.DefaultElementLocator.findElement(DefaultElementLocator.java:69)
	at org.openqa.selenium.support.pagefactory.internal.LocatingElementHandler.invoke(LocatingElementHandler.java:38)
	at jdk.proxy2/jdk.proxy2.$Proxy13.click(Unknown Source)
	at com.frontierX.PageLibRepo.HomePageLib.clickOnDownloadFIT(HomePageLib.java:405)
	at com.frontierX.TestScripts.FxPremiumUserWorkFlows.VerifyPremiumUserCanDownloadLatestFITFiles(FxPremiumUserWorkFlows.java:78)
	at java.base/jdk.internal.reflect.NativeMethodAccessorImpl.invoke0(Native Method)
	at java.base/jdk.internal.reflect.NativeMethodAccessorImpl.invoke(NativeMethodAccessorImpl.java:77)
	at java.base/jdk.internal.reflect.DelegatingMethodAccessorImpl.invoke(DelegatingMethodAccessorImpl.java:43)
	at java.base/java.lang.reflect.Method.invoke(Method.java:568)
	at org.testng.internal.MethodInvocationHelper.invokeMethod(MethodInvocationHelper.java:133)
	at org.testng.internal.TestInvoker.invokeMethod(TestInvoker.java:598)
	at org.testng.internal.TestInvoker.invokeTestMethod(TestInvoker.java:173)
	at org.testng.internal.MethodRunner.runInSequence(MethodRunner.java:46)
	at org.testng.internal.TestInvoker$MethodInvocationAgent.invoke(TestInvoker.java:824)
	at org.testng.internal.TestInvoker.invokeTestMethods(TestInvoker.java:146)
	at org.testng.internal.TestMethodWorker.invokeTestMethods(TestMethodWorker.java:146)
	at org.testng.internal.TestMethodWorker.run(TestMethodWorker.java:128)
	at java.base/java.util.concurrent.ThreadPoolExecutor.runWorker(ThreadPoolExecutor.java:1136)
	at java.base/java.util.concurrent.ThreadPoolExecutor$Worker.run(ThreadPoolExecutor.java:635)
	at java.base/java.lang.Thread.run(Thread.java:833)
</div></td></tr></table><p class="totop"><a href="#summary">back to summary</a></p><h3 id="m20">com.frontierX.TestScripts.FxPremiumUserWorkFlows#VerifyHomePageElements_PremiumUser ( VerifyHomePageElements_PremiumUser )</h3><table class="result"></table><p class="totop"><a href="#summary">back to summary</a></p><h3 id="m21">com.frontierX.TestScripts.FxPremiumUserWorkFlows#VerifyPremiumUsersCanLoginToFxWebApp ( VerifyPremiumUsersCanLoginToFxWebApp )</h3><table class="result"></table><p class="totop"><a href="#summary">back to summary</a></p><h2>WebApp Regression</h2><h3 id="m22">com.frontierX.TestScripts.FxWebApp_Regression#VerifyHealthEntryList ( VerifyHealthEntryList )</h3><table class="result"><tr><th>Exception</th></tr><tr><td><div class="stacktrace">java.lang.AssertionError: expected [Vitals] but found []
	at org.testng.Assert.fail(Assert.java:99)
	at org.testng.Assert.failNotEquals(Assert.java:1037)
	at org.testng.Assert.assertEqualsImpl(Assert.java:140)
	at org.testng.Assert.assertEquals(Assert.java:122)
	at org.testng.Assert.assertEquals(Assert.java:629)
	at org.testng.Assert.assertEquals(Assert.java:639)
	at com.frontierX.PageLibRepo.HomePageLib.VerifyHealthTags(HomePageLib.java:330)
	at com.frontierX.TestScripts.FxWebApp_Regression.VerifyHealthEntryList(FxWebApp_Regression.java:121)
	at java.base/jdk.internal.reflect.NativeMethodAccessorImpl.invoke0(Native Method)
	at java.base/jdk.internal.reflect.NativeMethodAccessorImpl.invoke(NativeMethodAccessorImpl.java:77)
	at java.base/jdk.internal.reflect.DelegatingMethodAccessorImpl.invoke(DelegatingMethodAccessorImpl.java:43)
	at java.base/java.lang.reflect.Method.invoke(Method.java:568)
	at org.testng.internal.MethodInvocationHelper.invokeMethod(MethodInvocationHelper.java:133)
	at org.testng.internal.TestInvoker.invokeMethod(TestInvoker.java:598)
	at org.testng.internal.TestInvoker.invokeTestMethod(TestInvoker.java:173)
	at org.testng.internal.MethodRunner.runInSequence(MethodRunner.java:46)
	at org.testng.internal.TestInvoker$MethodInvocationAgent.invoke(TestInvoker.java:824)
	at org.testng.internal.TestInvoker.invokeTestMethods(TestInvoker.java:146)
	at org.testng.internal.TestMethodWorker.invokeTestMethods(TestMethodWorker.java:146)
	at org.testng.internal.TestMethodWorker.run(TestMethodWorker.java:128)
	at java.base/java.util.ArrayList.forEach(ArrayList.java:1511)
	at org.testng.TestRunner.privateRun(TestRunner.java:794)
	at org.testng.TestRunner.run(TestRunner.java:596)
	at org.testng.SuiteRunner.runTest(SuiteRunner.java:377)
	at org.testng.SuiteRunner.runSequentially(SuiteRunner.java:371)
	at org.testng.SuiteRunner.privateRun(SuiteRunner.java:332)
	at org.testng.SuiteRunner.run(SuiteRunner.java:276)
	at org.testng.SuiteRunnerWorker.runSuite(SuiteRunnerWorker.java:53)
	at org.testng.SuiteRunnerWorker.run(SuiteRunnerWorker.java:96)
	at org.testng.TestNG.runSuitesSequentially(TestNG.java:1212)
	at org.testng.TestNG.runSuitesSequentially(TestNG.java:1207)
	at org.testng.TestNG.runSuitesLocally(TestNG.java:1134)
	at org.testng.TestNG.runSuites(TestNG.java:1063)
	at org.testng.TestNG.run(TestNG.java:1031)
	at org.testng.remote.AbstractRemoteTestNG.run(AbstractRemoteTestNG.java:115)
	at org.testng.remote.RemoteTestNG.initAndRun(RemoteTestNG.java:251)
	at org.testng.remote.RemoteTestNG.main(RemoteTestNG.java:77)
</div></td></tr></table><p class="totop"><a href="#summary">back to summary</a></p><h3 id="m23">com.frontierX.TestScripts.FxWebApp_Regression#downloadOlderFITFiles ( downloadOlderFITFiles )</h3><table class="result"><tr><th>Exception</th></tr><tr><td><div class="stacktrace">org.openqa.selenium.NoSuchElementException: no such element: Unable to locate element: {&quot;method&quot;:&quot;partial link text&quot;,&quot;selector&quot;:&quot;Download Fit File&quot;}
  (Session info: chrome=101.0.4951.54)
For documentation on this error, please visit: https://www.seleniumhq.org/exceptions/no_such_element.html
Build info: version: &apos;3.141.59&apos;, revision: &apos;e82be7d358&apos;, time: &apos;2018-11-14T08:25:53&apos;
System info: host: &apos;DESKTOP-LBTBNFA&apos;, ip: &apos;192.168.0.244&apos;, os.name: &apos;Windows 10&apos;, os.arch: &apos;amd64&apos;, os.version: &apos;10.0&apos;, java.version: &apos;17.0.1&apos;
Driver info: org.openqa.selenium.chrome.ChromeDriver
Capabilities {acceptInsecureCerts: false, browserName: chrome, browserVersion: 101.0.4951.54, chrome: {chromedriverVersion: 101.0.4951.41 (93c720db8323..., userDataDir: C:\Users\user\AppData\Local...}, goog:chromeOptions: {debuggerAddress: localhost:53733}, javascriptEnabled: true, networkConnectionEnabled: false, pageLoadStrategy: normal, platform: WINDOWS, platformName: WINDOWS, proxy: Proxy(), setWindowRect: true, strictFileInteractability: false, timeouts: {implicit: 0, pageLoad: 300000, script: 30000}, unhandledPromptBehavior: dismiss and notify, webauthn:extension:credBlob: true, webauthn:extension:largeBlob: true, webauthn:virtualAuthenticators: true}
Session ID: ba83614722809d0075b8a2ceb787e7bc
*** Element info: {Using=partial link text, value=Download Fit File}
	at java.base/jdk.internal.reflect.NativeConstructorAccessorImpl.newInstance0(Native Method)
	at java.base/jdk.internal.reflect.NativeConstructorAccessorImpl.newInstance(NativeConstructorAccessorImpl.java:77)
	at java.base/jdk.internal.reflect.DelegatingConstructorAccessorImpl.newInstance(DelegatingConstructorAccessorImpl.java:45)
	at java.base/java.lang.reflect.Constructor.newInstanceWithCaller(Constructor.java:499)
	at java.base/java.lang.reflect.Constructor.newInstance(Constructor.java:480)
	at org.openqa.selenium.remote.http.W3CHttpResponseCodec.createException(W3CHttpResponseCodec.java:187)
	at org.openqa.selenium.remote.http.W3CHttpResponseCodec.decode(W3CHttpResponseCodec.java:122)
	at org.openqa.selenium.remote.http.W3CHttpResponseCodec.decode(W3CHttpResponseCodec.java:49)
	at org.openqa.selenium.remote.HttpCommandExecutor.execute(HttpCommandExecutor.java:158)
	at org.openqa.selenium.remote.service.DriverCommandExecutor.execute(DriverCommandExecutor.java:83)
	at org.openqa.selenium.remote.RemoteWebDriver.execute(RemoteWebDriver.java:552)
	at org.openqa.selenium.remote.RemoteWebDriver.findElement(RemoteWebDriver.java:323)
	at org.openqa.selenium.remote.RemoteWebDriver.findElementByPartialLinkText(RemoteWebDriver.java:388)
	at org.openqa.selenium.By$ByPartialLinkText.findElement(By.java:250)
	at org.openqa.selenium.remote.RemoteWebDriver.findElement(RemoteWebDriver.java:315)
	at org.openqa.selenium.support.pagefactory.DefaultElementLocator.findElement(DefaultElementLocator.java:69)
	at org.openqa.selenium.support.pagefactory.internal.LocatingElementHandler.invoke(LocatingElementHandler.java:38)
	at jdk.proxy2/jdk.proxy2.$Proxy13.click(Unknown Source)
	at com.frontierX.PageLibRepo.HomePageLib.clickOnDownloadFIT(HomePageLib.java:405)
	at com.frontierX.TestScripts.FxWebApp_Regression.downloadOlderFITFiles(FxWebApp_Regression.java:168)
	at java.base/jdk.internal.reflect.NativeMethodAccessorImpl.invoke0(Native Method)
	at java.base/jdk.internal.reflect.NativeMethodAccessorImpl.invoke(NativeMethodAccessorImpl.java:77)
	at java.base/jdk.internal.reflect.DelegatingMethodAccessorImpl.invoke(DelegatingMethodAccessorImpl.java:43)
	at java.base/java.lang.reflect.Method.invoke(Method.java:568)
	at org.testng.internal.MethodInvocationHelper.invokeMethod(MethodInvocationHelper.java:133)
	at org.testng.internal.TestInvoker.invokeMethod(TestInvoker.java:598)
	at org.testng.internal.TestInvoker.invokeTestMethod(TestInvoker.java:173)
	at org.testng.internal.MethodRunner.runInSequence(MethodRunner.java:46)
	at org.testng.internal.TestInvoker$MethodInvocationAgent.invoke(TestInvoker.java:824)
	at org.testng.internal.TestInvoker.invokeTestMethods(TestInvoker.java:146)
	at org.testng.internal.TestMethodWorker.invokeTestMethods(TestMethodWorker.java:146)
	at org.testng.internal.TestMethodWorker.run(TestMethodWorker.java:128)
	at java.base/java.util.ArrayList.forEach(ArrayList.java:1511)
	at org.testng.TestRunner.privateRun(TestRunner.java:794)
	at org.testng.TestRunner.run(TestRunner.java:596)
	at org.testng.SuiteRunner.runTest(SuiteRunner.java:377)
	at org.testng.SuiteRunner.runSequentially(SuiteRunner.java:371)
	at org.testng.SuiteRunner.privateRun(SuiteRunner.java:332)
	at org.testng.SuiteRunner.run(SuiteRunner.java:276)
	at org.testng.SuiteRunnerWorker.runSuite(SuiteRunnerWorker.java:53)
	at org.testng.SuiteRunnerWorker.run(SuiteRunnerWorker.java:96)
	at org.testng.TestNG.runSuitesSequentially(TestNG.java:1212)
	at org.testng.TestNG.runSuitesSequentially(TestNG.java:1207)
	at org.testng.TestNG.runSuitesLocally(TestNG.java:1134)
	at org.testng.TestNG.runSuites(TestNG.java:1063)
	at org.testng.TestNG.run(TestNG.java:1031)
	at org.testng.remote.AbstractRemoteTestNG.run(AbstractRemoteTestNG.java:115)
	at org.testng.remote.RemoteTestNG.initAndRun(RemoteTestNG.java:251)
	at org.testng.remote.RemoteTestNG.main(RemoteTestNG.java:77)
</div></td></tr></table><p class="totop"><a href="#summary">back to summary</a></p><h3 id="m24">com.frontierX.TestScripts.FxWebApp_Regression#VerifyHealthEntryAddedAndDeleted ( VerifyHealthEntryAddedAndDeleted )</h3><table class="result"></table><p class="totop"><a href="#summary">back to summary</a></p><h3 id="m25">com.frontierX.TestScripts.FxWebApp_Regression#VerifyHomePageElements_RegularUser ( VerifyHomePageElements_RegularUser )</h3><table class="result"></table><p class="totop"><a href="#summary">back to summary</a></p><h3 id="m26">com.frontierX.TestScripts.FxWebApp_Regression#VerifyIncorrectPasswordMsgDisplays ( VerifyIncorrectPasswordMsgDisplays )</h3><table class="result"></table><p class="totop"><a href="#summary">back to summary</a></p><h3 id="m27">com.frontierX.TestScripts.FxWebApp_Regression#VerifyUserCanLoginToFxWebApp ( VerifyUserCanLoginToFxWebApp )</h3><table class="result"></table><p class="totop"><a href="#summary">back to summary</a></p><h3 id="m28">com.frontierX.TestScripts.FxWebApp_Regression#VerifyUserNotFoundErrorMsg ( VerifyUserNotFoundErrorMsg )</h3><table class="result"></table><p class="totop"><a href="#summary">back to summary</a></p></body></html>