<?xml version="1.0" encoding="UTF-8"?>
<!-- Generated by org.testng.reporters.JUnitXMLReporter -->
<testsuite ignored="0" hostname="LAPTOP-A8R11QPA" failures="5" tests="12" name="Smoke Tests - Doctor Prespective" time="347.433" errors="0" timestamp="2021-12-23T10:24:04 IST">
  <testcase classname="com.frontierX.TestScripts.DeleteActivity" name="deleteActivity" time="43.538"/>
  <testcase classname="com.frontierX.TestScripts.DownloadCSV" name="downloadCSV" time="39.892">
    <failure type="java.lang.AssertionError" message="CSV File option is unavailable to download for doctor user">
      <![CDATA[java.lang.AssertionError: CSV File option is unavailable to download for doctor user
at com.frontierX.TestScripts.DownloadCSV.downloadCSV(DownloadCSV.java:78)
at java.base/java.util.ArrayList.forEach(ArrayList.java:1511)
... Removed 28 stack frames]]>
    </failure>
  </testcase> <!-- downloadCSV -->
  <testcase classname="com.frontierX.TestScripts.DownloadFIT" name="downloadFIT" time="15.711"/>
  <testcase classname="com.frontierX.TestScripts.DownloadZIP" name="downloadZIP" time="41.145">
    <failure type="java.lang.AssertionError" message="ZIP File option is unavailable to download for doctor user">
      <![CDATA[java.lang.AssertionError: ZIP File option is unavailable to download for doctor user
at com.frontierX.TestScripts.DownloadZIP.downloadZIP(DownloadZIP.java:80)
at java.base/java.util.ArrayList.forEach(ArrayList.java:1511)
... Removed 28 stack frames]]>
    </failure>
  </testcase> <!-- downloadZIP -->
  <testcase classname="com.frontierX.TestScripts.EditActivity" name="editActivity" time="40.924">
    <failure type="java.lang.AssertionError" message="Activity not present in order to edit">
      <![CDATA[java.lang.AssertionError: Activity not present in order to edit
at com.frontierX.TestScripts.EditActivity.editActivity(EditActivity.java:89)
at java.base/java.util.ArrayList.forEach(ArrayList.java:1511)
... Removed 28 stack frames]]>
    </failure>
  </testcase> <!-- editActivity -->
  <testcase classname="com.frontierX.TestScripts.GenerateECGPDF" name="generateECGPDF" time="24.109">
    <failure type="org.openqa.selenium.NoSuchElementException" message="no such element: Unable to locate element: {&amp;quot;method&amp;quot;:&amp;quot;xpath&amp;quot;,&amp;quot;selector&amp;quot;:&amp;quot;//img[@src=&amp;apos;/images/Dropdown_change.png?1954b4fed9b0b4f0befe41fc6c9f36fb&amp;apos;]&amp;quot;}
  (Session info: chrome=96.0.4664.110)
For documentation on this error, please visit: https://www.seleniumhq.org/exceptions/no_such_element.html
Build info: version: &amp;apos;3.141.59&amp;apos;, revision: &amp;apos;e82be7d358&amp;apos;, time: &amp;apos;2018-11-14T08:25:53&amp;apos;
System info: host: &amp;apos;LAPTOP-A8R11QPA&amp;apos;, ip: &amp;apos;192.168.0.243&amp;apos;, os.name: &amp;apos;Windows 10&amp;apos;, os.arch: &amp;apos;amd64&amp;apos;, os.version: &amp;apos;10.0&amp;apos;, java.version: &amp;apos;17.0.1&amp;apos;
Driver info: org.openqa.selenium.chrome.ChromeDriver
Capabilities {acceptInsecureCerts: false, browserName: chrome, browserVersion: 96.0.4664.110, chrome: {chromedriverVersion: 96.0.4664.45 (76e4c1bb2ab46..., userDataDir: C:\Users\ravik\AppData\Loca...}, goog:chromeOptions: {debuggerAddress: localhost:59389}, javascriptEnabled: true, networkConnectionEnabled: false, pageLoadStrategy: normal, platform: WINDOWS, platformName: WINDOWS, proxy: Proxy(), setWindowRect: true, strictFileInteractability: false, timeouts: {implicit: 0, pageLoad: 300000, script: 30000}, unhandledPromptBehavior: dismiss and notify, webauthn:extension:credBlob: true, webauthn:extension:largeBlob: true, webauthn:virtualAuthenticators: true}
Session ID: 6c288db1b939ed2986ddd389b299be28
*** Element info: {Using=xpath, value=//img[@src=&amp;apos;/images/Dropdown_change.png?1954b4fed9b0b4f0befe41fc6c9f36fb&amp;apos;]}">
      <![CDATA[org.openqa.selenium.NoSuchElementException: no such element: Unable to locate element: {"method":"xpath","selector":"//img[@src='/images/Dropdown_change.png?1954b4fed9b0b4f0befe41fc6c9f36fb']"}
  (Session info: chrome=96.0.4664.110)
For documentation on this error, please visit: https://www.seleniumhq.org/exceptions/no_such_element.html
Build info: version: '3.141.59', revision: 'e82be7d358', time: '2018-11-14T08:25:53'
System info: host: 'LAPTOP-A8R11QPA', ip: '192.168.0.243', os.name: 'Windows 10', os.arch: 'amd64', os.version: '10.0', java.version: '17.0.1'
Driver info: org.openqa.selenium.chrome.ChromeDriver
Capabilities {acceptInsecureCerts: false, browserName: chrome, browserVersion: 96.0.4664.110, chrome: {chromedriverVersion: 96.0.4664.45 (76e4c1bb2ab46..., userDataDir: C:\Users\ravik\AppData\Loca...}, goog:chromeOptions: {debuggerAddress: localhost:59389}, javascriptEnabled: true, networkConnectionEnabled: false, pageLoadStrategy: normal, platform: WINDOWS, platformName: WINDOWS, proxy: Proxy(), setWindowRect: true, strictFileInteractability: false, timeouts: {implicit: 0, pageLoad: 300000, script: 30000}, unhandledPromptBehavior: dismiss and notify, webauthn:extension:credBlob: true, webauthn:extension:largeBlob: true, webauthn:virtualAuthenticators: true}
Session ID: 6c288db1b939ed2986ddd389b299be28
*** Element info: {Using=xpath, value=//img[@src='/images/Dropdown_change.png?1954b4fed9b0b4f0befe41fc6c9f36fb']}
at org.openqa.selenium.remote.http.W3CHttpResponseCodec.createException(W3CHttpResponseCodec.java:187)
at org.openqa.selenium.remote.http.W3CHttpResponseCodec.decode(W3CHttpResponseCodec.java:122)
at org.openqa.selenium.remote.http.W3CHttpResponseCodec.decode(W3CHttpResponseCodec.java:49)
at org.openqa.selenium.remote.HttpCommandExecutor.execute(HttpCommandExecutor.java:158)
at org.openqa.selenium.remote.service.DriverCommandExecutor.execute(DriverCommandExecutor.java:83)
at org.openqa.selenium.remote.RemoteWebDriver.execute(RemoteWebDriver.java:552)
at org.openqa.selenium.remote.RemoteWebDriver.findElement(RemoteWebDriver.java:323)
at org.openqa.selenium.remote.RemoteWebDriver.findElementByXPath(RemoteWebDriver.java:428)
at org.openqa.selenium.By$ByXPath.findElement(By.java:353)
at org.openqa.selenium.remote.RemoteWebDriver.findElement(RemoteWebDriver.java:315)
at org.openqa.selenium.support.pagefactory.DefaultElementLocator.findElement(DefaultElementLocator.java:69)
at org.openqa.selenium.support.pagefactory.internal.LocatingElementHandler.invoke(LocatingElementHandler.java:38)
at jdk.proxy2/jdk.proxy2.$Proxy11.click(Unknown Source)
at com.frontierX.PageObjectRepo.HomePage.clickOnActivityButton(HomePage.java:89)
at com.frontierX.TestScripts.GenerateECGPDF.generateECGPDF(GenerateECGPDF.java:72)
at java.base/java.util.ArrayList.forEach(ArrayList.java:1511)
... Removed 32 stack frames]]>
    </failure>
  </testcase> <!-- generateECGPDF -->
  <testcase classname="com.frontierX.TestScripts.LiveECGs" name="liveECG" time="45.964">
    <failure type="java.lang.AssertionError" message="Live ECGs is not authorised for doctor user">
      <![CDATA[java.lang.AssertionError: Live ECGs is not authorised for doctor user
at com.frontierX.TestScripts.LiveECGs.liveECG(LiveECGs.java:77)
at java.base/java.util.ArrayList.forEach(ArrayList.java:1511)
... Removed 28 stack frames]]>
    </failure>
  </testcase> <!-- liveECG -->
  <testcase classname="com.frontierX.TestScripts.LiveUserDashboard" name="liveUserDashboard" time="19.807"/>
  <testcase classname="com.frontierX.TestScripts.TestHomePageActions" name="testHomePageActions" time="22.936"/>
  <testcase classname="com.frontierX.TestScripts.TrainingLoad" name="trainingLoad" time="21.755"/>
  <testcase classname="com.frontierX.TestScripts.UserType" name="testHomePageActions" time="15.346"/>
  <testcase classname="com.frontierX.TestScripts.ValidInvalidLoginCreds" name="loginCredentials" time="16.258"/>
</testsuite> <!-- Smoke Tests - Doctor Prespective -->
