<?xml version="1.0" encoding="UTF-8"?>
<!-- Generated by org.testng.reporters.JUnitXMLReporter -->
<testsuite ignored="0" hostname="DESKTOP-LBTBNFA" failures="12" tests="12" name="Smoke Tests - Premium user Prespective" time="47.229" errors="0" timestamp="2021-12-27T14:00:09 IST">
  <testcase classname="com.frontierX.TestScripts.DeleteActivity" name="deleteActivity" time="5.4">
    <failure type="java.lang.NoSuchMethodError" message="&amp;apos;void org.openqa.selenium.support.PageFactory.initElements(org.openqa.selenium.SearchContext, java.lang.Object)&amp;apos;">
      <![CDATA[java.lang.NoSuchMethodError: 'void org.openqa.selenium.support.PageFactory.initElements(org.openqa.selenium.SearchContext, java.lang.Object)'
at com.frontierX.PageObjectRepo.BasePage.<init>(BasePage.java:14)
at com.frontierX.PageObjectRepo.LoginPage.<init>(LoginPage.java:28)
at com.frontierX.TestScripts.DeleteActivity.deleteActivity(DeleteActivity.java:51)
at java.base/java.util.ArrayList.forEach(ArrayList.java:1511)
... Removed 27 stack frames]]>
    </failure>
  </testcase> <!-- deleteActivity -->
  <testcase classname="com.frontierX.TestScripts.DownloadCSV" name="downloadCSV" time="3.654">
    <failure type="java.lang.NoSuchMethodError" message="&amp;apos;void org.openqa.selenium.support.PageFactory.initElements(org.openqa.selenium.SearchContext, java.lang.Object)&amp;apos;">
      <![CDATA[java.lang.NoSuchMethodError: 'void org.openqa.selenium.support.PageFactory.initElements(org.openqa.selenium.SearchContext, java.lang.Object)'
at com.frontierX.PageObjectRepo.BasePage.<init>(BasePage.java:14)
at com.frontierX.PageObjectRepo.LoginPage.<init>(LoginPage.java:28)
at com.frontierX.TestScripts.DownloadCSV.downloadCSV(DownloadCSV.java:42)
at java.base/java.util.ArrayList.forEach(ArrayList.java:1511)
... Removed 27 stack frames]]>
    </failure>
  </testcase> <!-- downloadCSV -->
  <testcase classname="com.frontierX.TestScripts.DownloadFIT" name="downloadFIT" time="3.703">
    <failure type="java.lang.NoSuchMethodError" message="&amp;apos;void org.openqa.selenium.support.PageFactory.initElements(org.openqa.selenium.SearchContext, java.lang.Object)&amp;apos;">
      <![CDATA[java.lang.NoSuchMethodError: 'void org.openqa.selenium.support.PageFactory.initElements(org.openqa.selenium.SearchContext, java.lang.Object)'
at com.frontierX.PageObjectRepo.BasePage.<init>(BasePage.java:14)
at com.frontierX.PageObjectRepo.LoginPage.<init>(LoginPage.java:28)
at com.frontierX.TestScripts.DownloadFIT.downloadFIT(DownloadFIT.java:40)
at java.base/java.util.ArrayList.forEach(ArrayList.java:1511)
... Removed 27 stack frames]]>
    </failure>
  </testcase> <!-- downloadFIT -->
  <testcase classname="com.frontierX.TestScripts.DownloadZIP" name="downloadZIP" time="3.639">
    <failure type="java.lang.NoSuchMethodError" message="&amp;apos;void org.openqa.selenium.support.PageFactory.initElements(org.openqa.selenium.SearchContext, java.lang.Object)&amp;apos;">
      <![CDATA[java.lang.NoSuchMethodError: 'void org.openqa.selenium.support.PageFactory.initElements(org.openqa.selenium.SearchContext, java.lang.Object)'
at com.frontierX.PageObjectRepo.BasePage.<init>(BasePage.java:14)
at com.frontierX.PageObjectRepo.LoginPage.<init>(LoginPage.java:28)
at com.frontierX.TestScripts.DownloadZIP.downloadZIP(DownloadZIP.java:44)
at java.base/java.util.ArrayList.forEach(ArrayList.java:1511)
... Removed 27 stack frames]]>
    </failure>
  </testcase> <!-- downloadZIP -->
  <testcase classname="com.frontierX.TestScripts.EditActivity" name="editActivity" time="3.64">
    <failure type="java.lang.NoSuchMethodError" message="&amp;apos;void org.openqa.selenium.support.PageFactory.initElements(org.openqa.selenium.SearchContext, java.lang.Object)&amp;apos;">
      <![CDATA[java.lang.NoSuchMethodError: 'void org.openqa.selenium.support.PageFactory.initElements(org.openqa.selenium.SearchContext, java.lang.Object)'
at com.frontierX.PageObjectRepo.BasePage.<init>(BasePage.java:14)
at com.frontierX.PageObjectRepo.LoginPage.<init>(LoginPage.java:28)
at com.frontierX.TestScripts.EditActivity.editActivity(EditActivity.java:50)
at java.base/java.util.ArrayList.forEach(ArrayList.java:1511)
... Removed 27 stack frames]]>
    </failure>
  </testcase> <!-- editActivity -->
  <testcase classname="com.frontierX.TestScripts.GenerateECGPDF" name="generateECGPDF" time="3.691">
    <failure type="java.lang.NoSuchMethodError" message="&amp;apos;void org.openqa.selenium.support.PageFactory.initElements(org.openqa.selenium.SearchContext, java.lang.Object)&amp;apos;">
      <![CDATA[java.lang.NoSuchMethodError: 'void org.openqa.selenium.support.PageFactory.initElements(org.openqa.selenium.SearchContext, java.lang.Object)'
at com.frontierX.PageObjectRepo.BasePage.<init>(BasePage.java:14)
at com.frontierX.PageObjectRepo.LoginPage.<init>(LoginPage.java:28)
at com.frontierX.TestScripts.GenerateECGPDF.generateECGPDF(GenerateECGPDF.java:44)
at java.base/java.util.ArrayList.forEach(ArrayList.java:1511)
... Removed 27 stack frames]]>
    </failure>
  </testcase> <!-- generateECGPDF -->
  <testcase classname="com.frontierX.TestScripts.LiveECGs" name="liveECG" time="4.535">
    <failure type="java.lang.NoSuchMethodError" message="&amp;apos;void org.openqa.selenium.support.PageFactory.initElements(org.openqa.selenium.SearchContext, java.lang.Object)&amp;apos;">
      <![CDATA[java.lang.NoSuchMethodError: 'void org.openqa.selenium.support.PageFactory.initElements(org.openqa.selenium.SearchContext, java.lang.Object)'
at com.frontierX.PageObjectRepo.BasePage.<init>(BasePage.java:14)
at com.frontierX.PageObjectRepo.LoginPage.<init>(LoginPage.java:28)
at com.frontierX.TestScripts.LiveECGs.liveECG(LiveECGs.java:46)
at java.base/java.util.ArrayList.forEach(ArrayList.java:1511)
... Removed 27 stack frames]]>
    </failure>
  </testcase> <!-- liveECG -->
  <testcase classname="com.frontierX.TestScripts.LiveUserDashboard" name="liveUserDashboard" time="3.888">
    <failure type="java.lang.NoSuchMethodError" message="&amp;apos;void org.openqa.selenium.support.PageFactory.initElements(org.openqa.selenium.SearchContext, java.lang.Object)&amp;apos;">
      <![CDATA[java.lang.NoSuchMethodError: 'void org.openqa.selenium.support.PageFactory.initElements(org.openqa.selenium.SearchContext, java.lang.Object)'
at com.frontierX.PageObjectRepo.BasePage.<init>(BasePage.java:14)
at com.frontierX.PageObjectRepo.LoginPage.<init>(LoginPage.java:28)
at com.frontierX.TestScripts.LiveUserDashboard.liveUserDashboard(LiveUserDashboard.java:46)
at java.base/java.util.ArrayList.forEach(ArrayList.java:1511)
... Removed 27 stack frames]]>
    </failure>
  </testcase> <!-- liveUserDashboard -->
  <testcase classname="com.frontierX.TestScripts.TestHomePageActions" name="testHomePageActions" time="3.747">
    <failure type="java.lang.NoSuchMethodError" message="&amp;apos;void org.openqa.selenium.support.PageFactory.initElements(org.openqa.selenium.SearchContext, java.lang.Object)&amp;apos;">
      <![CDATA[java.lang.NoSuchMethodError: 'void org.openqa.selenium.support.PageFactory.initElements(org.openqa.selenium.SearchContext, java.lang.Object)'
at com.frontierX.PageObjectRepo.BasePage.<init>(BasePage.java:14)
at com.frontierX.PageObjectRepo.LoginPage.<init>(LoginPage.java:28)
at com.frontierX.TestScripts.TestHomePageActions.testHomePageActions(TestHomePageActions.java:46)
at java.base/java.util.ArrayList.forEach(ArrayList.java:1511)
... Removed 27 stack frames]]>
    </failure>
  </testcase> <!-- testHomePageActions -->
  <testcase classname="com.frontierX.TestScripts.TrainingLoad" name="trainingLoad" time="3.776">
    <failure type="java.lang.NoSuchMethodError" message="&amp;apos;void org.openqa.selenium.support.PageFactory.initElements(org.openqa.selenium.SearchContext, java.lang.Object)&amp;apos;">
      <![CDATA[java.lang.NoSuchMethodError: 'void org.openqa.selenium.support.PageFactory.initElements(org.openqa.selenium.SearchContext, java.lang.Object)'
at com.frontierX.PageObjectRepo.BasePage.<init>(BasePage.java:14)
at com.frontierX.PageObjectRepo.LoginPage.<init>(LoginPage.java:28)
at com.frontierX.TestScripts.TrainingLoad.trainingLoad(TrainingLoad.java:48)
at java.base/java.util.ArrayList.forEach(ArrayList.java:1511)
... Removed 27 stack frames]]>
    </failure>
  </testcase> <!-- trainingLoad -->
  <testcase classname="com.frontierX.TestScripts.UserType" name="testHomePageActions" time="3.757">
    <failure type="java.lang.NoSuchMethodError" message="&amp;apos;void org.openqa.selenium.support.PageFactory.initElements(org.openqa.selenium.SearchContext, java.lang.Object)&amp;apos;">
      <![CDATA[java.lang.NoSuchMethodError: 'void org.openqa.selenium.support.PageFactory.initElements(org.openqa.selenium.SearchContext, java.lang.Object)'
at com.frontierX.PageObjectRepo.BasePage.<init>(BasePage.java:14)
at com.frontierX.PageObjectRepo.LoginPage.<init>(LoginPage.java:28)
at com.frontierX.TestScripts.UserType.testHomePageActions(UserType.java:46)
at java.base/java.util.ArrayList.forEach(ArrayList.java:1511)
... Removed 27 stack frames]]>
    </failure>
  </testcase> <!-- testHomePageActions -->
  <testcase classname="com.frontierX.TestScripts.ValidInvalidLoginCreds" name="loginCredentials" time="3.75">
    <failure type="java.lang.NoSuchMethodError" message="&amp;apos;void org.openqa.selenium.support.PageFactory.initElements(org.openqa.selenium.SearchContext, java.lang.Object)&amp;apos;">
      <![CDATA[java.lang.NoSuchMethodError: 'void org.openqa.selenium.support.PageFactory.initElements(org.openqa.selenium.SearchContext, java.lang.Object)'
at com.frontierX.PageObjectRepo.BasePage.<init>(BasePage.java:14)
at com.frontierX.PageObjectRepo.LoginPage.<init>(LoginPage.java:28)
at com.frontierX.TestScripts.ValidInvalidLoginCreds.loginCredentials(ValidInvalidLoginCreds.java:42)
at java.base/java.util.ArrayList.forEach(ArrayList.java:1511)
... Removed 27 stack frames]]>
    </failure>
  </testcase> <!-- loginCredentials -->
</testsuite> <!-- Smoke Tests - Premium user Prespective -->
